Log file open, 01/21/17 07:05:51
LogInit:Display: Running engine for game: GlobalGameJam2017
LogPlatformFile: Not using cached read wrapper
LogInit:Display: RandInit(1444204734) SRandInit(1444204734).
LogTaskGraph: Started task graph with 5 named threads and 8 total threads with 1 sets of task threads.
LogStats: Stats thread started at 0.073763
LogPluginManager: Loaded Plugin Paper2D, From C:/Program Files (x86)/Epic Games/4.14/Engine/Plugins/2D/Paper2D/Paper2D.uplugin
LogPluginManager: Loaded Plugin LightPropagationVolume, From C:/Program Files (x86)/Epic Games/4.14/Engine/Plugins/Blendables/LightPropagationVolume/LightPropagationVolume.uplugin
LogPluginManager: Loaded Plugin BlankPlugin, From C:/Program Files (x86)/Epic Games/4.14/Engine/Plugins/Developer/BlankPlugin/BlankPlugin.uplugin
LogPluginManager: Loaded Plugin CodeLiteSourceCodeAccess, From C:/Program Files (x86)/Epic Games/4.14/Engine/Plugins/Developer/CodeLiteSourceCodeAccess/CodeLiteSourceCodeAccess.uplugin
LogPluginManager: Loaded Plugin GitSourceControl, From C:/Program Files (x86)/Epic Games/4.14/Engine/Plugins/Developer/GitSourceControl/GitSourceControl.uplugin
LogPluginManager: Loaded Plugin KDevelopSourceCodeAccess, From C:/Program Files (x86)/Epic Games/4.14/Engine/Plugins/Developer/KDevelopSourceCodeAccess/KDevelopSourceCodeAccess.uplugin
LogPluginManager: Loaded Plugin NullSourceCodeAccess, From C:/Program Files (x86)/Epic Games/4.14/Engine/Plugins/Developer/NullSourceCodeAccess/NullSourceCodeAccess.uplugin
LogPluginManager: Loaded Plugin OneSkyLocalizationService, From C:/Program Files (x86)/Epic Games/4.14/Engine/Plugins/Developer/OneSkyLocalizationService/OneSkyLocalizationService.uplugin
LogPluginManager: Loaded Plugin PerforceSourceControl, From C:/Program Files (x86)/Epic Games/4.14/Engine/Plugins/Developer/PerforceSourceControl/PerforceSourceControl.uplugin
LogPluginManager: Loaded Plugin SubversionSourceControl, From C:/Program Files (x86)/Epic Games/4.14/Engine/Plugins/Developer/SubversionSourceControl/SubversionSourceControl.uplugin
LogPluginManager: Loaded Plugin UObjectPlugin, From C:/Program Files (x86)/Epic Games/4.14/Engine/Plugins/Developer/UObjectPlugin/UObjectPlugin.uplugin
LogPluginManager: Loaded Plugin VisualStudioSourceCodeAccess, From C:/Program Files (x86)/Epic Games/4.14/Engine/Plugins/Developer/VisualStudioSourceCodeAccess/VisualStudioSourceCodeAccess.uplugin
LogPluginManager: Loaded Plugin XCodeSourceCodeAccess, From C:/Program Files (x86)/Epic Games/4.14/Engine/Plugins/Developer/XCodeSourceCodeAccess/XCodeSourceCodeAccess.uplugin
LogPluginManager: Loaded Plugin AudioCapture, From C:/Program Files (x86)/Epic Games/4.14/Engine/Plugins/Editor/AudioCapture/AudioCapture.uplugin
LogPluginManager: Loaded Plugin EpicSurvey, From C:/Program Files (x86)/Epic Games/4.14/Engine/Plugins/Editor/EpicSurvey/EpicSurvey.uplugin
LogPluginManager: Loaded Plugin MacGraphicsSwitching, From C:/Program Files (x86)/Epic Games/4.14/Engine/Plugins/Editor/MacGraphicsSwitching/MacGraphicsSwitching.uplugin
LogPluginManager: Loaded Plugin MobileLauncherProfileWizard, From C:/Program Files (x86)/Epic Games/4.14/Engine/Plugins/Editor/MobileLauncherProfileWizard/MobileLauncherProfileWizard.uplugin
LogPluginManager: Loaded Plugin PluginBrowser, From C:/Program Files (x86)/Epic Games/4.14/Engine/Plugins/Editor/PluginBrowser/PluginBrowser.uplugin
LogPluginManager: Loaded Plugin SpeedTreeImporter, From C:/Program Files (x86)/Epic Games/4.14/Engine/Plugins/Editor/SpeedTreeImporter/SpeedTreeImporter.uplugin
LogPluginManager: Loaded Plugin SuperSearchEditor, From C:/Program Files (x86)/Epic Games/4.14/Engine/Plugins/Editor/SuperSearchEditor/SuperSearchEditor.uplugin
LogPluginManager: Loaded Plugin AlembicImporter, From C:/Program Files (x86)/Epic Games/4.14/Engine/Plugins/Experimental/AlembicImporter/AlembicImporter.uplugin
LogPluginManager: Loaded Plugin BlueprintStats, From C:/Program Files (x86)/Epic Games/4.14/Engine/Plugins/Experimental/BlueprintStats/BlueprintStats.uplugin
LogPluginManager: Loaded Plugin CharacterAI, From C:/Program Files (x86)/Epic Games/4.14/Engine/Plugins/Experimental/CharacterAI/CharacterAI.uplugin
LogPluginManager: Loaded Plugin CodeEditor, From C:/Program Files (x86)/Epic Games/4.14/Engine/Plugins/Experimental/CodeEditor/CodeEditor.uplugin
LogPluginManager: Loaded Plugin CodeView, From C:/Program Files (x86)/Epic Games/4.14/Engine/Plugins/Experimental/CodeView/CodeView.uplugin
LogPluginManager: Loaded Plugin HTML5Networking, From C:/Program Files (x86)/Epic Games/4.14/Engine/Plugins/Experimental/HTML5Networking/HTML5Networking.uplugin
LogPluginManager: Loaded Plugin OSVR, From C:/Program Files (x86)/Epic Games/4.14/Engine/Plugins/Experimental/OSVR/OSVR.uplugin
LogPluginManager: Loaded Plugin Phya, From C:/Program Files (x86)/Epic Games/4.14/Engine/Plugins/Experimental/Phya/Phya.uplugin
LogPluginManager: Loaded Plugin SignificanceManager, From C:/Program Files (x86)/Epic Games/4.14/Engine/Plugins/Experimental/SignificanceManager/SignificanceManager.uplugin
LogPluginManager: Loaded Plugin SimpleHMD, From C:/Program Files (x86)/Epic Games/4.14/Engine/Plugins/Experimental/SimpleHMD/SimpleHMD.uplugin
LogPluginManager: Loaded Plugin StereoPanorama, From C:/Program Files (x86)/Epic Games/4.14/Engine/Plugins/Experimental/StereoPanorama/StereoPanorama.uplugin
LogPluginManager: Loaded Plugin StructBox, From C:/Program Files (x86)/Epic Games/4.14/Engine/Plugins/Experimental/StructBox/StructBox.uplugin
LogPluginManager: Loaded Plugin AndroidMedia, From C:/Program Files (x86)/Epic Games/4.14/Engine/Plugins/Media/AndroidMedia/AndroidMedia.uplugin
LogPluginManager: Loaded Plugin AvfMedia, From C:/Program Files (x86)/Epic Games/4.14/Engine/Plugins/Media/AvfMedia/AvfMedia.uplugin
LogPluginManager: Loaded Plugin MediaPlayerEditor, From C:/Program Files (x86)/Epic Games/4.14/Engine/Plugins/Media/MediaPlayerEditor/MediaPlayerEditor.uplugin
LogPluginManager: Loaded Plugin WmfMedia, From C:/Program Files (x86)/Epic Games/4.14/Engine/Plugins/Media/WmfMedia/WmfMedia.uplugin
LogPluginManager: Loaded Plugin MessagingDebugger, From C:/Program Files (x86)/Epic Games/4.14/Engine/Plugins/Messaging/MessagingDebugger/MessagingDebugger.uplugin
LogPluginManager: Loaded Plugin TcpMessaging, From C:/Program Files (x86)/Epic Games/4.14/Engine/Plugins/Messaging/TcpMessaging/TcpMessaging.uplugin
LogPluginManager: Loaded Plugin UdpMessaging, From C:/Program Files (x86)/Epic Games/4.14/Engine/Plugins/Messaging/UdpMessaging/UdpMessaging.uplugin
LogPluginManager: Loaded Plugin LevelSequenceEditor, From C:/Program Files (x86)/Epic Games/4.14/Engine/Plugins/MovieScene/LevelSequenceEditor/LevelSequenceEditor.uplugin
LogPluginManager: Loaded Plugin MatineeToLevelSequence, From C:/Program Files (x86)/Epic Games/4.14/Engine/Plugins/MovieScene/MatineeToLevelSequence/MatineeToLevelSequence.uplugin
LogPluginManager: Loaded Plugin NetcodeUnitTest, From C:/Program Files (x86)/Epic Games/4.14/Engine/Plugins/NetcodeUnitTest/NetcodeUnitTest/NetcodeUnitTest.uplugin
LogPluginManager: Loaded Plugin NUTUnrealEngine4, From C:/Program Files (x86)/Epic Games/4.14/Engine/Plugins/NetcodeUnitTest/NUTUnrealEngine4/NUTUnrealEngine4.uplugin
LogPluginManager: Loaded Plugin OnlineSubsystemGameCircle, From C:/Program Files (x86)/Epic Games/4.14/Engine/Plugins/Online/Android/OnlineSubsystemGameCircle/OnlineSubsystemGameCircle.uplugin
LogPluginManager: Loaded Plugin OnlineSubsystemGooglePlay, From C:/Program Files (x86)/Epic Games/4.14/Engine/Plugins/Online/Android/OnlineSubsystemGooglePlay/OnlineSubsystemGooglePlay.uplugin
LogPluginManager: Loaded Plugin OnlineSubsystemIOS, From C:/Program Files (x86)/Epic Games/4.14/Engine/Plugins/Online/IOS/OnlineSubsystemIOS/OnlineSubsystemIOS.uplugin
LogPluginManager: Loaded Plugin OnlineFramework, From C:/Program Files (x86)/Epic Games/4.14/Engine/Plugins/Online/OnlineFramework/OnlineFramework.uplugin
LogPluginManager: Loaded Plugin OnlineSubsystem, From C:/Program Files (x86)/Epic Games/4.14/Engine/Plugins/Online/OnlineSubsystem/OnlineSubsystem.uplugin
LogPluginManager: Loaded Plugin OnlineSubsystemAmazon, From C:/Program Files (x86)/Epic Games/4.14/Engine/Plugins/Online/OnlineSubsystemAmazon/OnlineSubsystemAmazon.uplugin
LogPluginManager: Loaded Plugin OnlineSubsystemFacebook, From C:/Program Files (x86)/Epic Games/4.14/Engine/Plugins/Online/OnlineSubsystemFacebook/OnlineSubsystemFacebook.uplugin
LogPluginManager: Loaded Plugin OnlineSubsystemNull, From C:/Program Files (x86)/Epic Games/4.14/Engine/Plugins/Online/OnlineSubsystemNull/OnlineSubsystemNull.uplugin
LogPluginManager: Loaded Plugin OnlineSubsystemOculus, From C:/Program Files (x86)/Epic Games/4.14/Engine/Plugins/Online/OnlineSubsystemOculus/OnlineSubsystemOculus.uplugin
LogPluginManager: Loaded Plugin OnlineSubsystemSteam, From C:/Program Files (x86)/Epic Games/4.14/Engine/Plugins/Online/OnlineSubsystemSteam/OnlineSubsystemSteam.uplugin
LogPluginManager: Loaded Plugin OnlineSubsystemUtils, From C:/Program Files (x86)/Epic Games/4.14/Engine/Plugins/Online/OnlineSubsystemUtils/OnlineSubsystemUtils.uplugin
LogPluginManager: Loaded Plugin IOSTapJoy, From C:/Program Files (x86)/Epic Games/4.14/Engine/Plugins/Runtime/Advertising/IOSTapJoy/IOSTapJoy.uplugin
LogPluginManager: Loaded Plugin AnalyticsBlueprintLibrary, From C:/Program Files (x86)/Epic Games/4.14/Engine/Plugins/Runtime/Analytics/AnalyticsBlueprintLibrary/AnalyticsBlueprintLibrary.uplugin
LogPluginManager: Loaded Plugin AnalyticsMulticast, From C:/Program Files (x86)/Epic Games/4.14/Engine/Plugins/Runtime/Analytics/AnalyticsMulticast/AnalyticsMulticast.uplugin
LogPluginManager: Loaded Plugin Apsalar, From C:/Program Files (x86)/Epic Games/4.14/Engine/Plugins/Runtime/Analytics/Apsalar/Apsalar.uplugin
LogPluginManager: Loaded Plugin FileLogging, From C:/Program Files (x86)/Epic Games/4.14/Engine/Plugins/Runtime/Analytics/FileLogging/FileLogging.uplugin
LogPluginManager: Loaded Plugin Flurry, From C:/Program Files (x86)/Epic Games/4.14/Engine/Plugins/Runtime/Analytics/Flurry/Flurry.uplugin
LogPluginManager: Loaded Plugin AndroidDeviceProfileSelector, From C:/Program Files (x86)/Epic Games/4.14/Engine/Plugins/Runtime/AndroidDeviceProfileSelector/AndroidDeviceProfileSelector.uplugin
LogPluginManager: Loaded Plugin AndroidMoviePlayer, From C:/Program Files (x86)/Epic Games/4.14/Engine/Plugins/Runtime/AndroidMoviePlayer/AndroidMoviePlayer.uplugin
LogPluginManager: Loaded Plugin AppleMoviePlayer, From C:/Program Files (x86)/Epic Games/4.14/Engine/Plugins/Runtime/AppleMoviePlayer/AppleMoviePlayer.uplugin
LogPluginManager: Loaded Plugin ArchVisCharacter, From C:/Program Files (x86)/Epic Games/4.14/Engine/Plugins/Runtime/ArchVisCharacter/ArchVisCharacter.uplugin
LogPluginManager: Loaded Plugin CableComponent, From C:/Program Files (x86)/Epic Games/4.14/Engine/Plugins/Runtime/CableComponent/CableComponent.uplugin
LogPluginManager: Loaded Plugin CustomMeshComponent, From C:/Program Files (x86)/Epic Games/4.14/Engine/Plugins/Runtime/CustomMeshComponent/CustomMeshComponent.uplugin
LogPluginManager: Loaded Plugin ExampleDeviceProfileSelector, From C:/Program Files (x86)/Epic Games/4.14/Engine/Plugins/Runtime/ExampleDeviceProfileSelector/ExampleDeviceProfileSelector.uplugin
LogPluginManager: Loaded Plugin GearVR, From C:/Program Files (x86)/Epic Games/4.14/Engine/Plugins/Runtime/GearVR/GearVR.uplugin
LogPluginManager: Loaded Plugin GoogleVRController, From C:/Program Files (x86)/Epic Games/4.14/Engine/Plugins/Runtime/GoogleVR/GoogleVRController/GoogleVRController.uplugin
LogPluginManager: Loaded Plugin GoogleVRHMD, From C:/Program Files (x86)/Epic Games/4.14/Engine/Plugins/Runtime/GoogleVR/GoogleVRHMD/GoogleVRHMD.uplugin
LogPluginManager: Loaded Plugin IOSDeviceProfileSelector, From C:/Program Files (x86)/Epic Games/4.14/Engine/Plugins/Runtime/IOSDeviceProfileSelector/IOSDeviceProfileSelector.uplugin
LogPluginManager: Loaded Plugin LeapMotion, From C:/Program Files (x86)/Epic Games/4.14/Engine/Plugins/Runtime/LeapMotion/LeapMotion.uplugin
LogPluginManager: Loaded Plugin LinuxDeviceProfileSelector, From C:/Program Files (x86)/Epic Games/4.14/Engine/Plugins/Runtime/LinuxDeviceProfileSelector/LinuxDeviceProfileSelector.uplugin
LogPluginManager: Loaded Plugin MIDIDevice, From C:/Program Files (x86)/Epic Games/4.14/Engine/Plugins/Runtime/MIDIDevice/MIDIDevice.uplugin
LogPluginManager: Loaded Plugin MobilePatchingUtils, From C:/Program Files (x86)/Epic Games/4.14/Engine/Plugins/Runtime/MobilePatchingUtils/MobilePatchingUtils.uplugin
LogPluginManager: Loaded Plugin Ansel, From C:/Program Files (x86)/Epic Games/4.14/Engine/Plugins/Runtime/Nvidia/Ansel/Ansel.uplugin
LogPluginManager: Loaded Plugin OculusAudio, From C:/Program Files (x86)/Epic Games/4.14/Engine/Plugins/Runtime/OculusAudio/OculusAudio.uplugin
LogPluginManager: Loaded Plugin OculusInput, From C:/Program Files (x86)/Epic Games/4.14/Engine/Plugins/Runtime/OculusInput/OculusInput.uplugin
LogPluginManager: Loaded Plugin OculusLibrary, From C:/Program Files (x86)/Epic Games/4.14/Engine/Plugins/Runtime/OculusLibrary/OculusLibrary.uplugin
LogPluginManager: Loaded Plugin OculusRift, From C:/Program Files (x86)/Epic Games/4.14/Engine/Plugins/Runtime/OculusRift/OculusRift.uplugin
LogPluginManager: Loaded Plugin Oodle, From C:/Program Files (x86)/Epic Games/4.14/Engine/Plugins/Runtime/PacketHandlers/CompressionComponents/Oodle/Oodle.uplugin
LogPluginManager: Loaded Plugin ProceduralMeshComponent, From C:/Program Files (x86)/Epic Games/4.14/Engine/Plugins/Runtime/ProceduralMeshComponent/ProceduralMeshComponent.uplugin
LogPluginManager: Loaded Plugin SoundMod, From C:/Program Files (x86)/Epic Games/4.14/Engine/Plugins/Runtime/SoundMod/SoundMod.uplugin
LogPluginManager: Loaded Plugin SoundVisualizations, From C:/Program Files (x86)/Epic Games/4.14/Engine/Plugins/Runtime/SoundVisualizations/SoundVisualizations.uplugin
LogPluginManager: Loaded Plugin SteamController, From C:/Program Files (x86)/Epic Games/4.14/Engine/Plugins/Runtime/Steam/SteamController/SteamController.uplugin
LogPluginManager: Loaded Plugin SteamVR, From C:/Program Files (x86)/Epic Games/4.14/Engine/Plugins/Runtime/Steam/SteamVR/SteamVR.uplugin
LogPluginManager: Loaded Plugin WebBrowserWidget, From C:/Program Files (x86)/Epic Games/4.14/Engine/Plugins/Runtime/WebBrowserWidget/WebBrowserWidget.uplugin
LogPluginManager: Loaded Plugin WindowsDeviceProfileSelector, From C:/Program Files (x86)/Epic Games/4.14/Engine/Plugins/Runtime/WindowsDeviceProfileSelector/WindowsDeviceProfileSelector.uplugin
LogPluginManager: Loaded Plugin WindowsMoviePlayer, From C:/Program Files (x86)/Epic Games/4.14/Engine/Plugins/Runtime/WindowsMoviePlayer/WindowsMoviePlayer.uplugin
LogPluginManager: Loaded Plugin ScriptPlugin, From C:/Program Files (x86)/Epic Games/4.14/Engine/Plugins/ScriptPlugin/ScriptPlugin.uplugin
LogPluginManager: Loaded Plugin SlateRemote, From C:/Program Files (x86)/Epic Games/4.14/Engine/Plugins/Slate/SlateRemote/SlateRemote.uplugin
LogPluginManager: Loaded Plugin EditorTests, From C:/Program Files (x86)/Epic Games/4.14/Engine/Plugins/Tests/EditorTests/EditorTests.uplugin
LogPluginManager: Loaded Plugin FbxAutomationTestBuilder, From C:/Program Files (x86)/Epic Games/4.14/Engine/Plugins/Tests/FbxAutomationTestBuilder/FbxAutomationTestBuilder.uplugin
LogPluginManager: Loaded Plugin FunctionalTestingEditor, From C:/Program Files (x86)/Epic Games/4.14/Engine/Plugins/Tests/FunctionalTestingEditor/FunctionalTestingEditor.uplugin
LogPluginManager: Loaded Plugin RuntimeTests, From C:/Program Files (x86)/Epic Games/4.14/Engine/Plugins/Tests/RuntimeTests/RuntimeTests.uplugin
LogPluginManager: Loaded Plugin ScreenshotTools, From C:/Program Files (x86)/Epic Games/4.14/Engine/Plugins/Tests/ScreenshotTools/ScreenshotTools.uplugin
LogInit: Using libcurl 7.47.1
LogInit:  - built for x86_64-pc-win32
LogInit:  - supports SSL with OpenSSL/1.0.2g
LogInit:  - supports HTTP deflate (compression) using libz 1.2.8
LogInit:  - other features:
LogInit:      CURL_VERSION_SSL
LogInit:      CURL_VERSION_LIBZ
LogInit:      CURL_VERSION_IPV6
LogInit:      CURL_VERSION_ASYNCHDNS
LogInit:      CURL_VERSION_LARGEFILE
LogInit:      CURL_VERSION_IDN
LogInit:  CurlRequestOptions (configurable via config and command line):
LogInit:  - bVerifyPeer = false  - Libcurl will NOT verify peer certificate
LogInit:  - bUseHttpProxy = false  - Libcurl will NOT use HTTP proxy
LogInit:  - bDontReuseConnections = false  - Libcurl will reuse connections
LogInit:  - CertBundlePath = nullptr  - Libcurl will use whatever was configured at build time.
LogInit: Build: ++UE4+Release-4.14-CL-3249277
LogInit: Engine Version: 4.14.3-3249277+++UE4+Release-4.14
LogInit: Compatible Engine Version: 4.14.0-3195953+++UE4+Release-4.14
LogInit: Net CL: 3195953
LogDevObjectVersion: Number of dev versions registered: 13
LogDevObjectVersion:   Dev-Blueprints (B0D832E4-1F89-4F0D-ACCF-7EB736FD4AA2): 7
LogDevObjectVersion:   Dev-Build (E1C64328-A22C-4D53-A36C-8E866417BD8C): 0
LogDevObjectVersion:   Dev-Core (375EC13C-06E4-48FB-B500-84F0262A717E): 1
LogDevObjectVersion:   Dev-Editor (E4B068ED-F494-42E9-A231-DA0B2E46BB41): 8
LogDevObjectVersion:   Dev-Framework (CFFC743F-43B0-4480-9391-14DF171D2073): 17
LogDevObjectVersion:   Dev-Mobile (B02B49B5-BB20-44E9-A304-32B752E40360): 0
LogDevObjectVersion:   Dev-Networking (A4E4105C-59A1-49B5-A7C5-40C4547EDFEE): 0
LogDevObjectVersion:   Dev-Online (39C831C9-5AE6-47DC-9A44-9C173E1C8E7C): 0
LogDevObjectVersion:   Dev-Physics (78F01B33-EBEA-4F98-B9B4-84EACCB95AA2): 0
LogDevObjectVersion:   Dev-Platform (6631380F-2D4D-43E0-8009-CF276956A95A): 0
LogDevObjectVersion:   Dev-Rendering (12F88B9F-8875-4AFC-A67C-D90C383ABD29): 12
LogDevObjectVersion:   Dev-Sequencer (7B5AE74C-D270-4C10-A958-57980B212A5A): 1
LogDevObjectVersion:   Dev-VR (D7296918-1DD6-4BDD-9DE2-64A83CC13884): 0
LogInit: Compiled (64-bit): Jan  6 2017 10:49:43
LogInit: Compiled with Visual C++: 19.00.23026.00
LogInit: Build Configuration: Development
LogInit: Branch Name: ++UE4+Release-4.14
LogInit: Command line:  
LogInit: Base directory: C:/Program Files (x86)/Epic Games/4.14/Engine/Binaries/Win64/
LogInit: Installed Engine Build: 1
LogInit: Presizing for max 8388607 objects, including 0 objects not considered by GC, pre-allocating 0 bytes for permanent pool.
LogInit: Object subsystem initialized
[2017.01.21-12.05.51:948][  0]LogInit: Selected Device Profile: [Windows]
[2017.01.21-12.05.51:948][  0]LogInit: Applying CVar settings loaded from the selected device profile: [Windows]
[2017.01.21-12.05.51:959][  0]LogInit: Computer: DESKTOP-4RFDRHB
[2017.01.21-12.05.51:959][  0]LogInit: User: Moosca
[2017.01.21-12.05.51:959][  0]LogInit: CPU Page size=65536, Cores=4
[2017.01.21-12.05.51:959][  0]LogInit: High frequency timer resolution =2.435777 MHz
[2017.01.21-12.05.51:959][  0]LogMemory: Memory total: Physical=15.9GB (16GB approx)
[2017.01.21-12.05.51:959][  0]LogMemory: Platform Memory Stats for Windows
[2017.01.21-12.05.51:959][  0]LogMemory: Process Physical Memory: 263.30 MB used, 263.30 MB peak
[2017.01.21-12.05.51:959][  0]LogMemory: Process Virtual Memory: 262.73 MB used, 262.73 MB peak
[2017.01.21-12.05.51:959][  0]LogMemory: Physical Memory: 5313.46 MB used,  10946.75 MB free, 16260.21 MB total
[2017.01.21-12.05.51:959][  0]LogMemory: Virtual Memory: 676.42 MB used,  10946.75 MB free, 134217728.00 MB total
[2017.01.21-12.05.51:980][  0]LogTextLocalizationManager: No specific translations for ('en-US') exist, so ('en') translations will be used.
[2017.01.21-12.05.52:567][  0]LogD3D11RHI: D3D11 adapters:
[2017.01.21-12.05.52:578][  0]LogD3D11RHI:    0. 'AMD Radeon R9 M370X' (Feature Level 11_0)
[2017.01.21-12.05.52:578][  0]LogD3D11RHI:       2026/0/8130 MB DedicatedVideo/DedicatedSystem/SharedSystem, Outputs:1, VendorId:0x1002
[2017.01.21-12.05.52:579][  0]LogD3D11RHI:    1. 'Microsoft Basic Render Driver' (Feature Level 11_0)
[2017.01.21-12.05.52:579][  0]LogD3D11RHI:       0/0/8130 MB DedicatedVideo/DedicatedSystem/SharedSystem, Outputs:0, VendorId:0x1414
[2017.01.21-12.05.52:579][  0]LogD3D11RHI: Chosen D3D11 Adapter: 0
[2017.01.21-12.05.52:582][  0]LogD3D11RHI: Creating new Direct3DDevice
[2017.01.21-12.05.52:582][  0]LogD3D11RHI:     GPU DeviceId: 0x6821 (for the marketing name, search the web for "GPU Device Id")
[2017.01.21-12.05.52:582][  0]LogWindows: EnumDisplayDevices:
[2017.01.21-12.05.52:582][  0]LogWindows:    0. 'AMD Radeon R9 M370X' (P:1 D:1)
[2017.01.21-12.05.52:582][  0]LogWindows:    1. 'AMD Radeon R9 M370X' (P:0 D:0)
[2017.01.21-12.05.52:582][  0]LogWindows:    2. 'AMD Radeon R9 M370X' (P:0 D:0)
[2017.01.21-12.05.52:583][  0]LogWindows:    3. 'AMD Radeon R9 M370X' (P:0 D:0)
[2017.01.21-12.05.52:583][  0]LogWindows:    4. 'AMD Radeon R9 M370X' (P:0 D:0)
[2017.01.21-12.05.52:583][  0]LogWindows:    5. 'AMD Radeon R9 M370X' (P:0 D:0)
[2017.01.21-12.05.52:583][  0]LogWindows: DebugString: FoundDriverCount:6 
[2017.01.21-12.05.52:583][  0]LogD3D11RHI:     Adapter Name: AMD Radeon R9 M370X
[2017.01.21-12.05.52:583][  0]LogD3D11RHI:   Driver Version: 15.200.1060.0 (internal:15.200.1060.0, unified:15.200.1060.0)
[2017.01.21-12.05.52:583][  0]LogD3D11RHI:      Driver Date: 7-15-2015
[2017.01.21-12.05.52:583][  0]LogRHI: Texture pool is 1361 MB (70% of 1945 MB)
[2017.01.21-12.05.52:589][  0]LogD3D11RHI: Async texture creation enabled
[2017.01.21-12.05.52:602][  0]LogD3D11RHI: GPU Timing Frequency: 27.000000 (Debug: 2 1)
[2017.01.21-12.05.52:603][  0]LogShaderCompilers: Guid format shader working directory is -36 characters bigger than the processId version (../../../../../../Users/Moosca/Documents/GitHub/GlobalGameJam2017/GlobalGameJam2017/Intermediate/Shaders/WorkingDirectory/9000/).
[2017.01.21-12.05.52:603][  0]LogShaderCompilers: Cleaned the shader compiler working directory 'C:/Users/Moosca/AppData/Local/Temp/UnrealShaderWorkingDir/9EFCDCAA427C36239A8335996EA7C7BB/'.
[2017.01.21-12.05.52:603][  0]LogShaderCompilers:Display: Using Local Shader Compiler.
[2017.01.21-12.05.53:575][  0]LogTemp:Display: Loaded TP AllDesktopTargetPlatform
[2017.01.21-12.05.53:622][  0]LogTemp:Display: Loaded TP MacClientTargetPlatform
[2017.01.21-12.05.53:667][  0]LogTemp:Display: Loaded TP MacNoEditorTargetPlatform
[2017.01.21-12.05.53:714][  0]LogTemp:Display: Loaded TP MacServerTargetPlatform
[2017.01.21-12.05.53:760][  0]LogTemp:Display: Loaded TP MacTargetPlatform
[2017.01.21-12.05.53:816][  0]LogTemp:Display: Loaded TP WindowsClientTargetPlatform
[2017.01.21-12.05.53:864][  0]LogTemp:Display: Loaded TP WindowsNoEditorTargetPlatform
[2017.01.21-12.05.53:910][  0]LogTemp:Display: Loaded TP WindowsServerTargetPlatform
[2017.01.21-12.05.53:947][  0]LogTemp:Display: Loaded TP WindowsTargetPlatform
[2017.01.21-12.05.53:991][  0]LogTemp:Display: Loaded TP AndroidTargetPlatform
[2017.01.21-12.05.54:036][  0]LogTemp:Display: Loaded TP Android_ASTCTargetPlatform
[2017.01.21-12.05.54:087][  0]LogTemp:Display: Loaded TP Android_ATCTargetPlatform
[2017.01.21-12.05.54:130][  0]LogTemp:Display: Loaded TP Android_DXTTargetPlatform
[2017.01.21-12.05.54:176][  0]LogTemp:Display: Loaded TP Android_ETC1TargetPlatform
[2017.01.21-12.05.54:221][  0]LogTemp:Display: Loaded TP Android_ETC2TargetPlatform
[2017.01.21-12.05.54:322][  0]LogTemp:Display: Loaded TP Android_MultiTargetPlatform
[2017.01.21-12.05.54:322][  0]LogTemp:Display: Loaded TP Android_PVRTCTargetPlatform
[2017.01.21-12.05.54:358][  0]LogTemp:Display: Loaded TP HTML5TargetPlatform
[2017.01.21-12.05.54:434][  0]LogTemp:Display: Loaded TP IOSTargetPlatform
[2017.01.21-12.05.54:463][  0]LogTemp:Display: Loaded TP TVOSTargetPlatform
[2017.01.21-12.05.54:517][  0]LogTemp:Display: Loaded TP LinuxClientTargetPlatform
[2017.01.21-12.05.54:567][  0]LogTemp:Display: Loaded TP LinuxNoEditorTargetPlatform
[2017.01.21-12.05.54:612][  0]LogTemp:Display: Loaded TP LinuxServerTargetPlatform
[2017.01.21-12.05.54:657][  0]LogTemp:Display: Loaded TP LinuxTargetPlatform
[2017.01.21-12.05.54:657][  0]LogTargetPlatformManager:Display: Building Assets For Windows
[2017.01.21-12.05.55:001][  0]LogDerivedDataCache:Display: Max Cache Size: 512 MB
[2017.01.21-12.05.55:050][  0]LogDerivedDataCache: Loaded boot cache 0.05s 50MB C:/Users/Moosca/AppData/Local/UnrealEngine/4.14/DerivedDataCache/Boot.ddc.
[2017.01.21-12.05.55:051][  0]LogDerivedDataCache:Display: Loaded Boot cache: C:/Users/Moosca/AppData/Local/UnrealEngine/4.14/DerivedDataCache/Boot.ddc
[2017.01.21-12.05.55:051][  0]LogDerivedDataCache: FDerivedDataBackendGraph:  Pak pak cache file ../../../../../../Users/Moosca/Documents/GitHub/GlobalGameJam2017/GlobalGameJam2017/DerivedDataCache/DDC.ddp not found, will not use a pak cache.
[2017.01.21-12.05.55:051][  0]LogDerivedDataCache: Unable to find inner node Pak for hierarchical cache Hierarchy.
[2017.01.21-12.05.55:051][  0]LogDerivedDataCache: FDerivedDataBackendGraph:  CompressedPak pak cache file ../../../../../../Users/Moosca/Documents/GitHub/GlobalGameJam2017/GlobalGameJam2017/DerivedDataCache/Compressed.ddp not found, will not use a pak cache.
[2017.01.21-12.05.55:051][  0]LogDerivedDataCache: Unable to find inner node CompressedPak for hierarchical cache Hierarchy.
[2017.01.21-12.05.55:066][  0]LogDerivedDataCache:Display: Pak cache opened for reading ../../../Engine/DerivedDataCache/Compressed.ddp.
[2017.01.21-12.05.55:078][  0]LogDerivedDataCache: Using Local data cache path C:/Users/Moosca/AppData/Local/UnrealEngine/Common/DerivedDataCache: Writable
[2017.01.21-12.05.55:262][  0]LogInit: Selected Device Profile: [Windows]
[2017.01.21-12.05.55:264][  0]LogContentStreaming: Texture pool size is 0.00 MB
[2017.01.21-12.05.55:442][  0]LogMeshUtilities: Using QuadricMeshReduction for automatic static mesh reduction
[2017.01.21-12.05.55:476][  0]LogSimplygon: Simplygon DLL not present - disabling.
[2017.01.21-12.05.55:516][  0]LogMeshUtilities: Using SimplygonSwarm for distributed automatic mesh merging
[2017.01.21-12.05.55:516][  0]LogMeshUtilities: No automatic skeletal mesh reduction module available
[2017.01.21-12.05.55:516][  0]LogMeshUtilities: No automatic mesh merging module available
[2017.01.21-12.05.55:968][  0]LogNetVersion: GetLocalNetworkVersion: CL: 3195953, ProjectName: globalgamejam2017, ProjectVersion: , EngineNetworkVersion: 2, GameNetworkVersion: 0, NetworkChecksum: 3528608227
[2017.01.21-12.05.56:019][  0]LogAssetRegistry: FAssetRegistry took 0.0212 seconds to start up
[2017.01.21-12.05.56:057][  0]LogPackageLocalizationCache: Processed 3 localized package path(s) for 2 prioritized culture(s) in 0.019292 seconds
[2017.01.21-12.05.56:062][  0]LogUObjectArray: 31946 objects as part of root set at end of initial load.
[2017.01.21-12.05.56:062][  0]LogUObjectAllocator: 6935840 out of 0 bytes used by permanent object pool.
[2017.01.21-12.05.56:062][  0]LogUObjectArray: CloseDisregardForGC: 0/0 objects in disregard for GC pool
[2017.01.21-12.05.56:111][  0]LogInit: WinSock: version 1.1 (2.2), MaxSocks=32767, MaxUdp=65467
[2017.01.21-12.05.56:714][  0]LogSlate: Using Freetype 2.6.0
[2017.01.21-12.05.56:715][  0]LogSlate: SlateFontCache - WITH_FREETYPE: 1, WITH_HARFBUZZ: 1
[2017.01.21-12.05.56:715][  0]LogSlate: SlateFontCache - WITH_FREETYPE: 1, WITH_HARFBUZZ: 1
[2017.01.21-12.05.57:386][  0]LogTcpMessaging: Initializing TcpMessaging bridge
[2017.01.21-12.05.57:421][  0]LogUdpMessaging: Initializing bridge on interface 0.0.0.0:0 to multicast group 230.0.0.1:6666.
[2017.01.21-12.05.57:705][  0]LogMaterial: Uniform references updated for custom material expression Custom.
[2017.01.21-12.05.58:022][  0]SourceControl: Info Source control is disabled
[2017.01.21-12.05.59:483][  0]LogEngine: Initializing Engine...
[2017.01.21-12.05.59:483][  0]LogHMD: Failed to initialize OpenVR with code 110
[2017.01.21-12.05.59:696][  0]LogAIModule: Creating AISystem for world Untitled
[2017.01.21-12.05.59:705][  0]LogInit: XAudio2 using 'Speakers (Cirrus Logic CS4208 (AB 128))' : 4 channels at 48 kHz using 32 bits per sample (channel mask 0x33)
[2017.01.21-12.05.59:738][  0]LogInit: FAudioDevice initialized.
[2017.01.21-12.05.59:763][  0]LogDerivedDataCache: Saved boot cache 0.03s 50MB C:/Users/Moosca/AppData/Local/UnrealEngine/4.14/DerivedDataCache/Boot.ddc.
[2017.01.21-12.05.59:770][  0]LogInit: Texture streaming: Enabled
[2017.01.21-12.05.59:925][  0]LogInit: Transaction tracking system initialized
[2017.01.21-12.06.00:245][  0]BlueprintLog: New page: Editor Load
[2017.01.21-12.06.00:969][  0]LocalizationService: Info Localization service is disabled
[2017.01.21-12.06.01:526][  0]LogConsoleResponse:Display: 
[2017.01.21-12.06.01:649][  0]LogCook:Display: Max memory allowance for cook 16384mb min free memory 0mb
[2017.01.21-12.06.01:649][  0]LogCook:Display: Mobile HDR setting 1
[2017.01.21-12.06.01:668][  0]LogFileCache: Scanning file cache for directory 'C:/Users/Moosca/Documents/GitHub/GlobalGameJam2017/GlobalGameJam2017/Content/' took 0.01s
[2017.01.21-12.06.02:504][  0]Cmd: MAP LOAD FILE="../../../../../../Users/Moosca/Documents/GitHub/GlobalGameJam2017/GlobalGameJam2017/Content/TopDownBP/Maps/TopDownExampleMap.umap" TEMPLATE=0 SHOWPROGRESS=1 FEATURELEVEL=3
[2017.01.21-12.06.02:504][  0]LightingResults: New page: Lighting Build
[2017.01.21-12.06.02:539][  0]MapCheck: New page: Map Check
[2017.01.21-12.06.02:539][  0]LightingResults: New page: Lighting Build
[2017.01.21-12.06.03:067][  0]LogAIModule: Creating AISystem for world TopDownExampleMap
[2017.01.21-12.06.03:084][  0]LogEditorServer: Finished looking for orphan Actors (0.000 secs)
[2017.01.21-12.06.03:086][  0]Cmd: MAP CHECKDEP NOCLEARLOG
[2017.01.21-12.06.03:136][  0]MapCheck: Info Map check complete: 0 Error(s), 0 Warning(s), took 50.662ms to complete.
[2017.01.21-12.06.03:136][  0]LogFileHelpers: Loading map 'TopDownExampleMap' took 0.633
[2017.01.21-12.06.03:190][  0]LogWindowsTextInputMethodSystem:Display: IME system now deactivated.
[2017.01.21-12.06.03:265][  0]LogCollectionManager: Loaded 0 collections in 0.001361 seconds
[2017.01.21-12.06.03:333][  0]LogFileCache: Scanning file cache for directory 'C:/Users/Moosca/Documents/GitHub/GlobalGameJam2017/GlobalGameJam2017/Saved/Collections/' took 0.01s
[2017.01.21-12.06.03:333][  0]LogFileCache: Scanning file cache for directory 'C:/Users/Moosca/Documents/GitHub/GlobalGameJam2017/GlobalGameJam2017/Content/Developers/Moosca/Collections/' took 0.01s
[2017.01.21-12.06.03:333][  0]LogFileCache: Scanning file cache for directory 'C:/Users/Moosca/Documents/GitHub/GlobalGameJam2017/GlobalGameJam2017/Content/Collections/' took 0.01s
[2017.01.21-12.06.03:333][  0]LogCollectionManager: Rebuilt the GUID cache for 0 collections in 0.000002 seconds
[2017.01.21-12.06.03:342][  0]LogContentBrowser: Native class hierarchy populated in 0.0081 seconds. Added 2190 classes and 428 folders.
[2017.01.21-12.06.03:375][  0]LogStats: UGameplayTagsManager::ConstructGameplayTagTree: Construct from data asset -  0.000 s
[2017.01.21-12.06.03:375][  0]LogStats: UGameplayTagsManager::ConstructGameplayTagTree: GameplayTagTreeChangedEvent.Broadcast -  0.000 s
[2017.01.21-12.06.03:376][  0]LogContentBrowser: Native class hierarchy updated for 'GameplayTags' in 0.0005 seconds. Added 13 classes and 0 folders.
[2017.01.21-12.06.03:425][  0]LogContentBrowser: Native class hierarchy updated for 'WidgetCarousel' in 0.0004 seconds. Added 0 classes and 0 folders.
[2017.01.21-12.06.03:429][  0]LogContentBrowser: Native class hierarchy updated for 'AddContentDialog' in 0.0004 seconds. Added 0 classes and 0 folders.
[2017.01.21-12.06.03:473][  0]LogContentBrowser: Native class hierarchy updated for 'SceneOutliner' in 0.0006 seconds. Added 1 classes and 2 folders.
[2017.01.21-12.06.03:561][  0]LogCrashTracker: Crashtracker disabled due to settings.
[2017.01.21-12.06.03:566][  0]LogUObjectGlobals:Warning: Failed to find object 'Class None.'
[2017.01.21-12.06.03:623][  0]LogContentBrowser: Native class hierarchy updated for 'HierarchicalLODOutliner' in 0.0006 seconds. Added 1 classes and 2 folders.
[2017.01.21-12.06.03:623][  0]LogLoad: (Engine Initialization) Total time: 12.86 seconds
[2017.01.21-12.06.03:623][  0]LogLoad: (Engine Initialization) Total Blueprint compile time: 0.19 seconds
[2017.01.21-12.06.03:624][  0]LogExternalProfiler: Found external profiler: VSPerf
[2017.01.21-12.06.03:624][  0]LogExternalProfiler: Using external profiler: VSPerf
[2017.01.21-12.06.03:641][  0]LogOcInput: OculusInput pre-init called
[2017.01.21-12.06.03:661][  0]SourceControl: Info On branch master
[2017.01.21-12.06.03:661][  0]SourceControl: Info Your branch is ahead of 'origin/master' by 1 commit.
[2017.01.21-12.06.03:661][  0]SourceControl: Info   (use "git push" to publish your local commits)
[2017.01.21-12.06.03:661][  0]SourceControl: Info Changes not staged for commit:
[2017.01.21-12.06.03:661][  0]SourceControl: Info   (use "git add <file>..." to update what will be committed)
[2017.01.21-12.06.03:661][  0]SourceControl: Info   (use "git checkout -- <file>..." to discard changes in working directory)
[2017.01.21-12.06.03:661][  0]SourceControl: Info 	modified:   GlobalGameJam2017/Intermediate/CachedAssetRegistry.bin
[2017.01.21-12.06.03:661][  0]SourceControl: Info 	modified:   GlobalGameJam2017/Saved/Config/Windows/Engine.ini
[2017.01.21-12.06.03:661][  0]SourceControl: Info 	modified:   GlobalGameJam2017/Saved/Logs/GlobalGameJam2017.log
[2017.01.21-12.06.03:661][  0]SourceControl: Info Untracked files:
[2017.01.21-12.06.03:661][  0]SourceControl: Info   (use "git add <file>..." to include in what will be committed)
[2017.01.21-12.06.03:661][  0]SourceControl: Info 	GlobalGameJam2017/Saved/Logs/GlobalGameJam2017-backup-2017.01.21-07.05.51.log
[2017.01.21-12.06.03:661][  0]SourceControl: Info 	GlobalGameJam2017/Saved/Logs/UE4CC-Windows-EAA2F1AD4C0FE5B59DF06AA785217A6E/
[2017.01.21-12.06.03:661][  0]SourceControl: Info no changes added to commit (use "git add" and/or "git commit -a")
[2017.01.21-12.06.03:661][  0]LogContentStreaming: Texture pool size now 1000 MB
[2017.01.21-12.06.03:808][  0]LogRenderer: Reallocating scene render targets to support 1208x652 NumSamples 1 (Frame:2).
[2017.01.21-12.06.03:932][  1]LogAssetRegistry: Asset discovery search completed in 7.9339 seconds
[2017.01.21-12.06.03:932][  1]LogCollectionManager: Rebuilt the object cache for 0 collections in 0.000001 seconds (found 0 objects)
[2017.01.21-12.06.03:932][  1]LogCollectionManager: Fixed up redirectors for 0 collections in 0.000027 seconds (updated 0 objects)
[2017.01.21-12.06.10:291][372]LogTemp: Repeting last play command: Selected Viewport
[2017.01.21-12.06.10:305][372]LogBlueprintUserMessages: Early PlayInEditor Detection: Level '/Game/TopDownBP/Maps/TopDownExampleMap.TopDownExampleMap:PersistentLevel' has LevelScriptBlueprint '/Game/TopDownBP/Maps/TopDownExampleMap.TopDownExampleMap:PersistentLevel.TopDownExampleMap' with GeneratedClass '/Game/TopDownBP/Maps/TopDownExampleMap.TopDownExampleMap_C' with ClassGeneratedBy '/Game/TopDownBP/Maps/TopDownExampleMap.TopDownExampleMap:PersistentLevel.TopDownExampleMap'
[2017.01.21-12.06.10:305][372]LogPlayLevel: PlayLevel: No blueprints needed recompiling
[2017.01.21-12.06.10:305][372]PIE: New page: PIE session: TopDownExampleMap (Jan 21, 2017, 2:06:10 AM)
[2017.01.21-12.06.10:305][372]LogPlayLevel: Creating play world package: /Game/TopDownBP/Maps/UEDPIE_0_TopDownExampleMap
[2017.01.21-12.06.10:333][372]LogPlayLevel: PIE: StaticDuplicateObject took: (0.027229s)
[2017.01.21-12.06.10:334][372]LogAIModule: Creating AISystem for world TopDownExampleMap
[2017.01.21-12.06.10:334][372]LogPlayLevel: PIE: World Init took: (0.001050s)
[2017.01.21-12.06.10:334][372]LogPlayLevel: PIE: Created PIE world by copying editor world from /Game/TopDownBP/Maps/TopDownExampleMap.TopDownExampleMap to /Game/TopDownBP/Maps/UEDPIE_0_TopDownExampleMap.TopDownExampleMap (0.028540s)
[2017.01.21-12.06.10:354][372]LogInit: XAudio2 using 'Speakers (Cirrus Logic CS4208 (AB 128))' : 4 channels at 48 kHz using 32 bits per sample (channel mask 0x33)
[2017.01.21-12.06.10:360][372]LogInit: FAudioDevice initialized.
[2017.01.21-12.06.10:405][372]LogLoad: Game class is 'TopDownGameMode_C'
[2017.01.21-12.06.10:409][372]LogWorld: Bringing World /Game/TopDownBP/Maps/UEDPIE_0_TopDownExampleMap.TopDownExampleMap up for play (max tick rate 60) at 2017.01.21-07.06.10
[2017.01.21-12.06.10:409][372]LogWorld: Bringing up level for play took: 0.003068
[2017.01.21-12.06.10:444][372]LogContentBrowser: Native class hierarchy updated for 'MovieSceneCapture' in 0.0007 seconds. Added 11 classes and 0 folders.
[2017.01.21-12.06.10:446][372]PIE: Info Play in editor start time for /Game/TopDownBP/Maps/UEDPIE_0_TopDownExampleMap -0.617
[2017.01.21-12.06.10:446][372]LogBlueprintUserMessages: Late PlayInEditor Detection: Level '/Game/TopDownBP/Maps/TopDownExampleMap.TopDownExampleMap:PersistentLevel' has LevelScriptBlueprint '/Game/TopDownBP/Maps/TopDownExampleMap.TopDownExampleMap:PersistentLevel.TopDownExampleMap' with GeneratedClass '/Game/TopDownBP/Maps/TopDownExampleMap.TopDownExampleMap_C' with ClassGeneratedBy '/Game/TopDownBP/Maps/TopDownExampleMap.TopDownExampleMap:PersistentLevel.TopDownExampleMap'
[2017.01.21-12.06.12:137][459]LogMaterial:Warning: Material /Game/StarterContent/Materials/M_Brick_Clay_New.M_Brick_Clay_New missing bUsedWithSkeletalMesh=True! Default Material will be used in game.
[2017.01.21-12.06.12:137][459]LogMaterial:Warning:      The material will recompile every editor launch until resaved.
[2017.01.21-12.06.14:712][609]LogBlueprintUserMessages: Early EndPlayMap Detection: Level '/Game/TopDownBP/Maps/TopDownExampleMap.TopDownExampleMap:PersistentLevel' has LevelScriptBlueprint '/Game/TopDownBP/Maps/TopDownExampleMap.TopDownExampleMap:PersistentLevel.TopDownExampleMap' with GeneratedClass '/Game/TopDownBP/Maps/TopDownExampleMap.TopDownExampleMap_C' with ClassGeneratedBy '/Game/TopDownBP/Maps/TopDownExampleMap.TopDownExampleMap:PersistentLevel.TopDownExampleMap'
[2017.01.21-12.06.14:752][609]LogBlueprintUserMessages: Late EndPlayMap Detection: Level '/Game/TopDownBP/Maps/TopDownExampleMap.TopDownExampleMap:PersistentLevel' has LevelScriptBlueprint '/Game/TopDownBP/Maps/TopDownExampleMap.TopDownExampleMap:PersistentLevel.TopDownExampleMap' with GeneratedClass '/Game/TopDownBP/Maps/TopDownExampleMap.TopDownExampleMap_C' with ClassGeneratedBy '/Game/TopDownBP/Maps/TopDownExampleMap.TopDownExampleMap:PersistentLevel.TopDownExampleMap'
[2017.01.21-14.11.56:500][516]SourceControl: Info fatal: C:/Program Files (x86)/Epic Games/4.14/Engine/Content/: 'C:/Program Files (x86)/Epic Games/4.14/Engine/Content/' is outside repository
[2017.01.21-14.11.56:575][516]LogPackageName:Error: Illegal call to DoesPackageExist: '../../../../../../Users/Moosca/Documents/GitHub/GlobalGameJam2017/GlobalGameJam2017/GlobalGameJam2017.uproject' is not a standard unreal filename or a long path name. Reason: Path should be no less than 4 characters long.
[2017.01.21-14.11.56:582][516]LogStats: FPlatformStackWalk::StackWalkAndDump -  0.007 s
[2017.01.21-14.11.56:582][516]LogOutputDevice:Error: === Handled ensure: ===
[2017.01.21-14.11.56:582][516]LogOutputDevice:Error: 
[2017.01.21-14.11.56:582][516]LogOutputDevice:Error: Ensure condition failed: false [File:D:\Build\++UE4+Release-4.14+Compile\Sync\Engine\Source\Runtime\CoreUObject\Private\Misc\PackageName.cpp] [Line: 624]
[2017.01.21-14.11.56:582][516]LogOutputDevice:Error: Illegal call to DoesPackageExist: '../../../../../../Users/Moosca/Documents/GitHub/GlobalGameJam2017/GlobalGameJam2017/GlobalGameJam2017.uproject' is not a standard unreal filename or a long path name. Reason: Path should be no less than 4 characters long.
[2017.01.21-14.11.56:582][516]LogOutputDevice:Error: Stack: 
[2017.01.21-14.11.56:582][516]LogOutputDevice:Error: UE4Editor-Core.dll
[2017.01.21-14.11.56:582][516]LogOutputDevice:Error: UE4Editor-Core.dll
[2017.01.21-14.11.56:582][516]LogOutputDevice:Error: UE4Editor-Core.dll
[2017.01.21-14.11.56:582][516]LogOutputDevice:Error: UE4Editor-CoreUObject.dll
[2017.01.21-14.11.56:582][516]LogOutputDevice:Error: UE4Editor-SourceControl.dll
[2017.01.21-14.11.56:582][516]LogOutputDevice:Error: UE4Editor-SourceControl.dll
[2017.01.21-14.11.56:582][516]LogOutputDevice:Error: UE4Editor-SourceControlWindows.dll
[2017.01.21-14.11.56:582][516]LogOutputDevice:Error: UE4Editor-SourceControlWindows.dll
[2017.01.21-14.11.56:582][516]LogOutputDevice:Error: UE4Editor-SourceControlWindows.dll
[2017.01.21-14.11.56:582][516]LogOutputDevice:Error: UE4Editor-SourceControlWindows.dll
[2017.01.21-14.11.56:582][516]LogOutputDevice:Error: UE4Editor-GitSourceControl.dll
[2017.01.21-14.11.56:582][516]LogOutputDevice:Error: UE4Editor-GitSourceControl.dll
[2017.01.21-14.11.56:582][516]LogOutputDevice:Error: UE4Editor-SourceControl.dll
[2017.01.21-14.11.56:582][516]LogOutputDevice:Error: UE4Editor-UnrealEd.dll
[2017.01.21-14.11.56:582][516]LogOutputDevice:Error: UE4Editor-UnrealEd.dll
[2017.01.21-14.11.56:582][516]LogOutputDevice:Error: UE4Editor.exe
[2017.01.21-14.11.56:582][516]LogOutputDevice:Error: UE4Editor.exe
[2017.01.21-14.11.56:582][516]LogOutputDevice:Error: UE4Editor.exe
[2017.01.21-14.11.56:582][516]LogOutputDevice:Error: UE4Editor.exe
[2017.01.21-14.11.56:582][516]LogOutputDevice:Error: UE4Editor.exe
[2017.01.21-14.11.56:582][516]LogOutputDevice:Error: KERNEL32.DLL
[2017.01.21-14.11.56:582][516]LogOutputDevice:Error: ntdll.dll
[2017.01.21-14.11.56:582][516]LogOutputDevice:Error: 
[2017.01.21-14.11.56:585][516]LogStats:                SubmitErrorReport -  0.000 s
[2017.01.21-14.11.56:738][516]LogStats:                    SendNewReport -  0.153 s
[2017.01.21-14.11.56:738][516]LogStats:             FDebug::EnsureFailed -  0.164 s
[2017.01.21-14.12.43:793][355]SourceControl:Error: Error error: cannot pull with rebase: You have unstaged changes.
[2017.01.21-14.12.43:793][355]SourceControl:Error: Error error: please commit or stash them.
[2017.01.21-14.12.43:796][355]LoadErrors: New page: Loading package: /Game/Mannequin/Animations/ThirdPerson_IdleRun_2D
[2017.01.21-14.12.43:803][355]LoadErrors: New page: Loading package: /Game/Mannequin/Animations/ThirdPersonWalk
[2017.01.21-14.12.43:805][355]LoadErrors: New page: Loading package: /Game/Mannequin/Animations/ThirdPersonRun
[2017.01.21-14.12.43:808][355]LoadErrors: New page: Loading package: /Game/Mannequin/Animations/ThirdPersonIdle
[2017.01.21-14.12.43:810][355]LoadErrors: New page: Loading package: /Game/Mannequin/Animations/ThirdPersonJump_Start
[2017.01.21-14.12.43:814][355]LoadErrors: New page: Loading package: /Game/Mannequin/Animations/ThirdPersonJump_Loop
[2017.01.21-14.12.43:820][355]LoadErrors: New page: Loading package: /Game/Mannequin/Animations/ThirdPerson_Jump
[2017.01.21-14.12.43:824][355]LoadErrors: New page: Loading package: /Game/Mannequin/Character/Mesh/UE4_Mannequin_Skeleton
[2017.01.21-14.12.43:828][355]LoadErrors: New page: Loading package: /Game/Mannequin/Animations/ThirdPerson_AnimBP
[2017.01.21-14.12.43:841][355]LoadErrors: New page: Loading package: /Game/Blueprints/AIBehaviors/AICharacter
[2017.01.21-14.12.43:896][355]LoadErrors: New page: Loading package: /Game/Blueprints/AIBehaviors/PathNode
[2017.01.21-14.12.43:898][355]LoadErrors: New page: Loading package: /Game/Blueprints/AIBehaviors/AiControls
[2017.01.21-14.12.43:901][355]LoadErrors: New page: Loading package: /Game/Mannequin/Character/Materials/MaterialLayers/T_ML_Rubber_Blue_01_D
[2017.01.21-14.12.43:903][355]LoadErrors: New page: Loading package: /Game/Mannequin/Character/Materials/MaterialLayers/T_ML_Rubber_Blue_01_N
[2017.01.21-14.12.43:908][355]LoadErrors: New page: Loading package: /Game/Mannequin/Character/Materials/MaterialLayers/ML_GlossyBlack_Latex_UE4
[2017.01.21-14.12.43:912][355]LoadErrors: New page: Loading package: /Game/Mannequin/Character/Materials/MaterialLayers/ML_Plastic_Shiny_Beige
[2017.01.21-14.12.43:916][355]LoadErrors: New page: Loading package: /Game/Mannequin/Character/Textures/UE4_LOGO_CARD
[2017.01.21-14.12.43:921][355]LoadErrors: New page: Loading package: /Game/Mannequin/Character/Materials/MaterialLayers/ML_Plastic_Shiny_Beige_LOGO
[2017.01.21-14.12.43:925][355]LoadErrors: New page: Loading package: /Game/Mannequin/Character/Materials/MaterialLayers/T_ML_Aluminum01
[2017.01.21-14.12.43:929][355]LoadErrors: New page: Loading package: /Game/Mannequin/Character/Materials/MaterialLayers/T_ML_Aluminum01_N
[2017.01.21-14.12.43:934][355]LoadErrors: New page: Loading package: /Game/Mannequin/Character/Materials/MaterialLayers/ML_SoftMetal_UE4
[2017.01.21-14.12.43:938][355]LoadErrors: New page: Loading package: /Game/Mannequin/Character/Textures/UE4_Mannequin__normals
[2017.01.21-14.12.43:943][355]LoadErrors: New page: Loading package: /Game/Mannequin/Character/Textures/UE4_Mannequin_MAT_MASKA
[2017.01.21-14.12.43:948][355]LoadErrors: New page: Loading package: /Game/Mannequin/Character/Materials/M_UE4Man_Body
[2017.01.21-14.12.43:952][355]LoadErrors: New page: Loading package: /Game/Mannequin/Character/Textures/UE4Man_Logo_N
[2017.01.21-14.12.43:956][355]LoadErrors: New page: Loading package: /Game/Mannequin/Character/Materials/M_UE4Man_ChestLogo
[2017.01.21-14.12.43:960][355]LoadErrors: New page: Loading package: /Game/Mannequin/Character/Mesh/SK_Mannequin_PhysicsAsset
[2017.01.21-14.12.43:964][355]LoadErrors: New page: Loading package: /Game/Mannequin/Character/Mesh/SK_Mannequin
[2017.01.21-14.12.43:969][355]LoadErrors: New page: Loading package: /Game/StarterContent/Textures/T_Brick_Clay_New_D
[2017.01.21-14.12.43:973][355]LoadErrors: New page: Loading package: /Game/StarterContent/Textures/T_Brick_Clay_New_M
[2017.01.21-14.12.43:977][355]LoadErrors: New page: Loading package: /Game/StarterContent/Textures/T_Brick_Clay_New_N
[2017.01.21-14.12.43:981][355]LoadErrors: New page: Loading package: /Game/StarterContent/Textures/T_Detail_Rocky_N
[2017.01.21-14.12.43:985][355]LoadErrors: New page: Loading package: /Game/StarterContent/Textures/T_MacroVariation
[2017.01.21-14.12.43:988][355]LoadErrors: New page: Loading package: /Game/StarterContent/Materials/M_Brick_Clay_New
[2017.01.21-14.12.43:993][355]LoadErrors: New page: Loading package: /Game/TopDownBP/Blueprints/Defaults/M_Cursor_Decal
[2017.01.21-14.12.44:001][355]LoadErrors: New page: Loading package: /Game/TopDownBP/Blueprints/Defaults/TopDownCharacter
[2017.01.21-14.12.44:016][355]LoadErrors: New page: Loading package: /Game/TopDownBP/Blueprints/Defaults/TopDownController
[2017.01.21-14.12.44:026][355]LoadErrors: New page: Loading package: /Game/TopDownBP/Blueprints/Defaults/TopDownGameMode
[2017.01.21-14.12.44:033][355]LoadErrors: New page: Loading package: /Game/TopDownBP/Maps/TopDownExampleMap_BuiltData
[2017.01.21-14.12.44:043][355]LoadErrors: New page: Loading package: /Game/Geometry/Meshes/CubeMaterial
[2017.01.21-14.12.44:050][355]LoadErrors: New page: Loading package: /Game/Geometry/Meshes/1M_Cube
[2017.01.21-14.12.44:056][355]LoadErrors: New page: Loading package: /Game/Geometry/Meshes/1M_Cube_Chamfer
[2017.01.21-14.12.44:236][358]LogCrashTracker: 


[2017.01.21-14.12.44:260][358]LogWindows: Windows GetLastError: The operation completed successfully. (0)
[2017.01.21-14.12.44:260][358]LogThreadingWindows:Error: Runnable thread RenderThread 4 crashed.
[2017.01.21-14.12.44:260][358]LogCrashTracker: 


[2017.01.21-14.12.44:260][358]LogWindows:Error: === Critical error: ===
[2017.01.21-14.12.44:260][358]LogWindows:Error: 
[2017.01.21-14.12.44:260][358]LogWindows:Error: Fatal error: [File:D:\Build\++UE4+Release-4.14+Compile\Sync\Engine\Source\Runtime\RenderCore\Private\RenderingThread.cpp] [Line: 791] 
[2017.01.21-14.12.44:260][358]LogWindows:Error: Rendering thread exception:
[2017.01.21-14.12.44:260][358]LogWindows:Error: Unhandled Exception: EXCEPTION_ACCESS_VIOLATION reading address 0xffffffff
[2017.01.21-14.12.44:260][358]LogWindows:Error: 
[2017.01.21-14.12.44:260][358]LogWindows:Error: UE4Editor-Engine.dll
[2017.01.21-14.12.44:260][358]LogWindows:Error: UE4Editor-Engine.dll
[2017.01.21-14.12.44:260][358]LogWindows:Error: UE4Editor-Renderer.dll
[2017.01.21-14.12.44:260][358]LogWindows:Error: UE4Editor-Renderer.dll
[2017.01.21-14.12.44:260][358]LogWindows:Error: UE4Editor-Renderer.dll
[2017.01.21-14.12.44:260][358]LogWindows:Error: UE4Editor-Renderer.dll
[2017.01.21-14.12.44:260][358]LogWindows:Error: UE4Editor-Renderer.dll
[2017.01.21-14.12.44:260][358]LogWindows:Error: UE4Editor-Renderer.dll
[2017.01.21-14.12.44:260][358]LogWindows:Error: UE4Editor-Renderer.dll
[2017.01.21-14.12.44:260][358]LogWindows:Error: UE4Editor-Renderer.dll
[2017.01.21-14.12.44:260][358]LogWindows:Error: UE4Editor-Renderer.dll
[2017.01.21-14.12.44:260][358]LogWindows:Error: UE4Editor-Renderer.dll
[2017.01.21-14.12.44:260][358]LogWindows:Error: UE4Editor-Core.dll
[2017.01.21-14.12.44:260][358]LogWindows:Error: UE4Editor-Core.dll
[2017.01.21-14.12.44:260][358]LogWindows:Error: UE4Editor-RenderCore.dll
[2017.01.21-14.12.44:260][358]LogWindows:Error: UE4Editor-RenderCore.dll
[2017.01.21-14.12.44:260][358]LogWindows:Error: UE4Editor-Core.dll
[2017.01.21-14.12.44:260][358]LogWindows:Error: UE4Editor-Core.dll
[2017.01.21-14.12.44:260][358]LogWindows:Error: KERNEL32.DLL
[2017.01.21-14.12.44:260][358]LogWindows:Error: ntdll.dll
[2017.01.21-14.12.44:260][358]LogWindows:Error: ntdll.dll
[2017.01.21-14.12.44:260][358]LogWindows:Error: 
[2017.01.21-14.12.44:260][358]LogWindows:Error: 
[2017.01.21-14.12.44:260][358]LogWindows:Error: 
[2017.01.21-14.12.44:260][358]LogWindows:Error: 
[2017.01.21-14.12.44:260][358]LogWindows:Error: Crash in runnable thread RenderThread 4
[2017.01.21-14.12.44:280][358]LogWindows: Windows GetLastError: The operation completed successfully. (0)
[2017.01.21-14.12.44:280][358]LogWindows:Error: HandleError re-entered.
[2017.01.21-14.12.44:280][358]LogWindows: FPlatformMisc::RequestExit(1)
[2017.01.21-14.12.44:280][358]Log file closed, 01/21/17 09:12:44
