Log file open, 01/20/17 23:45:31
LogInit:Display: Running engine for game: GlobalGameJam2017
LogPlatformFile: Not using cached read wrapper
LogInit:Display: RandInit(1514700757) SRandInit(1514700757).
LogTaskGraph: Started task graph with 5 named threads and 8 total threads with 1 sets of task threads.
LogStats: Stats thread started at 0.075882
LogPluginManager: Loaded Plugin Paper2D, From C:/Program Files (x86)/Epic Games/4.14/Engine/Plugins/2D/Paper2D/Paper2D.uplugin
LogPluginManager: Loaded Plugin LightPropagationVolume, From C:/Program Files (x86)/Epic Games/4.14/Engine/Plugins/Blendables/LightPropagationVolume/LightPropagationVolume.uplugin
LogPluginManager: Loaded Plugin BlankPlugin, From C:/Program Files (x86)/Epic Games/4.14/Engine/Plugins/Developer/BlankPlugin/BlankPlugin.uplugin
LogPluginManager: Loaded Plugin CodeLiteSourceCodeAccess, From C:/Program Files (x86)/Epic Games/4.14/Engine/Plugins/Developer/CodeLiteSourceCodeAccess/CodeLiteSourceCodeAccess.uplugin
LogPluginManager: Loaded Plugin GitSourceControl, From C:/Program Files (x86)/Epic Games/4.14/Engine/Plugins/Developer/GitSourceControl/GitSourceControl.uplugin
LogPluginManager: Loaded Plugin KDevelopSourceCodeAccess, From C:/Program Files (x86)/Epic Games/4.14/Engine/Plugins/Developer/KDevelopSourceCodeAccess/KDevelopSourceCodeAccess.uplugin
LogPluginManager: Loaded Plugin NullSourceCodeAccess, From C:/Program Files (x86)/Epic Games/4.14/Engine/Plugins/Developer/NullSourceCodeAccess/NullSourceCodeAccess.uplugin
LogPluginManager: Loaded Plugin OneSkyLocalizationService, From C:/Program Files (x86)/Epic Games/4.14/Engine/Plugins/Developer/OneSkyLocalizationService/OneSkyLocalizationService.uplugin
LogPluginManager: Loaded Plugin PerforceSourceControl, From C:/Program Files (x86)/Epic Games/4.14/Engine/Plugins/Developer/PerforceSourceControl/PerforceSourceControl.uplugin
LogPluginManager: Loaded Plugin SubversionSourceControl, From C:/Program Files (x86)/Epic Games/4.14/Engine/Plugins/Developer/SubversionSourceControl/SubversionSourceControl.uplugin
LogPluginManager: Loaded Plugin UObjectPlugin, From C:/Program Files (x86)/Epic Games/4.14/Engine/Plugins/Developer/UObjectPlugin/UObjectPlugin.uplugin
LogPluginManager: Loaded Plugin VisualStudioSourceCodeAccess, From C:/Program Files (x86)/Epic Games/4.14/Engine/Plugins/Developer/VisualStudioSourceCodeAccess/VisualStudioSourceCodeAccess.uplugin
LogPluginManager: Loaded Plugin XCodeSourceCodeAccess, From C:/Program Files (x86)/Epic Games/4.14/Engine/Plugins/Developer/XCodeSourceCodeAccess/XCodeSourceCodeAccess.uplugin
LogPluginManager: Loaded Plugin AudioCapture, From C:/Program Files (x86)/Epic Games/4.14/Engine/Plugins/Editor/AudioCapture/AudioCapture.uplugin
LogPluginManager: Loaded Plugin EpicSurvey, From C:/Program Files (x86)/Epic Games/4.14/Engine/Plugins/Editor/EpicSurvey/EpicSurvey.uplugin
LogPluginManager: Loaded Plugin MacGraphicsSwitching, From C:/Program Files (x86)/Epic Games/4.14/Engine/Plugins/Editor/MacGraphicsSwitching/MacGraphicsSwitching.uplugin
LogPluginManager: Loaded Plugin MobileLauncherProfileWizard, From C:/Program Files (x86)/Epic Games/4.14/Engine/Plugins/Editor/MobileLauncherProfileWizard/MobileLauncherProfileWizard.uplugin
LogPluginManager: Loaded Plugin PluginBrowser, From C:/Program Files (x86)/Epic Games/4.14/Engine/Plugins/Editor/PluginBrowser/PluginBrowser.uplugin
LogPluginManager: Loaded Plugin SpeedTreeImporter, From C:/Program Files (x86)/Epic Games/4.14/Engine/Plugins/Editor/SpeedTreeImporter/SpeedTreeImporter.uplugin
LogPluginManager: Loaded Plugin SuperSearchEditor, From C:/Program Files (x86)/Epic Games/4.14/Engine/Plugins/Editor/SuperSearchEditor/SuperSearchEditor.uplugin
LogPluginManager: Loaded Plugin AlembicImporter, From C:/Program Files (x86)/Epic Games/4.14/Engine/Plugins/Experimental/AlembicImporter/AlembicImporter.uplugin
LogPluginManager: Loaded Plugin BlueprintStats, From C:/Program Files (x86)/Epic Games/4.14/Engine/Plugins/Experimental/BlueprintStats/BlueprintStats.uplugin
LogPluginManager: Loaded Plugin CharacterAI, From C:/Program Files (x86)/Epic Games/4.14/Engine/Plugins/Experimental/CharacterAI/CharacterAI.uplugin
LogPluginManager: Loaded Plugin CodeEditor, From C:/Program Files (x86)/Epic Games/4.14/Engine/Plugins/Experimental/CodeEditor/CodeEditor.uplugin
LogPluginManager: Loaded Plugin CodeView, From C:/Program Files (x86)/Epic Games/4.14/Engine/Plugins/Experimental/CodeView/CodeView.uplugin
LogPluginManager: Loaded Plugin HTML5Networking, From C:/Program Files (x86)/Epic Games/4.14/Engine/Plugins/Experimental/HTML5Networking/HTML5Networking.uplugin
LogPluginManager: Loaded Plugin OSVR, From C:/Program Files (x86)/Epic Games/4.14/Engine/Plugins/Experimental/OSVR/OSVR.uplugin
LogPluginManager: Loaded Plugin Phya, From C:/Program Files (x86)/Epic Games/4.14/Engine/Plugins/Experimental/Phya/Phya.uplugin
LogPluginManager: Loaded Plugin SignificanceManager, From C:/Program Files (x86)/Epic Games/4.14/Engine/Plugins/Experimental/SignificanceManager/SignificanceManager.uplugin
LogPluginManager: Loaded Plugin SimpleHMD, From C:/Program Files (x86)/Epic Games/4.14/Engine/Plugins/Experimental/SimpleHMD/SimpleHMD.uplugin
LogPluginManager: Loaded Plugin StereoPanorama, From C:/Program Files (x86)/Epic Games/4.14/Engine/Plugins/Experimental/StereoPanorama/StereoPanorama.uplugin
LogPluginManager: Loaded Plugin StructBox, From C:/Program Files (x86)/Epic Games/4.14/Engine/Plugins/Experimental/StructBox/StructBox.uplugin
LogPluginManager: Loaded Plugin AndroidMedia, From C:/Program Files (x86)/Epic Games/4.14/Engine/Plugins/Media/AndroidMedia/AndroidMedia.uplugin
LogPluginManager: Loaded Plugin AvfMedia, From C:/Program Files (x86)/Epic Games/4.14/Engine/Plugins/Media/AvfMedia/AvfMedia.uplugin
LogPluginManager: Loaded Plugin MediaPlayerEditor, From C:/Program Files (x86)/Epic Games/4.14/Engine/Plugins/Media/MediaPlayerEditor/MediaPlayerEditor.uplugin
LogPluginManager: Loaded Plugin WmfMedia, From C:/Program Files (x86)/Epic Games/4.14/Engine/Plugins/Media/WmfMedia/WmfMedia.uplugin
LogPluginManager: Loaded Plugin MessagingDebugger, From C:/Program Files (x86)/Epic Games/4.14/Engine/Plugins/Messaging/MessagingDebugger/MessagingDebugger.uplugin
LogPluginManager: Loaded Plugin TcpMessaging, From C:/Program Files (x86)/Epic Games/4.14/Engine/Plugins/Messaging/TcpMessaging/TcpMessaging.uplugin
LogPluginManager: Loaded Plugin UdpMessaging, From C:/Program Files (x86)/Epic Games/4.14/Engine/Plugins/Messaging/UdpMessaging/UdpMessaging.uplugin
LogPluginManager: Loaded Plugin LevelSequenceEditor, From C:/Program Files (x86)/Epic Games/4.14/Engine/Plugins/MovieScene/LevelSequenceEditor/LevelSequenceEditor.uplugin
LogPluginManager: Loaded Plugin MatineeToLevelSequence, From C:/Program Files (x86)/Epic Games/4.14/Engine/Plugins/MovieScene/MatineeToLevelSequence/MatineeToLevelSequence.uplugin
LogPluginManager: Loaded Plugin NetcodeUnitTest, From C:/Program Files (x86)/Epic Games/4.14/Engine/Plugins/NetcodeUnitTest/NetcodeUnitTest/NetcodeUnitTest.uplugin
LogPluginManager: Loaded Plugin NUTUnrealEngine4, From C:/Program Files (x86)/Epic Games/4.14/Engine/Plugins/NetcodeUnitTest/NUTUnrealEngine4/NUTUnrealEngine4.uplugin
LogPluginManager: Loaded Plugin OnlineSubsystemGameCircle, From C:/Program Files (x86)/Epic Games/4.14/Engine/Plugins/Online/Android/OnlineSubsystemGameCircle/OnlineSubsystemGameCircle.uplugin
LogPluginManager: Loaded Plugin OnlineSubsystemGooglePlay, From C:/Program Files (x86)/Epic Games/4.14/Engine/Plugins/Online/Android/OnlineSubsystemGooglePlay/OnlineSubsystemGooglePlay.uplugin
LogPluginManager: Loaded Plugin OnlineSubsystemIOS, From C:/Program Files (x86)/Epic Games/4.14/Engine/Plugins/Online/IOS/OnlineSubsystemIOS/OnlineSubsystemIOS.uplugin
LogPluginManager: Loaded Plugin OnlineFramework, From C:/Program Files (x86)/Epic Games/4.14/Engine/Plugins/Online/OnlineFramework/OnlineFramework.uplugin
LogPluginManager: Loaded Plugin OnlineSubsystem, From C:/Program Files (x86)/Epic Games/4.14/Engine/Plugins/Online/OnlineSubsystem/OnlineSubsystem.uplugin
LogPluginManager: Loaded Plugin OnlineSubsystemAmazon, From C:/Program Files (x86)/Epic Games/4.14/Engine/Plugins/Online/OnlineSubsystemAmazon/OnlineSubsystemAmazon.uplugin
LogPluginManager: Loaded Plugin OnlineSubsystemFacebook, From C:/Program Files (x86)/Epic Games/4.14/Engine/Plugins/Online/OnlineSubsystemFacebook/OnlineSubsystemFacebook.uplugin
LogPluginManager: Loaded Plugin OnlineSubsystemNull, From C:/Program Files (x86)/Epic Games/4.14/Engine/Plugins/Online/OnlineSubsystemNull/OnlineSubsystemNull.uplugin
LogPluginManager: Loaded Plugin OnlineSubsystemOculus, From C:/Program Files (x86)/Epic Games/4.14/Engine/Plugins/Online/OnlineSubsystemOculus/OnlineSubsystemOculus.uplugin
LogPluginManager: Loaded Plugin OnlineSubsystemSteam, From C:/Program Files (x86)/Epic Games/4.14/Engine/Plugins/Online/OnlineSubsystemSteam/OnlineSubsystemSteam.uplugin
LogPluginManager: Loaded Plugin OnlineSubsystemUtils, From C:/Program Files (x86)/Epic Games/4.14/Engine/Plugins/Online/OnlineSubsystemUtils/OnlineSubsystemUtils.uplugin
LogPluginManager: Loaded Plugin IOSTapJoy, From C:/Program Files (x86)/Epic Games/4.14/Engine/Plugins/Runtime/Advertising/IOSTapJoy/IOSTapJoy.uplugin
LogPluginManager: Loaded Plugin AnalyticsBlueprintLibrary, From C:/Program Files (x86)/Epic Games/4.14/Engine/Plugins/Runtime/Analytics/AnalyticsBlueprintLibrary/AnalyticsBlueprintLibrary.uplugin
LogPluginManager: Loaded Plugin AnalyticsMulticast, From C:/Program Files (x86)/Epic Games/4.14/Engine/Plugins/Runtime/Analytics/AnalyticsMulticast/AnalyticsMulticast.uplugin
LogPluginManager: Loaded Plugin Apsalar, From C:/Program Files (x86)/Epic Games/4.14/Engine/Plugins/Runtime/Analytics/Apsalar/Apsalar.uplugin
LogPluginManager: Loaded Plugin FileLogging, From C:/Program Files (x86)/Epic Games/4.14/Engine/Plugins/Runtime/Analytics/FileLogging/FileLogging.uplugin
LogPluginManager: Loaded Plugin Flurry, From C:/Program Files (x86)/Epic Games/4.14/Engine/Plugins/Runtime/Analytics/Flurry/Flurry.uplugin
LogPluginManager: Loaded Plugin AndroidDeviceProfileSelector, From C:/Program Files (x86)/Epic Games/4.14/Engine/Plugins/Runtime/AndroidDeviceProfileSelector/AndroidDeviceProfileSelector.uplugin
LogPluginManager: Loaded Plugin AndroidMoviePlayer, From C:/Program Files (x86)/Epic Games/4.14/Engine/Plugins/Runtime/AndroidMoviePlayer/AndroidMoviePlayer.uplugin
LogPluginManager: Loaded Plugin AppleMoviePlayer, From C:/Program Files (x86)/Epic Games/4.14/Engine/Plugins/Runtime/AppleMoviePlayer/AppleMoviePlayer.uplugin
LogPluginManager: Loaded Plugin ArchVisCharacter, From C:/Program Files (x86)/Epic Games/4.14/Engine/Plugins/Runtime/ArchVisCharacter/ArchVisCharacter.uplugin
LogPluginManager: Loaded Plugin CableComponent, From C:/Program Files (x86)/Epic Games/4.14/Engine/Plugins/Runtime/CableComponent/CableComponent.uplugin
LogPluginManager: Loaded Plugin CustomMeshComponent, From C:/Program Files (x86)/Epic Games/4.14/Engine/Plugins/Runtime/CustomMeshComponent/CustomMeshComponent.uplugin
LogPluginManager: Loaded Plugin ExampleDeviceProfileSelector, From C:/Program Files (x86)/Epic Games/4.14/Engine/Plugins/Runtime/ExampleDeviceProfileSelector/ExampleDeviceProfileSelector.uplugin
LogPluginManager: Loaded Plugin GearVR, From C:/Program Files (x86)/Epic Games/4.14/Engine/Plugins/Runtime/GearVR/GearVR.uplugin
LogPluginManager: Loaded Plugin GoogleVRController, From C:/Program Files (x86)/Epic Games/4.14/Engine/Plugins/Runtime/GoogleVR/GoogleVRController/GoogleVRController.uplugin
LogPluginManager: Loaded Plugin GoogleVRHMD, From C:/Program Files (x86)/Epic Games/4.14/Engine/Plugins/Runtime/GoogleVR/GoogleVRHMD/GoogleVRHMD.uplugin
LogPluginManager: Loaded Plugin IOSDeviceProfileSelector, From C:/Program Files (x86)/Epic Games/4.14/Engine/Plugins/Runtime/IOSDeviceProfileSelector/IOSDeviceProfileSelector.uplugin
LogPluginManager: Loaded Plugin LeapMotion, From C:/Program Files (x86)/Epic Games/4.14/Engine/Plugins/Runtime/LeapMotion/LeapMotion.uplugin
LogPluginManager: Loaded Plugin LinuxDeviceProfileSelector, From C:/Program Files (x86)/Epic Games/4.14/Engine/Plugins/Runtime/LinuxDeviceProfileSelector/LinuxDeviceProfileSelector.uplugin
LogPluginManager: Loaded Plugin MIDIDevice, From C:/Program Files (x86)/Epic Games/4.14/Engine/Plugins/Runtime/MIDIDevice/MIDIDevice.uplugin
LogPluginManager: Loaded Plugin MobilePatchingUtils, From C:/Program Files (x86)/Epic Games/4.14/Engine/Plugins/Runtime/MobilePatchingUtils/MobilePatchingUtils.uplugin
LogPluginManager: Loaded Plugin Ansel, From C:/Program Files (x86)/Epic Games/4.14/Engine/Plugins/Runtime/Nvidia/Ansel/Ansel.uplugin
LogPluginManager: Loaded Plugin OculusAudio, From C:/Program Files (x86)/Epic Games/4.14/Engine/Plugins/Runtime/OculusAudio/OculusAudio.uplugin
LogPluginManager: Loaded Plugin OculusInput, From C:/Program Files (x86)/Epic Games/4.14/Engine/Plugins/Runtime/OculusInput/OculusInput.uplugin
LogPluginManager: Loaded Plugin OculusLibrary, From C:/Program Files (x86)/Epic Games/4.14/Engine/Plugins/Runtime/OculusLibrary/OculusLibrary.uplugin
LogPluginManager: Loaded Plugin OculusRift, From C:/Program Files (x86)/Epic Games/4.14/Engine/Plugins/Runtime/OculusRift/OculusRift.uplugin
LogPluginManager: Loaded Plugin Oodle, From C:/Program Files (x86)/Epic Games/4.14/Engine/Plugins/Runtime/PacketHandlers/CompressionComponents/Oodle/Oodle.uplugin
LogPluginManager: Loaded Plugin ProceduralMeshComponent, From C:/Program Files (x86)/Epic Games/4.14/Engine/Plugins/Runtime/ProceduralMeshComponent/ProceduralMeshComponent.uplugin
LogPluginManager: Loaded Plugin SoundMod, From C:/Program Files (x86)/Epic Games/4.14/Engine/Plugins/Runtime/SoundMod/SoundMod.uplugin
LogPluginManager: Loaded Plugin SoundVisualizations, From C:/Program Files (x86)/Epic Games/4.14/Engine/Plugins/Runtime/SoundVisualizations/SoundVisualizations.uplugin
LogPluginManager: Loaded Plugin SteamController, From C:/Program Files (x86)/Epic Games/4.14/Engine/Plugins/Runtime/Steam/SteamController/SteamController.uplugin
LogPluginManager: Loaded Plugin SteamVR, From C:/Program Files (x86)/Epic Games/4.14/Engine/Plugins/Runtime/Steam/SteamVR/SteamVR.uplugin
LogPluginManager: Loaded Plugin WebBrowserWidget, From C:/Program Files (x86)/Epic Games/4.14/Engine/Plugins/Runtime/WebBrowserWidget/WebBrowserWidget.uplugin
LogPluginManager: Loaded Plugin WindowsDeviceProfileSelector, From C:/Program Files (x86)/Epic Games/4.14/Engine/Plugins/Runtime/WindowsDeviceProfileSelector/WindowsDeviceProfileSelector.uplugin
LogPluginManager: Loaded Plugin WindowsMoviePlayer, From C:/Program Files (x86)/Epic Games/4.14/Engine/Plugins/Runtime/WindowsMoviePlayer/WindowsMoviePlayer.uplugin
LogPluginManager: Loaded Plugin ScriptPlugin, From C:/Program Files (x86)/Epic Games/4.14/Engine/Plugins/ScriptPlugin/ScriptPlugin.uplugin
LogPluginManager: Loaded Plugin SlateRemote, From C:/Program Files (x86)/Epic Games/4.14/Engine/Plugins/Slate/SlateRemote/SlateRemote.uplugin
LogPluginManager: Loaded Plugin EditorTests, From C:/Program Files (x86)/Epic Games/4.14/Engine/Plugins/Tests/EditorTests/EditorTests.uplugin
LogPluginManager: Loaded Plugin FbxAutomationTestBuilder, From C:/Program Files (x86)/Epic Games/4.14/Engine/Plugins/Tests/FbxAutomationTestBuilder/FbxAutomationTestBuilder.uplugin
LogPluginManager: Loaded Plugin FunctionalTestingEditor, From C:/Program Files (x86)/Epic Games/4.14/Engine/Plugins/Tests/FunctionalTestingEditor/FunctionalTestingEditor.uplugin
LogPluginManager: Loaded Plugin RuntimeTests, From C:/Program Files (x86)/Epic Games/4.14/Engine/Plugins/Tests/RuntimeTests/RuntimeTests.uplugin
LogPluginManager: Loaded Plugin ScreenshotTools, From C:/Program Files (x86)/Epic Games/4.14/Engine/Plugins/Tests/ScreenshotTools/ScreenshotTools.uplugin
LogInit: Using libcurl 7.47.1
LogInit:  - built for x86_64-pc-win32
LogInit:  - supports SSL with OpenSSL/1.0.2g
LogInit:  - supports HTTP deflate (compression) using libz 1.2.8
LogInit:  - other features:
LogInit:      CURL_VERSION_SSL
LogInit:      CURL_VERSION_LIBZ
LogInit:      CURL_VERSION_IPV6
LogInit:      CURL_VERSION_ASYNCHDNS
LogInit:      CURL_VERSION_LARGEFILE
LogInit:      CURL_VERSION_IDN
LogInit:  CurlRequestOptions (configurable via config and command line):
LogInit:  - bVerifyPeer = false  - Libcurl will NOT verify peer certificate
LogInit:  - bUseHttpProxy = false  - Libcurl will NOT use HTTP proxy
LogInit:  - bDontReuseConnections = false  - Libcurl will reuse connections
LogInit:  - CertBundlePath = nullptr  - Libcurl will use whatever was configured at build time.
LogInit: Build: ++UE4+Release-4.14-CL-3249277
LogInit: Engine Version: 4.14.3-3249277+++UE4+Release-4.14
LogInit: Compatible Engine Version: 4.14.0-3195953+++UE4+Release-4.14
LogInit: Net CL: 3195953
LogDevObjectVersion: Number of dev versions registered: 13
LogDevObjectVersion:   Dev-Blueprints (B0D832E4-1F89-4F0D-ACCF-7EB736FD4AA2): 7
LogDevObjectVersion:   Dev-Build (E1C64328-A22C-4D53-A36C-8E866417BD8C): 0
LogDevObjectVersion:   Dev-Core (375EC13C-06E4-48FB-B500-84F0262A717E): 1
LogDevObjectVersion:   Dev-Editor (E4B068ED-F494-42E9-A231-DA0B2E46BB41): 8
LogDevObjectVersion:   Dev-Framework (CFFC743F-43B0-4480-9391-14DF171D2073): 17
LogDevObjectVersion:   Dev-Mobile (B02B49B5-BB20-44E9-A304-32B752E40360): 0
LogDevObjectVersion:   Dev-Networking (A4E4105C-59A1-49B5-A7C5-40C4547EDFEE): 0
LogDevObjectVersion:   Dev-Online (39C831C9-5AE6-47DC-9A44-9C173E1C8E7C): 0
LogDevObjectVersion:   Dev-Physics (78F01B33-EBEA-4F98-B9B4-84EACCB95AA2): 0
LogDevObjectVersion:   Dev-Platform (6631380F-2D4D-43E0-8009-CF276956A95A): 0
LogDevObjectVersion:   Dev-Rendering (12F88B9F-8875-4AFC-A67C-D90C383ABD29): 12
LogDevObjectVersion:   Dev-Sequencer (7B5AE74C-D270-4C10-A958-57980B212A5A): 1
LogDevObjectVersion:   Dev-VR (D7296918-1DD6-4BDD-9DE2-64A83CC13884): 0
LogInit: Compiled (64-bit): Jan  6 2017 10:49:43
LogInit: Compiled with Visual C++: 19.00.23026.00
LogInit: Build Configuration: Development
LogInit: Branch Name: ++UE4+Release-4.14
LogInit: Command line:  
LogInit: Base directory: C:/Program Files (x86)/Epic Games/4.14/Engine/Binaries/Win64/
LogInit: Installed Engine Build: 1
LogInit: Presizing for max 8388607 objects, including 0 objects not considered by GC, pre-allocating 0 bytes for permanent pool.
LogInit: Object subsystem initialized
[2017.01.21-04.45.31:829][  0]LogInit: Selected Device Profile: [Windows]
[2017.01.21-04.45.31:829][  0]LogInit: Applying CVar settings loaded from the selected device profile: [Windows]
[2017.01.21-04.45.31:841][  0]LogInit: Computer: DESKTOP-4RFDRHB
[2017.01.21-04.45.31:841][  0]LogInit: User: Moosca
[2017.01.21-04.45.31:841][  0]LogInit: CPU Page size=65536, Cores=4
[2017.01.21-04.45.31:841][  0]LogInit: High frequency timer resolution =2.435777 MHz
[2017.01.21-04.45.31:841][  0]LogMemory: Memory total: Physical=15.9GB (16GB approx)
[2017.01.21-04.45.31:841][  0]LogMemory: Platform Memory Stats for Windows
[2017.01.21-04.45.31:841][  0]LogMemory: Process Physical Memory: 264.56 MB used, 264.56 MB peak
[2017.01.21-04.45.31:841][  0]LogMemory: Process Virtual Memory: 262.75 MB used, 262.75 MB peak
[2017.01.21-04.45.31:841][  0]LogMemory: Physical Memory: 4483.12 MB used,  11777.09 MB free, 16260.21 MB total
[2017.01.21-04.45.31:841][  0]LogMemory: Virtual Memory: 676.42 MB used,  11777.09 MB free, 134217728.00 MB total
[2017.01.21-04.45.31:866][  0]LogTextLocalizationManager: No specific translations for ('en-US') exist, so ('en') translations will be used.
[2017.01.21-04.45.32:526][  0]LogD3D11RHI: D3D11 adapters:
[2017.01.21-04.45.32:538][  0]LogD3D11RHI:    0. 'AMD Radeon R9 M370X' (Feature Level 11_0)
[2017.01.21-04.45.32:538][  0]LogD3D11RHI:       2026/0/8130 MB DedicatedVideo/DedicatedSystem/SharedSystem, Outputs:1, VendorId:0x1002
[2017.01.21-04.45.32:539][  0]LogD3D11RHI:    1. 'Microsoft Basic Render Driver' (Feature Level 11_0)
[2017.01.21-04.45.32:539][  0]LogD3D11RHI:       0/0/8130 MB DedicatedVideo/DedicatedSystem/SharedSystem, Outputs:0, VendorId:0x1414
[2017.01.21-04.45.32:539][  0]LogD3D11RHI: Chosen D3D11 Adapter: 0
[2017.01.21-04.45.32:543][  0]LogD3D11RHI: Creating new Direct3DDevice
[2017.01.21-04.45.32:543][  0]LogD3D11RHI:     GPU DeviceId: 0x6821 (for the marketing name, search the web for "GPU Device Id")
[2017.01.21-04.45.32:543][  0]LogWindows: EnumDisplayDevices:
[2017.01.21-04.45.32:543][  0]LogWindows:    0. 'AMD Radeon R9 M370X' (P:1 D:1)
[2017.01.21-04.45.32:543][  0]LogWindows:    1. 'AMD Radeon R9 M370X' (P:0 D:0)
[2017.01.21-04.45.32:543][  0]LogWindows:    2. 'AMD Radeon R9 M370X' (P:0 D:0)
[2017.01.21-04.45.32:544][  0]LogWindows:    3. 'AMD Radeon R9 M370X' (P:0 D:0)
[2017.01.21-04.45.32:544][  0]LogWindows:    4. 'AMD Radeon R9 M370X' (P:0 D:0)
[2017.01.21-04.45.32:544][  0]LogWindows:    5. 'AMD Radeon R9 M370X' (P:0 D:0)
[2017.01.21-04.45.32:545][  0]LogWindows: DebugString: FoundDriverCount:6 
[2017.01.21-04.45.32:545][  0]LogD3D11RHI:     Adapter Name: AMD Radeon R9 M370X
[2017.01.21-04.45.32:545][  0]LogD3D11RHI:   Driver Version: 15.200.1060.0 (internal:15.200.1060.0, unified:15.200.1060.0)
[2017.01.21-04.45.32:545][  0]LogD3D11RHI:      Driver Date: 7-15-2015
[2017.01.21-04.45.32:545][  0]LogRHI: Texture pool is 1361 MB (70% of 1945 MB)
[2017.01.21-04.45.32:552][  0]LogD3D11RHI: Async texture creation enabled
[2017.01.21-04.45.32:566][  0]LogD3D11RHI: GPU Timing Frequency: 27.000000 (Debug: 2 1)
[2017.01.21-04.45.32:567][  0]LogShaderCompilers: Guid format shader working directory is -36 characters bigger than the processId version (../../../../../../Users/Moosca/Documents/GitHub/GlobalGameJam2017/GlobalGameJam2017/Intermediate/Shaders/WorkingDirectory/9736/).
[2017.01.21-04.45.32:567][  0]LogShaderCompilers: Cleaned the shader compiler working directory 'C:/Users/Moosca/AppData/Local/Temp/UnrealShaderWorkingDir/63BFB35D49E41266E33A11B36F05A89A/'.
[2017.01.21-04.45.32:567][  0]LogShaderCompilers:Display: Using Local Shader Compiler.
[2017.01.21-04.45.33:717][  0]LogTemp:Display: Loaded TP AllDesktopTargetPlatform
[2017.01.21-04.45.33:769][  0]LogTemp:Display: Loaded TP MacClientTargetPlatform
[2017.01.21-04.45.33:827][  0]LogTemp:Display: Loaded TP MacNoEditorTargetPlatform
[2017.01.21-04.45.33:881][  0]LogTemp:Display: Loaded TP MacServerTargetPlatform
[2017.01.21-04.45.33:934][  0]LogTemp:Display: Loaded TP MacTargetPlatform
[2017.01.21-04.45.33:992][  0]LogTemp:Display: Loaded TP WindowsClientTargetPlatform
[2017.01.21-04.45.34:045][  0]LogTemp:Display: Loaded TP WindowsNoEditorTargetPlatform
[2017.01.21-04.45.34:111][  0]LogTemp:Display: Loaded TP WindowsServerTargetPlatform
[2017.01.21-04.45.34:154][  0]LogTemp:Display: Loaded TP WindowsTargetPlatform
[2017.01.21-04.45.34:210][  0]LogTemp:Display: Loaded TP AndroidTargetPlatform
[2017.01.21-04.45.34:261][  0]LogTemp:Display: Loaded TP Android_ASTCTargetPlatform
[2017.01.21-04.45.34:313][  0]LogTemp:Display: Loaded TP Android_ATCTargetPlatform
[2017.01.21-04.45.34:365][  0]LogTemp:Display: Loaded TP Android_DXTTargetPlatform
[2017.01.21-04.45.34:429][  0]LogTemp:Display: Loaded TP Android_ETC1TargetPlatform
[2017.01.21-04.45.34:479][  0]LogTemp:Display: Loaded TP Android_ETC2TargetPlatform
[2017.01.21-04.45.34:594][  0]LogTemp:Display: Loaded TP Android_MultiTargetPlatform
[2017.01.21-04.45.34:594][  0]LogTemp:Display: Loaded TP Android_PVRTCTargetPlatform
[2017.01.21-04.45.34:630][  0]LogTemp:Display: Loaded TP HTML5TargetPlatform
[2017.01.21-04.45.34:747][  0]LogTemp:Display: Loaded TP IOSTargetPlatform
[2017.01.21-04.45.34:781][  0]LogTemp:Display: Loaded TP TVOSTargetPlatform
[2017.01.21-04.45.34:835][  0]LogTemp:Display: Loaded TP LinuxClientTargetPlatform
[2017.01.21-04.45.34:883][  0]LogTemp:Display: Loaded TP LinuxNoEditorTargetPlatform
[2017.01.21-04.45.34:935][  0]LogTemp:Display: Loaded TP LinuxServerTargetPlatform
[2017.01.21-04.45.34:989][  0]LogTemp:Display: Loaded TP LinuxTargetPlatform
[2017.01.21-04.45.34:989][  0]LogTargetPlatformManager:Display: Building Assets For Windows
[2017.01.21-04.45.35:379][  0]LogDerivedDataCache:Display: Max Cache Size: 512 MB
[2017.01.21-04.45.35:441][  0]LogDerivedDataCache: Loaded boot cache 0.06s 50MB C:/Users/Moosca/AppData/Local/UnrealEngine/4.14/DerivedDataCache/Boot.ddc.
[2017.01.21-04.45.35:441][  0]LogDerivedDataCache:Display: Loaded Boot cache: C:/Users/Moosca/AppData/Local/UnrealEngine/4.14/DerivedDataCache/Boot.ddc
[2017.01.21-04.45.35:441][  0]LogDerivedDataCache: FDerivedDataBackendGraph:  Pak pak cache file ../../../../../../Users/Moosca/Documents/GitHub/GlobalGameJam2017/GlobalGameJam2017/DerivedDataCache/DDC.ddp not found, will not use a pak cache.
[2017.01.21-04.45.35:441][  0]LogDerivedDataCache: Unable to find inner node Pak for hierarchical cache Hierarchy.
[2017.01.21-04.45.35:442][  0]LogDerivedDataCache: FDerivedDataBackendGraph:  CompressedPak pak cache file ../../../../../../Users/Moosca/Documents/GitHub/GlobalGameJam2017/GlobalGameJam2017/DerivedDataCache/Compressed.ddp not found, will not use a pak cache.
[2017.01.21-04.45.35:442][  0]LogDerivedDataCache: Unable to find inner node CompressedPak for hierarchical cache Hierarchy.
[2017.01.21-04.45.35:460][  0]LogDerivedDataCache:Display: Pak cache opened for reading ../../../Engine/DerivedDataCache/Compressed.ddp.
[2017.01.21-04.45.35:472][  0]LogDerivedDataCache: Using Local data cache path C:/Users/Moosca/AppData/Local/UnrealEngine/Common/DerivedDataCache: Writable
[2017.01.21-04.45.35:694][  0]LogInit: Selected Device Profile: [Windows]
[2017.01.21-04.45.35:697][  0]LogContentStreaming: Texture pool size is 0.00 MB
[2017.01.21-04.45.35:917][  0]LogMeshUtilities: Using QuadricMeshReduction for automatic static mesh reduction
[2017.01.21-04.45.35:958][  0]LogSimplygon: Simplygon DLL not present - disabling.
[2017.01.21-04.45.36:000][  0]LogMeshUtilities: Using SimplygonSwarm for distributed automatic mesh merging
[2017.01.21-04.45.36:000][  0]LogMeshUtilities: No automatic skeletal mesh reduction module available
[2017.01.21-04.45.36:000][  0]LogMeshUtilities: No automatic mesh merging module available
[2017.01.21-04.45.36:513][  0]LogNetVersion: GetLocalNetworkVersion: CL: 3195953, ProjectName: globalgamejam2017, ProjectVersion: , EngineNetworkVersion: 2, GameNetworkVersion: 0, NetworkChecksum: 3528608227
[2017.01.21-04.45.36:576][  0]LogAssetRegistry: FAssetRegistry took 0.0214 seconds to start up
[2017.01.21-04.45.36:632][  0]LogPackageLocalizationCache: Processed 3 localized package path(s) for 2 prioritized culture(s) in 0.027711 seconds
[2017.01.21-04.45.36:637][  0]LogUObjectArray: 31946 objects as part of root set at end of initial load.
[2017.01.21-04.45.36:637][  0]LogUObjectAllocator: 6935840 out of 0 bytes used by permanent object pool.
[2017.01.21-04.45.36:637][  0]LogUObjectArray: CloseDisregardForGC: 0/0 objects in disregard for GC pool
[2017.01.21-04.45.36:700][  0]LogInit: WinSock: version 1.1 (2.2), MaxSocks=32767, MaxUdp=65467
[2017.01.21-04.45.37:435][  0]LogSlate: Using Freetype 2.6.0
[2017.01.21-04.45.37:436][  0]LogSlate: SlateFontCache - WITH_FREETYPE: 1, WITH_HARFBUZZ: 1
[2017.01.21-04.45.37:436][  0]LogSlate: SlateFontCache - WITH_FREETYPE: 1, WITH_HARFBUZZ: 1
[2017.01.21-04.45.38:255][  0]LogTcpMessaging: Initializing TcpMessaging bridge
[2017.01.21-04.45.38:298][  0]LogUdpMessaging: Initializing bridge on interface 0.0.0.0:0 to multicast group 230.0.0.1:6666.
[2017.01.21-04.45.38:604][  0]LogMaterial: Uniform references updated for custom material expression Custom.
[2017.01.21-04.45.39:010][  0]SourceControl: Info Source control is disabled
[2017.01.21-04.45.40:743][  0]LogEngine: Initializing Engine...
[2017.01.21-04.45.40:743][  0]LogHMD: Failed to initialize OpenVR with code 110
[2017.01.21-04.45.41:010][  0]LogAIModule: Creating AISystem for world Untitled
[2017.01.21-04.45.41:020][  0]LogInit: XAudio2 using 'Speakers (Cirrus Logic CS4208 (AB 128))' : 4 channels at 48 kHz using 32 bits per sample (channel mask 0x33)
[2017.01.21-04.45.41:031][  0]LogInit: FAudioDevice initialized.
[2017.01.21-04.45.41:056][  0]LogDerivedDataCache: Saved boot cache 0.03s 50MB C:/Users/Moosca/AppData/Local/UnrealEngine/4.14/DerivedDataCache/Boot.ddc.
[2017.01.21-04.45.41:065][  0]LogInit: Texture streaming: Enabled
[2017.01.21-04.45.41:239][  0]LogInit: Transaction tracking system initialized
[2017.01.21-04.45.41:595][  0]BlueprintLog: New page: Editor Load
[2017.01.21-04.45.42:485][  0]LocalizationService: Info Localization service is disabled
[2017.01.21-04.45.43:143][  0]LogConsoleResponse:Display: 
[2017.01.21-04.45.43:299][  0]LogCook:Display: Max memory allowance for cook 16384mb min free memory 0mb
[2017.01.21-04.45.43:299][  0]LogCook:Display: Mobile HDR setting 1
[2017.01.21-04.45.44:095][  0]LogFileCache: Scanning file cache for directory 'C:/Users/Moosca/Documents/GitHub/GlobalGameJam2017/GlobalGameJam2017/Content/' took 0.01s
[2017.01.21-04.45.44:240][  0]Cmd: MAP LOAD FILE="../../../../../../Users/Moosca/Documents/GitHub/GlobalGameJam2017/GlobalGameJam2017/Content/TopDownBP/Maps/TopDownExampleMap.umap" TEMPLATE=0 SHOWPROGRESS=1 FEATURELEVEL=3
[2017.01.21-04.45.44:240][  0]LightingResults: New page: Lighting Build
[2017.01.21-04.45.44:280][  0]MapCheck: New page: Map Check
[2017.01.21-04.45.44:280][  0]LightingResults: New page: Lighting Build
[2017.01.21-04.45.44:754][  0]LogAIModule: Creating AISystem for world TopDownExampleMap
[2017.01.21-04.45.44:769][  0]LogEditorServer: Finished looking for orphan Actors (0.000 secs)
[2017.01.21-04.45.44:771][  0]Cmd: MAP CHECKDEP NOCLEARLOG
[2017.01.21-04.45.44:826][  0]MapCheck: Info Map check complete: 0 Error(s), 0 Warning(s), took 54.89ms to complete.
[2017.01.21-04.45.44:826][  0]LogFileHelpers: Loading map 'TopDownExampleMap' took 0.587
[2017.01.21-04.45.44:886][  0]LogWindowsTextInputMethodSystem:Display: IME system now deactivated.
[2017.01.21-04.45.44:966][  0]LogCollectionManager: Loaded 0 collections in 0.001689 seconds
[2017.01.21-04.45.45:036][  0]LogFileCache: Scanning file cache for directory 'C:/Users/Moosca/Documents/GitHub/GlobalGameJam2017/GlobalGameJam2017/Saved/Collections/' took 0.01s
[2017.01.21-04.45.45:036][  0]LogFileCache: Scanning file cache for directory 'C:/Users/Moosca/Documents/GitHub/GlobalGameJam2017/GlobalGameJam2017/Content/Developers/Moosca/Collections/' took 0.01s
[2017.01.21-04.45.45:036][  0]LogFileCache: Scanning file cache for directory 'C:/Users/Moosca/Documents/GitHub/GlobalGameJam2017/GlobalGameJam2017/Content/Collections/' took 0.01s
[2017.01.21-04.45.45:036][  0]LogCollectionManager: Rebuilt the GUID cache for 0 collections in 0.000002 seconds
[2017.01.21-04.45.45:045][  0]LogContentBrowser: Native class hierarchy populated in 0.0084 seconds. Added 2190 classes and 428 folders.
[2017.01.21-04.45.45:088][  0]LogStats: UGameplayTagsManager::ConstructGameplayTagTree: Construct from data asset -  0.000 s
[2017.01.21-04.45.45:088][  0]LogStats: UGameplayTagsManager::ConstructGameplayTagTree: GameplayTagTreeChangedEvent.Broadcast -  0.000 s
[2017.01.21-04.45.45:089][  0]LogContentBrowser: Native class hierarchy updated for 'GameplayTags' in 0.0008 seconds. Added 13 classes and 0 folders.
[2017.01.21-04.45.45:144][  0]LogContentBrowser: Native class hierarchy updated for 'WidgetCarousel' in 0.0004 seconds. Added 0 classes and 0 folders.
[2017.01.21-04.45.45:148][  0]LogContentBrowser: Native class hierarchy updated for 'AddContentDialog' in 0.0004 seconds. Added 0 classes and 0 folders.
[2017.01.21-04.45.45:186][  0]LogContentBrowser: Native class hierarchy updated for 'SceneOutliner' in 0.0005 seconds. Added 1 classes and 2 folders.
[2017.01.21-04.45.45:221][  0]LogCrashTracker: Crashtracker disabled due to settings.
[2017.01.21-04.45.45:227][  0]LogUObjectGlobals:Warning: Failed to find object 'Class None.'
[2017.01.21-04.45.45:287][  0]LogContentBrowser: Native class hierarchy updated for 'HierarchicalLODOutliner' in 0.0005 seconds. Added 1 classes and 2 folders.
[2017.01.21-04.45.45:287][  0]LogLoad: (Engine Initialization) Total time: 14.84 seconds
[2017.01.21-04.45.45:287][  0]LogLoad: (Engine Initialization) Total Blueprint compile time: 0.20 seconds
[2017.01.21-04.45.45:287][  0]LogExternalProfiler: Found external profiler: VSPerf
[2017.01.21-04.45.45:287][  0]LogExternalProfiler: Using external profiler: VSPerf
[2017.01.21-04.45.45:305][  0]LogOcInput: OculusInput pre-init called
[2017.01.21-04.45.45:325][  0]SourceControl: Info On branch master
[2017.01.21-04.45.45:325][  0]SourceControl: Info Your branch is up-to-date with 'origin/master'.
[2017.01.21-04.45.45:325][  0]SourceControl: Info Changes not staged for commit:
[2017.01.21-04.45.45:325][  0]SourceControl: Info   (use "git add <file>..." to update what will be committed)
[2017.01.21-04.45.45:325][  0]SourceControl: Info   (use "git checkout -- <file>..." to discard changes in working directory)
[2017.01.21-04.45.45:325][  0]SourceControl: Info 	modified:   GlobalGameJam2017/Intermediate/CachedAssetRegistry.bin
[2017.01.21-04.45.45:325][  0]SourceControl: Info 	modified:   GlobalGameJam2017/Saved/Autosaves/PackageRestoreData.json
[2017.01.21-04.45.45:325][  0]SourceControl: Info 	modified:   GlobalGameJam2017/Saved/Config/Windows/EditorPerProjectUserSettings.ini
[2017.01.21-04.45.45:325][  0]SourceControl: Info 	modified:   GlobalGameJam2017/Saved/Config/Windows/Engine.ini
[2017.01.21-04.45.45:325][  0]SourceControl: Info 	modified:   GlobalGameJam2017/Saved/Config/Windows/SourceControlSettings.ini
[2017.01.21-04.45.45:325][  0]SourceControl: Info 	modified:   GlobalGameJam2017/Saved/Logs/GlobalGameJam2017.log
[2017.01.21-04.45.45:326][  0]SourceControl: Info Untracked files:
[2017.01.21-04.45.45:326][  0]SourceControl: Info   (use "git add <file>..." to include in what will be committed)
[2017.01.21-04.45.45:326][  0]SourceControl: Info 	GlobalGameJam2017/Saved/AutoScreenshot.png
[2017.01.21-04.45.45:326][  0]SourceControl: Info 	GlobalGameJam2017/Saved/Logs/GlobalGameJam2017-backup-2017.01.20-22.36.39.log
[2017.01.21-04.45.45:326][  0]SourceControl: Info 	GlobalGameJam2017/Saved/Logs/GlobalGameJam2017-backup-2017.01.20-23.45.31.log
[2017.01.21-04.45.45:326][  0]SourceControl: Info 	GlobalGameJam2017/Saved/Logs/UE4CC-Windows-0E3603BD4EB35C4F0475908879F82822/
[2017.01.21-04.45.45:326][  0]SourceControl: Info 	GlobalGameJam2017/Saved/Logs/UE4CC-Windows-AE4657D6461DE910AD80B68446C49B47/
[2017.01.21-04.45.45:326][  0]SourceControl: Info no changes added to commit (use "git add" and/or "git commit -a")
[2017.01.21-04.45.45:326][  0]LogContentStreaming: Texture pool size now 1000 MB
[2017.01.21-04.45.45:487][  0]LogRenderer: Reallocating scene render targets to support 1208x652 NumSamples 1 (Frame:2).
[2017.01.21-04.45.45:896][  1]LogAssetRegistry: Asset discovery search completed in 9.3411 seconds
[2017.01.21-04.45.45:896][  1]LogCollectionManager: Rebuilt the object cache for 0 collections in 0.000001 seconds (found 0 objects)
[2017.01.21-04.45.45:896][  1]LogCollectionManager: Fixed up redirectors for 0 collections in 0.000030 seconds (updated 0 objects)
[2017.01.21-04.46.02:908][861]SourceControl: Info On branch master
[2017.01.21-04.46.02:908][861]SourceControl: Info Your branch is up-to-date with 'origin/master'.
[2017.01.21-04.46.02:908][861]SourceControl: Info Changes not staged for commit:
[2017.01.21-04.46.02:908][861]SourceControl: Info   (use "git add <file>..." to update what will be committed)
[2017.01.21-04.46.02:908][861]SourceControl: Info   (use "git checkout -- <file>..." to discard changes in working directory)
[2017.01.21-04.46.02:909][861]SourceControl: Info 	modified:   GlobalGameJam2017/Intermediate/CachedAssetRegistry.bin
[2017.01.21-04.46.02:909][861]SourceControl: Info 	modified:   GlobalGameJam2017/Saved/Autosaves/PackageRestoreData.json
[2017.01.21-04.46.02:909][861]SourceControl: Info 	modified:   GlobalGameJam2017/Saved/Config/Windows/EditorPerProjectUserSettings.ini
[2017.01.21-04.46.02:909][861]SourceControl: Info 	modified:   GlobalGameJam2017/Saved/Config/Windows/Engine.ini
[2017.01.21-04.46.02:909][861]SourceControl: Info 	modified:   GlobalGameJam2017/Saved/Config/Windows/SourceControlSettings.ini
[2017.01.21-04.46.02:909][861]SourceControl: Info 	modified:   GlobalGameJam2017/Saved/Logs/GlobalGameJam2017.log
[2017.01.21-04.46.02:909][861]SourceControl: Info Untracked files:
[2017.01.21-04.46.02:909][861]SourceControl: Info   (use "git add <file>..." to include in what will be committed)
[2017.01.21-04.46.02:909][861]SourceControl: Info 	GlobalGameJam2017/Saved/AutoScreenshot.png
[2017.01.21-04.46.02:909][861]SourceControl: Info 	GlobalGameJam2017/Saved/Logs/GlobalGameJam2017-backup-2017.01.20-22.36.39.log
[2017.01.21-04.46.02:909][861]SourceControl: Info 	GlobalGameJam2017/Saved/Logs/GlobalGameJam2017-backup-2017.01.20-23.45.31.log
[2017.01.21-04.46.02:909][861]SourceControl: Info 	GlobalGameJam2017/Saved/Logs/UE4CC-Windows-0E3603BD4EB35C4F0475908879F82822/
[2017.01.21-04.46.02:909][861]SourceControl: Info 	GlobalGameJam2017/Saved/Logs/UE4CC-Windows-AE4657D6461DE910AD80B68446C49B47/
[2017.01.21-04.46.02:909][861]SourceControl: Info no changes added to commit (use "git add" and/or "git commit -a")
[2017.01.21-04.47.13:987][502]SourceControl:Error: Error error: cannot pull with rebase: You have unstaged changes.
[2017.01.21-04.47.13:987][502]SourceControl:Error: Error error: please commit or stash them.
[2017.01.21-04.47.13:991][502]LoadErrors: New page: Loading package: /Game/Mannequin/Animations/ThirdPerson_IdleRun_2D
[2017.01.21-04.47.14:000][502]LoadErrors: New page: Loading package: /Game/Mannequin/Animations/ThirdPersonWalk
[2017.01.21-04.47.14:002][502]LoadErrors: New page: Loading package: /Game/Mannequin/Animations/ThirdPersonRun
[2017.01.21-04.47.14:005][502]LoadErrors: New page: Loading package: /Game/Mannequin/Animations/ThirdPersonIdle
[2017.01.21-04.47.14:007][502]LoadErrors: New page: Loading package: /Game/Mannequin/Animations/ThirdPersonJump_Start
[2017.01.21-04.47.14:012][502]LoadErrors: New page: Loading package: /Game/Mannequin/Animations/ThirdPersonJump_Loop
[2017.01.21-04.47.14:017][502]LoadErrors: New page: Loading package: /Game/Mannequin/Animations/ThirdPerson_Jump
[2017.01.21-04.47.14:022][502]LoadErrors: New page: Loading package: /Game/Mannequin/Character/Mesh/UE4_Mannequin_Skeleton
[2017.01.21-04.47.14:025][502]LoadErrors: New page: Loading package: /Game/Mannequin/Animations/ThirdPerson_AnimBP
[2017.01.21-04.47.14:041][502]LoadErrors: New page: Loading package: /Game/TopDownBP/Blueprints/M_Cursor_Decal
[2017.01.21-04.47.14:049][502]LoadErrors: New page: Loading package: /Game/Mannequin/Character/Materials/MaterialLayers/T_ML_Rubber_Blue_01_D
[2017.01.21-04.47.14:054][502]LoadErrors: New page: Loading package: /Game/Mannequin/Character/Materials/MaterialLayers/T_ML_Rubber_Blue_01_N
[2017.01.21-04.47.14:059][502]LoadErrors: New page: Loading package: /Game/Mannequin/Character/Materials/MaterialLayers/ML_GlossyBlack_Latex_UE4
[2017.01.21-04.47.14:065][502]LoadErrors: New page: Loading package: /Game/Mannequin/Character/Materials/MaterialLayers/ML_Plastic_Shiny_Beige
[2017.01.21-04.47.14:069][502]LoadErrors: New page: Loading package: /Game/Mannequin/Character/Textures/UE4_LOGO_CARD
[2017.01.21-04.47.14:073][502]LoadErrors: New page: Loading package: /Game/Mannequin/Character/Materials/MaterialLayers/ML_Plastic_Shiny_Beige_LOGO
[2017.01.21-04.47.14:079][502]LoadErrors: New page: Loading package: /Game/Mannequin/Character/Materials/MaterialLayers/T_ML_Aluminum01
[2017.01.21-04.47.14:086][502]LoadErrors: New page: Loading package: /Game/Mannequin/Character/Materials/MaterialLayers/T_ML_Aluminum01_N
[2017.01.21-04.47.14:093][502]LoadErrors: New page: Loading package: /Game/Mannequin/Character/Materials/MaterialLayers/ML_SoftMetal_UE4
[2017.01.21-04.47.14:100][502]LoadErrors: New page: Loading package: /Game/Mannequin/Character/Textures/UE4_Mannequin__normals
[2017.01.21-04.47.14:107][502]LoadErrors: New page: Loading package: /Game/Mannequin/Character/Textures/UE4_Mannequin_MAT_MASKA
[2017.01.21-04.47.14:113][502]LoadErrors: New page: Loading package: /Game/Mannequin/Character/Materials/M_UE4Man_Body
[2017.01.21-04.47.14:128][502]LoadErrors: New page: Loading package: /Game/Mannequin/Character/Textures/UE4Man_Logo_N
[2017.01.21-04.47.14:134][502]LoadErrors: New page: Loading package: /Game/Mannequin/Character/Materials/M_UE4Man_ChestLogo
[2017.01.21-04.47.14:146][502]LoadErrors: New page: Loading package: /Game/Mannequin/Character/Mesh/SK_Mannequin_PhysicsAsset
[2017.01.21-04.47.14:153][502]LoadErrors: New page: Loading package: /Game/Mannequin/Character/Mesh/SK_Mannequin
[2017.01.21-04.47.14:178][502]LoadErrors: New page: Loading package: /Game/TopDownBP/Blueprints/TopDownCharacter
[2017.01.21-04.47.14:203][502]LoadErrors: New page: Loading package: /Game/TopDownBP/Blueprints/TopDownController
[2017.01.21-04.47.14:223][502]LoadErrors: New page: Loading package: /Game/TopDownBP/Blueprints/TopDownGameMode
[2017.01.21-04.47.14:229][502]LoadErrors: New page: Loading package: /Game/TopDownBP/Maps/TopDownExampleMap_BuiltData
[2017.01.21-04.47.14:245][502]LoadErrors: New page: Loading package: /Game/Geometry/Meshes/CubeMaterial
[2017.01.21-04.47.14:253][502]LoadErrors: New page: Loading package: /Game/Geometry/Meshes/1M_Cube
[2017.01.21-04.47.14:258][502]LoadErrors: New page: Loading package: /Game/Geometry/Meshes/1M_Cube_Chamfer
[2017.01.21-04.47.54:445][821]SourceControl:Error: Error error: cannot pull with rebase: You have unstaged changes.
[2017.01.21-04.47.54:445][821]SourceControl:Error: Error error: please commit or stash them.
[2017.01.21-04.47.54:448][821]LoadErrors: New page: Loading package: /Game/TopDownBP/Blueprints/M_Cursor_Decal
[2017.01.21-04.47.54:459][821]LoadErrors: New page: Loading package: /Game/TopDownBP/Blueprints/TopDownCharacter
[2017.01.21-04.47.54:482][821]LoadErrors: New page: Loading package: /Game/TopDownBP/Blueprints/TopDownController
[2017.01.21-04.47.54:503][821]LoadErrors: New page: Loading package: /Game/TopDownBP/Blueprints/TopDownGameMode
[2017.01.21-04.48.22:197][ 74]SourceControl:Error: Error error: cannot pull with rebase: You have unstaged changes.
[2017.01.21-04.48.22:197][ 74]SourceControl:Error: Error error: please commit or stash them.
[2017.01.21-04.48.22:200][ 74]LoadErrors: New page: Loading package: /Game/Mannequin/Animations/ThirdPerson_IdleRun_2D
[2017.01.21-04.48.22:206][ 74]LoadErrors: New page: Loading package: /Game/Mannequin/Animations/ThirdPersonWalk
[2017.01.21-04.48.22:209][ 74]LoadErrors: New page: Loading package: /Game/Mannequin/Animations/ThirdPersonRun
[2017.01.21-04.48.22:211][ 74]LoadErrors: New page: Loading package: /Game/Mannequin/Animations/ThirdPersonIdle
[2017.01.21-04.48.22:214][ 74]LoadErrors: New page: Loading package: /Game/Mannequin/Animations/ThirdPersonJump_Start
[2017.01.21-04.48.22:218][ 74]LoadErrors: New page: Loading package: /Game/Mannequin/Animations/ThirdPersonJump_Loop
[2017.01.21-04.48.22:222][ 74]LoadErrors: New page: Loading package: /Game/Mannequin/Animations/ThirdPerson_Jump
[2017.01.21-04.48.22:226][ 74]LoadErrors: New page: Loading package: /Game/Mannequin/Character/Mesh/UE4_Mannequin_Skeleton
[2017.01.21-04.48.22:228][ 74]LoadErrors: New page: Loading package: /Game/Mannequin/Animations/ThirdPerson_AnimBP
[2017.01.21-04.48.22:241][ 74]LoadErrors: New page: Loading package: /Game/TopDownBP/Blueprints/M_Cursor_Decal
[2017.01.21-04.48.22:247][ 74]LoadErrors: New page: Loading package: /Game/Mannequin/Character/Materials/MaterialLayers/T_ML_Rubber_Blue_01_D
[2017.01.21-04.48.22:251][ 74]LoadErrors: New page: Loading package: /Game/Mannequin/Character/Materials/MaterialLayers/T_ML_Rubber_Blue_01_N
[2017.01.21-04.48.22:255][ 74]LoadErrors: New page: Loading package: /Game/Mannequin/Character/Materials/MaterialLayers/ML_GlossyBlack_Latex_UE4
[2017.01.21-04.48.22:260][ 74]LoadErrors: New page: Loading package: /Game/Mannequin/Character/Materials/MaterialLayers/ML_Plastic_Shiny_Beige
[2017.01.21-04.48.22:263][ 74]LoadErrors: New page: Loading package: /Game/Mannequin/Character/Textures/UE4_LOGO_CARD
[2017.01.21-04.48.22:266][ 74]LoadErrors: New page: Loading package: /Game/Mannequin/Character/Materials/MaterialLayers/ML_Plastic_Shiny_Beige_LOGO
[2017.01.21-04.48.22:270][ 74]LoadErrors: New page: Loading package: /Game/Mannequin/Character/Materials/MaterialLayers/T_ML_Aluminum01
[2017.01.21-04.48.22:274][ 74]LoadErrors: New page: Loading package: /Game/Mannequin/Character/Materials/MaterialLayers/T_ML_Aluminum01_N
[2017.01.21-04.48.22:278][ 74]LoadErrors: New page: Loading package: /Game/Mannequin/Character/Materials/MaterialLayers/ML_SoftMetal_UE4
[2017.01.21-04.48.22:282][ 74]LoadErrors: New page: Loading package: /Game/Mannequin/Character/Textures/UE4_Mannequin__normals
[2017.01.21-04.48.22:286][ 74]LoadErrors: New page: Loading package: /Game/Mannequin/Character/Textures/UE4_Mannequin_MAT_MASKA
[2017.01.21-04.48.22:289][ 74]LoadErrors: New page: Loading package: /Game/Mannequin/Character/Materials/M_UE4Man_Body
[2017.01.21-04.48.22:300][ 74]LoadErrors: New page: Loading package: /Game/Mannequin/Character/Textures/UE4Man_Logo_N
[2017.01.21-04.48.22:303][ 74]LoadErrors: New page: Loading package: /Game/Mannequin/Character/Materials/M_UE4Man_ChestLogo
[2017.01.21-04.48.22:312][ 74]LoadErrors: New page: Loading package: /Game/Mannequin/Character/Mesh/SK_Mannequin_PhysicsAsset
[2017.01.21-04.48.22:317][ 74]LoadErrors: New page: Loading package: /Game/Mannequin/Character/Mesh/SK_Mannequin
[2017.01.21-04.48.22:338][ 74]LoadErrors: New page: Loading package: /Game/TopDownBP/Blueprints/TopDownCharacter
[2017.01.21-04.48.22:356][ 74]LoadErrors: New page: Loading package: /Game/TopDownBP/Blueprints/TopDownController
[2017.01.21-04.48.22:372][ 74]LoadErrors: New page: Loading package: /Game/TopDownBP/Blueprints/TopDownGameMode
[2017.01.21-04.48.22:377][ 74]LoadErrors: New page: Loading package: /Game/TopDownBP/Maps/TopDownExampleMap_BuiltData
[2017.01.21-04.48.22:387][ 74]LoadErrors: New page: Loading package: /Game/Geometry/Meshes/CubeMaterial
[2017.01.21-04.48.22:395][ 74]LoadErrors: New page: Loading package: /Game/Geometry/Meshes/1M_Cube
[2017.01.21-04.48.22:401][ 74]LoadErrors: New page: Loading package: /Game/Geometry/Meshes/1M_Cube_Chamfer
[2017.01.21-04.50.45:337][910]LogObjectTools:Warning: ForceReplaceReferences replaced references for a transient object 'DEADCLASS_TopDownCharacter_C_2' or package '/Engine/Transient'.
[2017.01.21-04.50.45:337][910]LogObjectTools:Warning: ForceReplaceReferences replaced references for a transient object 'CursorToWorld_GEN_VARIABLE' or package '/Engine/Transient'.
[2017.01.21-04.50.45:337][910]LogObjectTools:Warning: ForceReplaceReferences replaced references for a transient object 'DEADCLASS_TopDownCharacter_C_3' or package '/Engine/Transient'.
[2017.01.21-04.50.45:337][910]LogObjectTools:Warning: ForceReplaceReferences replaced references for a transient object 'DEADCLASS_TopDownController_C_4' or package '/Engine/Transient'.
[2017.01.21-04.50.45:337][910]LogObjectTools:Warning: ForceReplaceReferences replaced references for a transient object 'DEADCLASS_TopDownController_C_5' or package '/Engine/Transient'.
[2017.01.21-04.50.45:337][910]LogObjectTools:Warning: ForceReplaceReferences replaced references for a transient object 'CursorToWorld' or package '/Engine/Transient'.
[2017.01.21-04.50.45:337][910]LogObjectTools:Warning: ForceReplaceReferences replaced references for a transient object 'REINST_SKEL_TopDownController_C_32' or package '/Engine/Transient'.
[2017.01.21-04.50.45:337][910]LogObjectTools:Warning: ForceReplaceReferences replaced references for a transient object 'K2Node_DynamicCast_AsTop_Down_Character' or package '/Engine/Transient'.
[2017.01.21-04.50.45:337][910]LogObjectTools:Warning: ForceReplaceReferences replaced references for a transient object 'REINST_TopDownController_C_31' or package '/Engine/Transient'.
[2017.01.21-04.50.45:337][910]LogObjectTools:Warning: ForceReplaceReferences replaced references for a transient object 'REINST_SKEL_TopDownCharacter_C_30' or package '/Engine/Transient'.
[2017.01.21-04.50.45:337][910]LogObjectTools:Warning: ForceReplaceReferences replaced references for a transient object 'CursorToWorld_GEN_VARIABLE' or package '/Engine/Transient'.
[2017.01.21-04.50.45:337][910]LogObjectTools:Warning: ForceReplaceReferences replaced references for a transient object 'ExecuteUbergraph_TopDownController' or package '/Engine/Transient'.
[2017.01.21-04.50.45:337][910]LogObjectTools:Warning: ForceReplaceReferences replaced references for a transient object 'K2Node_DynamicCast_AsTop_Down_Character' or package '/Engine/Transient'.
[2017.01.21-04.50.45:337][910]LogObjectTools:Warning: ForceReplaceReferences replaced references for a transient object 'DEADCLASS_TopDownGameMode_C_0' or package '/Engine/Transient'.
[2017.01.21-04.50.45:337][910]LogObjectTools:Warning: ForceReplaceReferences replaced references for a transient object 'DEADCLASS_TopDownGameMode_C_1' or package '/Engine/Transient'.
[2017.01.21-04.50.45:338][910]LogObjectTools:Warning: ForceReplaceReferences replaced references for a transient object 'Default__DEADCLASS_TopDownGameMode_C_0' or package '/Engine/Transient'.
[2017.01.21-04.50.45:338][910]LogObjectTools:Warning: ForceReplaceReferences replaced references for a transient object 'REINST_TopDownCharacter_C_29' or package '/Engine/Transient'.
[2017.01.21-04.50.45:338][910]LogObjectTools:Warning: ForceReplaceReferences replaced references for a transient object 'REINST_SKEL_TopDownGameMode_C_28' or package '/Engine/Transient'.
[2017.01.21-04.50.45:338][910]LogObjectTools:Warning: ForceReplaceReferences replaced references for a transient object 'Default__REINST_TopDownGameMode_C_27' or package '/Engine/Transient'.
[2017.01.21-04.50.45:338][910]LogObjectTools:Warning: ForceReplaceReferences replaced references for a transient object 'REINST_TopDownGameMode_C_27' or package '/Engine/Transient'.
[2017.01.21-04.50.45:814][910]SourceControl: Info rm 'GlobalGameJam2017/Content/TopDownBP/Blueprints/M_Cursor_Decal.uasset'
[2017.01.21-04.50.45:814][910]SourceControl: Info rm 'GlobalGameJam2017/Content/TopDownBP/Blueprints/TopDownCharacter.uasset'
[2017.01.21-04.50.45:814][910]SourceControl: Info rm 'GlobalGameJam2017/Content/TopDownBP/Blueprints/TopDownController.uasset'
[2017.01.21-04.50.45:814][910]SourceControl: Info rm 'GlobalGameJam2017/Content/TopDownBP/Blueprints/TopDownGameMode.uasset'
[2017.01.21-04.50.48:641][ 63]SourceControl: Info fatal: C:/Program Files (x86)/Epic Games/4.14/Engine/Content/: 'C:/Program Files (x86)/Epic Games/4.14/Engine/Content/' is outside repository
[2017.01.21-04.50.51:982][130]LogTemp: Repeting last play command: Selected Viewport
[2017.01.21-04.50.52:003][130]LogBlueprintUserMessages: Early PlayInEditor Detection: Level '/Game/TopDownBP/Maps/TopDownExampleMap.TopDownExampleMap:PersistentLevel' has LevelScriptBlueprint '/Game/TopDownBP/Maps/TopDownExampleMap.TopDownExampleMap:PersistentLevel.TopDownExampleMap' with GeneratedClass '/Game/TopDownBP/Maps/TopDownExampleMap.TopDownExampleMap_C' with ClassGeneratedBy '/Game/TopDownBP/Maps/TopDownExampleMap.TopDownExampleMap:PersistentLevel.TopDownExampleMap'
[2017.01.21-04.50.52:005][130]LogPlayLevel: PlayLevel: No blueprints needed recompiling
[2017.01.21-04.50.52:006][130]PIE: New page: PIE session: TopDownExampleMap (Jan 20, 2017, 6:50:52 PM)
[2017.01.21-04.50.52:006][130]LogPlayLevel: Creating play world package: /Game/TopDownBP/Maps/UEDPIE_0_TopDownExampleMap
[2017.01.21-04.50.52:034][130]LogPlayLevel: PIE: StaticDuplicateObject took: (0.027585s)
[2017.01.21-04.50.52:034][130]LogAIModule: Creating AISystem for world TopDownExampleMap
[2017.01.21-04.50.52:035][130]LogPlayLevel: PIE: World Init took: (0.001189s)
[2017.01.21-04.50.52:035][130]LogPlayLevel: PIE: Created PIE world by copying editor world from /Game/TopDownBP/Maps/TopDownExampleMap.TopDownExampleMap to /Game/TopDownBP/Maps/UEDPIE_0_TopDownExampleMap.TopDownExampleMap (0.029203s)
[2017.01.21-04.50.52:051][130]LogInit: XAudio2 using 'Speakers (Cirrus Logic CS4208 (AB 128))' : 4 channels at 48 kHz using 32 bits per sample (channel mask 0x33)
[2017.01.21-04.50.52:059][130]LogInit: FAudioDevice initialized.
[2017.01.21-04.50.52:107][130]LogLinker:Warning: Can't find file '/Game/TopDownBP/Blueprints/TopDownGameMode'
[2017.01.21-04.50.52:107][130]LogLinker:Warning: Can't find file '/Game/TopDownBP/Blueprints/TopDownGameMode'
[2017.01.21-04.50.52:107][130]LogUObjectGlobals:Warning: Failed to find object 'Class /Game/TopDownBP/Blueprints/TopDownGameMode.TopDownGameMode_C'
[2017.01.21-04.50.52:107][130]LogLoad: Game class is 'GameModeBase'
[2017.01.21-04.50.52:110][130]LogWorld: Bringing World /Game/TopDownBP/Maps/UEDPIE_0_TopDownExampleMap.TopDownExampleMap up for play (max tick rate 60) at 2017.01.20-23.50.52
[2017.01.21-04.50.52:111][130]LogWorld: Bringing up level for play took: 0.001700
[2017.01.21-04.50.52:157][130]LogContentBrowser: Native class hierarchy updated for 'MovieSceneCapture' in 0.0007 seconds. Added 11 classes and 0 folders.
[2017.01.21-04.50.52:158][130]PIE: Info Play in editor start time for /Game/TopDownBP/Maps/UEDPIE_0_TopDownExampleMap 1.095
[2017.01.21-04.50.52:158][130]LogBlueprintUserMessages: Late PlayInEditor Detection: Level '/Game/TopDownBP/Maps/TopDownExampleMap.TopDownExampleMap:PersistentLevel' has LevelScriptBlueprint '/Game/TopDownBP/Maps/TopDownExampleMap.TopDownExampleMap:PersistentLevel.TopDownExampleMap' with GeneratedClass '/Game/TopDownBP/Maps/TopDownExampleMap.TopDownExampleMap_C' with ClassGeneratedBy '/Game/TopDownBP/Maps/TopDownExampleMap.TopDownExampleMap:PersistentLevel.TopDownExampleMap'
[2017.01.21-04.50.59:239][530]LogBlueprintUserMessages: Early EndPlayMap Detection: Level '/Game/TopDownBP/Maps/TopDownExampleMap.TopDownExampleMap:PersistentLevel' has LevelScriptBlueprint '/Game/TopDownBP/Maps/TopDownExampleMap.TopDownExampleMap:PersistentLevel.TopDownExampleMap' with GeneratedClass '/Game/TopDownBP/Maps/TopDownExampleMap.TopDownExampleMap_C' with ClassGeneratedBy '/Game/TopDownBP/Maps/TopDownExampleMap.TopDownExampleMap:PersistentLevel.TopDownExampleMap'
[2017.01.21-04.50.59:294][530]LogBlueprintUserMessages: Late EndPlayMap Detection: Level '/Game/TopDownBP/Maps/TopDownExampleMap.TopDownExampleMap:PersistentLevel' has LevelScriptBlueprint '/Game/TopDownBP/Maps/TopDownExampleMap.TopDownExampleMap:PersistentLevel.TopDownExampleMap' with GeneratedClass '/Game/TopDownBP/Maps/TopDownExampleMap.TopDownExampleMap_C' with ClassGeneratedBy '/Game/TopDownBP/Maps/TopDownExampleMap.TopDownExampleMap:PersistentLevel.TopDownExampleMap'
[2017.01.21-04.51.15:508][128]Cmd: QUIT_EDITOR
[2017.01.21-04.51.16:395][128]LogWindowsTextInputMethodSystem:Display: IME system now deactivated.
[2017.01.21-04.51.16:417][128]LogExit: Preparing to exit.
[2017.01.21-04.51.17:514][128]LogDirectoryWatcher: A directory notification for 'C:/Users/Moosca/Documents/GitHub/GlobalGameJam2017/GlobalGameJam2017/Content/' was aborted.
[2017.01.21-04.51.17:526][128]LogExit: Editor shut down
[2017.01.21-04.51.17:527][128]LogExit: Transaction tracking system shut down
[2017.01.21-04.51.17:579][128]LogObj: Freed 0b from 0 cluster array pools.
[2017.01.21-04.51.17:579][128]LogExit: Object subsystem successfully closed.
[2017.01.21-04.51.17:599][128]LogD3D11RHI: Shutdown
[2017.01.21-04.51.17:599][128]LogD3D11RHI: CleanupD3DDevice
[2017.01.21-04.51.17:726][128]LogD3D11RHI: ~FD3D11DynamicRHI
[2017.01.21-04.51.17:736][128]LogHttp:Display: Http module shutting down, but needs to wait on 1 outstanding Http requests:
[2017.01.21-04.51.17:736][128]LogHttp:Display: 	verb=[POST] url=[https://datarouter.ol.epicgames.com/datarouter/api/v1/public/data?SessionID=%7BF67E9B87-416F-9C34-3DB8-06965F30095C%7D&AppID=UEEditor.Rocket.Release&AppVersion=4.14.3-3249277%2B%2B%2BUE4%2BRelease-4.14&UserID=d61a571d40dc1f92a82a3f9b5e8065c4%7Cbba426a708364627893154e33c9080f9%7Cb3ca37ec-af5e-40cd-ad9a-bfe1fc4172c0&AppEnvironment=datacollector-binary&UploadType=eteventstream] status=Processing
[2017.01.21-04.51.17:750][128]LogModuleManager: Shutting down and abandoning module MovieSceneCapture (242)
[2017.01.21-04.51.17:750][128]LogModuleManager: Shutting down and abandoning module HierarchicalLODOutliner (241)
[2017.01.21-04.51.17:750][128]LogModuleManager: Shutting down and abandoning module CrashTracker (240)
[2017.01.21-04.51.17:750][128]LogModuleManager: Shutting down and abandoning module SceneOutliner (239)
[2017.01.21-04.51.17:750][128]LogModuleManager: Shutting down and abandoning module WidgetCarousel (238)
[2017.01.21-04.51.17:750][128]LogModuleManager: Shutting down and abandoning module AddContentDialog (237)
[2017.01.21-04.51.17:750][128]LogDirectoryWatcher: A directory notification for 'C:/Program Files (x86)/Epic Games/4.14/FeaturePacks/' was aborted.
[2017.01.21-04.51.17:750][128]LogModuleManager: Shutting down and abandoning module GameplayTags (236)
[2017.01.21-04.51.17:750][128]LogModuleManager: Shutting down and abandoning module EditorWidgets (235)
[2017.01.21-04.51.17:750][128]LogModuleManager: Shutting down and abandoning module CollectionManager (234)
[2017.01.21-04.51.17:750][128]LogDirectoryWatcher: A directory notification for 'C:/Users/Moosca/Documents/GitHub/GlobalGameJam2017/GlobalGameJam2017/Content/Collections/' was aborted.
[2017.01.21-04.51.17:750][128]LogDirectoryWatcher: A directory notification for 'C:/Users/Moosca/Documents/GitHub/GlobalGameJam2017/GlobalGameJam2017/Content/Developers/Moosca/Collections/' was aborted.
[2017.01.21-04.51.17:750][128]LogDirectoryWatcher: A directory notification for 'C:/Users/Moosca/Documents/GitHub/GlobalGameJam2017/GlobalGameJam2017/Saved/Collections/' was aborted.
[2017.01.21-04.51.17:750][128]LogModuleManager: Shutting down and abandoning module StatsViewer (233)
[2017.01.21-04.51.17:750][128]LogModuleManager: Shutting down and abandoning module FoliageEdit (232)
[2017.01.21-04.51.17:750][128]LogModuleManager: Shutting down and abandoning module LandscapeEditor (231)
[2017.01.21-04.51.17:750][128]LogModuleManager: Shutting down and abandoning module SceneDepthPickerMode (230)
[2017.01.21-04.51.17:750][128]LogModuleManager: Shutting down and abandoning module ActorPickerMode (229)
[2017.01.21-04.51.17:750][128]LogModuleManager: Shutting down and abandoning module GeometryMode (228)
[2017.01.21-04.51.17:750][128]LogModuleManager: Shutting down and abandoning module TextureAlignMode (227)
[2017.01.21-04.51.17:750][128]LogModuleManager: Shutting down and abandoning module BspMode (226)
[2017.01.21-04.51.17:750][128]LogModuleManager: Shutting down and abandoning module HardwareSurvey (225)
[2017.01.21-04.51.17:750][128]LogModuleManager: Shutting down and abandoning module SequenceRecorderSections (224)
[2017.01.21-04.51.17:750][128]LogModuleManager: Shutting down and abandoning module AutomationWorker (223)
[2017.01.21-04.51.17:750][128]LogModuleManager: Shutting down and abandoning module MatineeToLevelSequence (222)
[2017.01.21-04.51.17:750][128]LogModuleManager: Shutting down and abandoning module PlacementMode (221)
[2017.01.21-04.51.17:750][128]LogModuleManager: Shutting down and abandoning module LevelSequenceEditor (220)
[2017.01.21-04.51.17:750][128]LogModuleManager: Shutting down and abandoning module WmfMediaFactory (219)
[2017.01.21-04.51.17:750][128]LogModuleManager: Shutting down and abandoning module WmfMediaEditor (218)
[2017.01.21-04.51.17:750][128]LogModuleManager: Shutting down and abandoning module AvfMediaFactory (217)
[2017.01.21-04.51.17:750][128]LogModuleManager: Shutting down and abandoning module AvfMediaEditor (216)
[2017.01.21-04.51.17:750][128]LogModuleManager: Shutting down and abandoning module Media (215)
[2017.01.21-04.51.17:750][128]LogModuleManager: Shutting down and abandoning module AndroidMediaFactory (214)
[2017.01.21-04.51.17:750][128]LogModuleManager: Shutting down and abandoning module AndroidMediaEditor (213)
[2017.01.21-04.51.17:750][128]LogModuleManager: Shutting down and abandoning module CharacterAI (212)
[2017.01.21-04.51.17:750][128]LogModuleManager: Shutting down and abandoning module SequenceRecorder (211)
[2017.01.21-04.51.17:750][128]LogModuleManager: Shutting down and abandoning module AudioCapture (210)
[2017.01.21-04.51.17:750][128]LogModuleManager: Shutting down and abandoning module SmartSnapping (209)
[2017.01.21-04.51.17:750][128]LogModuleManager: Shutting down and abandoning module SessionServices (208)
[2017.01.21-04.51.17:750][128]LogModuleManager: Shutting down and abandoning module ViewportSnapping (207)
[2017.01.21-04.51.17:750][128]LogModuleManager: Shutting down and abandoning module ViewportInteraction (206)
[2017.01.21-04.51.17:750][128]LogModuleManager: Shutting down and abandoning module LogVisualizer (205)
[2017.01.21-04.51.17:750][128]LogModuleManager: Shutting down and abandoning module GameProjectGeneration (204)
[2017.01.21-04.51.17:751][128]LogModuleManager: Shutting down and abandoning module IntroTutorials (203)
[2017.01.21-04.51.17:751][128]LogModuleManager: Shutting down and abandoning module EditorLiveStreaming (202)
[2017.01.21-04.51.17:751][128]LogModuleManager: Shutting down and abandoning module IOSPlatformEditor (201)
[2017.01.21-04.51.17:751][128]LogModuleManager: Shutting down and abandoning module HTML5PlatformEditor (200)
[2017.01.21-04.51.17:751][128]LogModuleManager: Shutting down and abandoning module AndroidDeviceDetection (199)
[2017.01.21-04.51.17:931][128]LogModuleManager: Shutting down and abandoning module AndroidPlatformEditor (198)
[2017.01.21-04.51.17:932][128]LogModuleManager: Shutting down and abandoning module IOSRuntimeSettings (197)
[2017.01.21-04.51.17:932][128]LogModuleManager: Shutting down and abandoning module AndroidRuntimeSettings (196)
[2017.01.21-04.51.17:932][128]LogModuleManager: Shutting down and abandoning module InputBindingEditor (195)
[2017.01.21-04.51.17:932][128]LogModuleManager: Shutting down and abandoning module NiagaraEditor (194)
[2017.01.21-04.51.17:932][128]LogModuleManager: Shutting down and abandoning module MergeActors (193)
[2017.01.21-04.51.17:932][128]LogModuleManager: Shutting down and abandoning module SizeMap (192)
[2017.01.21-04.51.17:932][128]LogModuleManager: Shutting down and abandoning module TreeMap (191)
[2017.01.21-04.51.17:932][128]LogModuleManager: Shutting down and abandoning module ReferenceViewer (190)
[2017.01.21-04.51.17:932][128]LogModuleManager: Shutting down and abandoning module LocalizationService (189)
[2017.01.21-04.51.17:932][128]LogModuleManager: Shutting down and abandoning module LocalizationDashboard (188)
[2017.01.21-04.51.17:932][128]LogModuleManager: Shutting down and abandoning module HardwareTargeting (187)
[2017.01.21-04.51.17:932][128]LogModuleManager: Shutting down and abandoning module DeviceProfileEditor (186)
[2017.01.21-04.51.17:932][128]LogModuleManager: Shutting down and abandoning module UndoHistory (185)
[2017.01.21-04.51.17:932][128]LogModuleManager: Shutting down and abandoning module UserFeedback (184)
[2017.01.21-04.51.17:932][128]LogModuleManager: Shutting down and abandoning module XmlParser (183)
[2017.01.21-04.51.17:932][128]LogModuleManager: Shutting down and abandoning module Blutility (182)
[2017.01.21-04.51.17:932][128]LogModuleManager: Shutting down and abandoning module ProjectTargetPlatformEditor (181)
[2017.01.21-04.51.17:932][128]LogModuleManager: Shutting down and abandoning module ProjectSettingsViewer (180)
[2017.01.21-04.51.17:932][128]LogModuleManager: Shutting down and abandoning module EditorSettingsViewer (179)
[2017.01.21-04.51.17:932][128]LogModuleManager: Shutting down and abandoning module SettingsEditor (178)
[2017.01.21-04.51.17:932][128]LogModuleManager: Shutting down and abandoning module ProjectLauncher (177)
[2017.01.21-04.51.17:932][128]LogModuleManager: Shutting down and abandoning module SessionFrontend (176)
[2017.01.21-04.51.17:932][128]LogModuleManager: Shutting down and abandoning module ProfilerClient (175)
[2017.01.21-04.51.17:932][128]LogModuleManager: Shutting down and abandoning module TargetDeviceServices (174)
[2017.01.21-04.51.17:932][128]LogModuleManager: Shutting down and abandoning module DeviceManager (173)
[2017.01.21-04.51.17:986][128]LogModuleManager: Shutting down and abandoning module AutomationController (172)
[2017.01.21-04.51.17:986][128]LogModuleManager: Shutting down and abandoning module AutomationWindow (171)
[2017.01.21-04.51.17:986][128]LogModuleManager: Shutting down and abandoning module Layers (170)
[2017.01.21-04.51.17:986][128]LogModuleManager: Shutting down and abandoning module ComponentVisualizers (169)
[2017.01.21-04.51.17:986][128]LogModuleManager: Shutting down and abandoning module DetailCustomizations (168)
[2017.01.21-04.51.17:986][128]LogModuleManager: Shutting down and abandoning module PackagesDialog (167)
[2017.01.21-04.51.17:986][128]LogModuleManager: Shutting down and abandoning module AnimGraph (166)
[2017.01.21-04.51.17:986][128]LogModuleManager: Shutting down and abandoning module Persona (165)
[2017.01.21-04.51.17:986][128]LogModuleManager: Shutting down and abandoning module Kismet (164)
[2017.01.21-04.51.17:987][128]LogModuleManager: Shutting down and abandoning module GraphEditor (163)
[2017.01.21-04.51.17:987][128]LogModuleManager: Shutting down and abandoning module ClassViewer (162)
[2017.01.21-04.51.17:987][128]LogModuleManager: Shutting down and abandoning module Toolbox (161)
[2017.01.21-04.51.17:987][128]LogModuleManager: Shutting down and abandoning module ModuleUI (160)
[2017.01.21-04.51.17:987][128]LogModuleManager: Shutting down and abandoning module MovieSceneTools (159)
[2017.01.21-04.51.17:987][128]LogModuleManager: Shutting down and abandoning module OutputLog (158)
[2017.01.21-04.51.17:987][128]LogModuleManager: Shutting down and abandoning module GammaUI (157)
[2017.01.21-04.51.17:987][128]LogModuleManager: Shutting down and abandoning module Documentation (156)
[2017.01.21-04.51.17:987][128]LogModuleManager: Shutting down and abandoning module Niagara (155)
[2017.01.21-04.51.17:987][128]LogModuleManager: Shutting down and abandoning module StreamingPauseRendering (154)
[2017.01.21-04.51.17:987][128]LogModuleManager: Shutting down and abandoning module AnalyticsET (153)
[2017.01.21-04.51.17:987][128]LogModuleManager: Shutting down and abandoning module PortalServices (152)
[2017.01.21-04.51.17:987][128]LogModuleManager: Shutting down and abandoning module PortalRpc (151)
[2017.01.21-04.51.17:987][128]LogModuleManager: Shutting down and abandoning module MessagingRpc (150)
[2017.01.21-04.51.17:987][128]LogModuleManager: Shutting down and abandoning module GameplayDebugger (149)
[2017.01.21-04.51.17:987][128]LogModuleManager: Shutting down and abandoning module AITestSuite (148)
[2017.01.21-04.51.17:987][128]LogModuleManager: Shutting down and abandoning module AIModule (147)
[2017.01.21-04.51.17:987][128]LogModuleManager: Shutting down and abandoning module ProfilerService (146)
[2017.01.21-04.51.18:064][128]LogModuleManager: Shutting down and abandoning module TaskGraph (145)
[2017.01.21-04.51.18:064][128]LogModuleManager: Shutting down and abandoning module SlateRemote (144)
[2017.01.21-04.51.18:064][128]LogModuleManager: Shutting down and abandoning module SteamVRController (143)
[2017.01.21-04.51.18:064][128]LogModuleManager: Shutting down and abandoning module SteamVR (142)
[2017.01.21-04.51.18:064][128]LogModuleManager: Shutting down and abandoning module ProceduralMeshComponentEditor (141)
[2017.01.21-04.51.18:064][128]LogModuleManager: Shutting down and abandoning module ProceduralMeshComponent (140)
[2017.01.21-04.51.18:064][128]LogModuleManager: Shutting down and abandoning module OculusLibrary (139)
[2017.01.21-04.51.18:064][128]LogModuleManager: Shutting down and abandoning module OculusInput (138)
[2017.01.21-04.51.18:064][128]LogModuleManager: Shutting down and abandoning module MobilePatchingUtils (137)
[2017.01.21-04.51.18:064][128]LogModuleManager: Shutting down and abandoning module CustomMeshComponent (136)
[2017.01.21-04.51.18:064][128]LogModuleManager: Shutting down and abandoning module CableComponent (135)
[2017.01.21-04.51.18:064][128]LogModuleManager: Shutting down and abandoning module ArchVisCharacter (134)
[2017.01.21-04.51.18:064][128]LogModuleManager: Shutting down and abandoning module MediaPlayerEditor (132)
[2017.01.21-04.51.18:064][128]LogModuleManager: Shutting down and abandoning module HTML5Networking (131)
[2017.01.21-04.51.18:064][128]LogModuleManager: Shutting down and abandoning module GeometryCacheEd (130)
[2017.01.21-04.51.18:064][128]LogModuleManager: Shutting down and abandoning module GeometryCache (129)
[2017.01.21-04.51.18:064][128]LogModuleManager: Shutting down and abandoning module AlembicLibrary (128)
[2017.01.21-04.51.18:064][128]LogModuleManager: Shutting down and abandoning module AlembicImporter (127)
[2017.01.21-04.51.18:064][128]LogModuleManager: Shutting down and abandoning module SuperSearch (126)
[2017.01.21-04.51.18:064][128]LogModuleManager: Shutting down and abandoning module SuperSearchEditor (125)
[2017.01.21-04.51.18:064][128]LogModuleManager: Shutting down and abandoning module SpeedTreeImporter (124)
[2017.01.21-04.51.18:064][128]LogModuleManager: Shutting down and abandoning module PluginBrowser (123)
[2017.01.21-04.51.18:064][128]LogModuleManager: Shutting down and abandoning module MobileLauncherProfileWizard (122)
[2017.01.21-04.51.18:064][128]LogModuleManager: Shutting down and abandoning module EpicSurvey (121)
[2017.01.21-04.51.18:064][128]LogModuleManager: Shutting down and abandoning module DesktopPlatform (120)
[2017.01.21-04.51.18:064][128]LogModuleManager: Shutting down and abandoning module VisualStudioSourceCodeAccess (119)
[2017.01.21-04.51.18:064][128]LogModuleManager: Shutting down and abandoning module UObjectPlugin (118)
[2017.01.21-04.51.18:064][128]LogModuleManager: Shutting down and abandoning module SubversionSourceControl (117)
[2017.01.21-04.51.18:064][128]LogModuleManager: Shutting down and abandoning module PerforceSourceControl (116)
[2017.01.21-04.51.18:064][128]LogModuleManager: Shutting down and abandoning module SourceControl (115)
[2017.01.21-04.51.18:064][128]LogModuleManager: Shutting down and abandoning module GitSourceControl (114)
[2017.01.21-04.51.18:064][128]LogModuleManager: Shutting down and abandoning module LightPropagationVolumeEditor (113)
[2017.01.21-04.51.18:064][128]LogModuleManager: Shutting down and abandoning module PaperTiledImporter (112)
[2017.01.21-04.51.18:064][128]LogModuleManager: Shutting down and abandoning module PaperSpriteSheetImporter (111)
[2017.01.21-04.51.18:064][128]LogModuleManager: Shutting down and abandoning module MeshPaint (110)
[2017.01.21-04.51.18:064][128]LogModuleManager: Shutting down and abandoning module PixelInspectorModule (109)
[2017.01.21-04.51.18:064][128]LogModuleManager: Shutting down and abandoning module HotReload (108)
[2017.01.21-04.51.18:064][128]LogModuleManager: Shutting down and abandoning module MainFrame (107)
[2017.01.21-04.51.18:065][128]LogModuleManager: Shutting down and abandoning module LevelEditor (106)
[2017.01.21-04.51.18:065][128]LogModuleManager: Shutting down and abandoning module ContentBrowser (105)
[2017.01.21-04.51.18:066][128]LogModuleManager: Shutting down and abandoning module Paper2DEditor (104)
[2017.01.21-04.51.18:066][128]LogModuleManager: Shutting down and abandoning module UdpMessaging (103)
[2017.01.21-04.51.18:167][128]LogModuleManager: Shutting down and abandoning module TcpMessaging (102)
[2017.01.21-04.51.18:366][128]LogModuleManager: Shutting down and abandoning module LightPropagationVolumeRuntime (101)
[2017.01.21-04.51.18:366][128]LogModuleManager: Shutting down and abandoning module Paper2D (100)
[2017.01.21-04.51.18:366][128]LogModuleManager: Shutting down and abandoning module WindowsMoviePlayer (99)
[2017.01.21-04.51.18:366][128]LogModuleManager: Shutting down and abandoning module WmfMedia (98)
[2017.01.21-04.51.18:366][128]LogModuleManager: Shutting down and abandoning module MediaAssets (97)
[2017.01.21-04.51.18:366][128]LogModuleManager: Shutting down and abandoning module GameLiveStreaming (96)
[2017.01.21-04.51.18:366][128]LogModuleManager: Shutting down and abandoning module GameplayTagsEditor (95)
[2017.01.21-04.51.18:366][128]LogModuleManager: Shutting down and abandoning module VREditor (94)
[2017.01.21-04.51.18:366][128]LogModuleManager: Shutting down and abandoning module GameplayTasksEditor (93)
[2017.01.21-04.51.18:366][128]LogModuleManager: Shutting down and abandoning module BehaviorTreeEditor (92)
[2017.01.21-04.51.18:366][128]LogModuleManager: Shutting down and abandoning module FunctionalTesting (91)
[2017.01.21-04.51.18:366][128]LogModuleManager: Shutting down and abandoning module CollisionAnalyzer (90)
[2017.01.21-04.51.18:366][128]LogModuleManager: Shutting down and abandoning module Sequencer (89)
[2017.01.21-04.51.18:366][128]LogModuleManager: Shutting down and abandoning module WorkspaceMenuStructure (88)
[2017.01.21-04.51.18:366][128]LogModuleManager: Shutting down and abandoning module MessageLog (87)
[2017.01.21-04.51.18:366][128]LogModuleManager: Shutting down and abandoning module AssetTools (86)
[2017.01.21-04.51.18:366][128]LogModuleManager: Shutting down and abandoning module UMGEditor (85)
[2017.01.21-04.51.18:367][128]LogModuleManager: Shutting down and abandoning module UMG (84)
[2017.01.21-04.51.18:367][128]LogModuleManager: Shutting down and abandoning module SlateReflector (83)
[2017.01.21-04.51.18:367][128]LogModuleManager: Shutting down and abandoning module Slate (82)
[2017.01.21-04.51.18:367][128]LogModuleManager: Shutting down and abandoning module EditorStyle (81)
[2017.01.21-04.51.18:369][128]LogModuleManager: Shutting down and abandoning module SourceCodeAccess (80)
[2017.01.21-04.51.18:369][128]LogModuleManager: Shutting down and abandoning module HeadMountedDisplay (79)
[2017.01.21-04.51.18:369][128]LogModuleManager: Shutting down and abandoning module XAudio2 (78)
[2017.01.21-04.51.18:369][128]LogModuleManager: Shutting down and abandoning module Networking (76)
[2017.01.21-04.51.18:369][128]LogModuleManager: Shutting down and abandoning module Core (75)
[2017.01.21-04.51.18:369][128]LogModuleManager: Shutting down and abandoning module DirectoryWatcher (74)
[2017.01.21-04.51.18:369][128]LogDirectoryWatcher: A directory notification for '../../../Engine/Content/' was aborted.
[2017.01.21-04.51.18:369][128]LogDirectoryWatcher: A directory notification for '../../../../../../Users/Moosca/Documents/GitHub/GlobalGameJam2017/GlobalGameJam2017/Content/' was aborted.
[2017.01.21-04.51.18:369][128]LogDirectoryWatcher: A directory notification for '../../../Engine/Plugins/2D/Paper2D/Content/' was aborted.
[2017.01.21-04.51.18:369][128]LogModuleManager: Shutting down and abandoning module AssetRegistry (73)
[2017.01.21-04.51.18:508][128]LogModuleManager: Shutting down and abandoning module KismetCompiler (72)
[2017.01.21-04.51.18:508][128]LogModuleManager: Shutting down and abandoning module PhysXFormats (71)
[2017.01.21-04.51.18:508][128]LogModuleManager: Shutting down and abandoning module SimplygonSwarm (70)
[2017.01.21-04.51.18:508][128]LogModuleManager: Shutting down and abandoning module SimplygonMeshReduction (69)
[2017.01.21-04.51.18:508][128]LogModuleManager: Shutting down and abandoning module QuadricMeshReduction (68)
[2017.01.21-04.51.18:508][128]LogModuleManager: Shutting down and abandoning module PropertyEditor (67)
[2017.01.21-04.51.18:508][128]LogModuleManager: Shutting down and abandoning module MeshUtilities (66)
[2017.01.21-04.51.18:508][128]LogModuleManager: Shutting down and abandoning module DerivedDataCache (65)
[2017.01.21-04.51.18:591][128]LogDerivedDataCache: Shutdown
[2017.01.21-04.51.18:591][128]LogModuleManager: Shutting down and abandoning module VulkanShaderFormat (64)
[2017.01.21-04.51.18:591][128]LogModuleManager: Shutting down and abandoning module ShaderFormatOpenGL (63)
[2017.01.21-04.51.18:591][128]LogModuleManager: Shutting down and abandoning module ShaderFormatD3D (62)
[2017.01.21-04.51.18:591][128]LogModuleManager: Shutting down and abandoning module MetalShaderFormat (61)
[2017.01.21-04.51.18:591][128]LogModuleManager: Shutting down and abandoning module TextureFormatUncompressed (60)
[2017.01.21-04.51.18:591][128]LogModuleManager: Shutting down and abandoning module TextureFormatPVR (59)
[2017.01.21-04.51.18:591][128]LogModuleManager: Shutting down and abandoning module TextureFormatDXT (58)
[2017.01.21-04.51.18:591][128]LogModuleManager: Shutting down and abandoning module TextureFormatIntelISPCTexComp (57)
[2017.01.21-04.51.18:591][128]LogModuleManager: Shutting down and abandoning module ImageWrapper (56)
[2017.01.21-04.51.18:591][128]LogModuleManager: Shutting down and abandoning module TextureFormatASTC (55)
[2017.01.21-04.51.18:591][128]LogModuleManager: Shutting down and abandoning module TextureFormatAndroid (54)
[2017.01.21-04.51.18:591][128]LogModuleManager: Shutting down and abandoning module AudioFormatOpus (53)
[2017.01.21-04.51.18:592][128]LogModuleManager: Shutting down and abandoning module AudioFormatOgg (52)
[2017.01.21-04.51.18:592][128]LogModuleManager: Shutting down and abandoning module AudioFormatADPCM (51)
[2017.01.21-04.51.18:592][128]LogModuleManager: Shutting down and abandoning module LinuxTargetPlatform (50)
[2017.01.21-04.51.18:592][128]LogModuleManager: Shutting down and abandoning module LinuxServerTargetPlatform (49)
[2017.01.21-04.51.18:592][128]LogModuleManager: Shutting down and abandoning module LinuxNoEditorTargetPlatform (48)
[2017.01.21-04.51.18:592][128]LogModuleManager: Shutting down and abandoning module LinuxClientTargetPlatform (47)
[2017.01.21-04.51.18:592][128]LogModuleManager: Shutting down and abandoning module TVOSTargetPlatform (46)
[2017.01.21-04.51.18:592][128]LogModuleManager: Shutting down and abandoning module Messaging (45)
[2017.01.21-04.51.18:592][128]LogModuleManager: Shutting down and abandoning module IOSTargetPlatform (44)
[2017.01.21-04.51.18:592][128]LogModuleManager: Shutting down and abandoning module HTML5TargetPlatform (43)
[2017.01.21-04.51.18:592][128]LogModuleManager: Shutting down and abandoning module Android_PVRTCTargetPlatform (42)
[2017.01.21-04.51.18:592][128]LogModuleManager: Shutting down and abandoning module Android_MultiTargetPlatform (41)
[2017.01.21-04.51.18:592][128]LogModuleManager: Shutting down and abandoning module Android_ETC2TargetPlatform (40)
[2017.01.21-04.51.18:592][128]LogModuleManager: Shutting down and abandoning module Android_ETC1TargetPlatform (39)
[2017.01.21-04.51.18:592][128]LogModuleManager: Shutting down and abandoning module Android_DXTTargetPlatform (38)
[2017.01.21-04.51.18:592][128]LogModuleManager: Shutting down and abandoning module Android_ATCTargetPlatform (37)
[2017.01.21-04.51.18:592][128]LogModuleManager: Shutting down and abandoning module Android_ASTCTargetPlatform (36)
[2017.01.21-04.51.18:592][128]LogModuleManager: Shutting down and abandoning module AndroidTargetPlatform (35)
[2017.01.21-04.51.18:592][128]LogModuleManager: Shutting down and abandoning module WindowsTargetPlatform (34)
[2017.01.21-04.51.18:592][128]LogModuleManager: Shutting down and abandoning module WindowsServerTargetPlatform (33)
[2017.01.21-04.51.18:592][128]LogModuleManager: Shutting down and abandoning module WindowsNoEditorTargetPlatform (32)
[2017.01.21-04.51.18:592][128]LogModuleManager: Shutting down and abandoning module WindowsClientTargetPlatform (31)
[2017.01.21-04.51.18:592][128]LogModuleManager: Shutting down and abandoning module MacTargetPlatform (30)
[2017.01.21-04.51.18:592][128]LogModuleManager: Shutting down and abandoning module MacServerTargetPlatform (29)
[2017.01.21-04.51.18:592][128]LogModuleManager: Shutting down and abandoning module MacNoEditorTargetPlatform (28)
[2017.01.21-04.51.18:592][128]LogModuleManager: Shutting down and abandoning module MacClientTargetPlatform (27)
[2017.01.21-04.51.18:592][128]LogModuleManager: Shutting down and abandoning module AllDesktopTargetPlatform (26)
[2017.01.21-04.51.18:592][128]LogModuleManager: Shutting down and abandoning module TargetPlatform (25)
[2017.01.21-04.51.18:592][128]LogModuleManager: Shutting down and abandoning module InputCore (24)
[2017.01.21-04.51.18:592][128]LogModuleManager: Shutting down and abandoning module Settings (23)
[2017.01.21-04.51.18:592][128]LogModuleManager: Shutting down and abandoning module OculusRift (22)
[2017.01.21-04.51.18:592][128]LogModuleManager: Shutting down and abandoning module ExampleDeviceProfileSelector (21)
[2017.01.21-04.51.18:592][128]LogModuleManager: Shutting down and abandoning module OnlineBlueprintSupport (20)
[2017.01.21-04.51.18:592][128]LogModuleManager: Shutting down and abandoning module OnlineSubsystem (18)
[2017.01.21-04.51.18:592][128]LogOnline:Display: Unloading online subsystem: NULL
[2017.01.21-04.51.18:592][128]LogModuleManager: Shutting down and abandoning module SSL (17)
[2017.01.21-04.51.18:594][128]LogModuleManager: Shutting down and abandoning module HTTP (16)
[2017.01.21-04.51.18:594][128]LogModuleManager: Shutting down and abandoning module XMPP (15)
[2017.01.21-04.51.18:594][128]LogModuleManager: Shutting down and abandoning module TextureCompressor (14)
[2017.01.21-04.51.18:594][128]LogModuleManager: Shutting down and abandoning module ShaderCore (13)
[2017.01.21-04.51.18:594][128]LogModuleManager: Shutting down and abandoning module Landscape (12)
[2017.01.21-04.51.18:594][128]LogModuleManager: Shutting down and abandoning module SlateRHIRenderer (11)
[2017.01.21-04.51.18:595][128]LogModuleManager: Shutting down and abandoning module OpenGLDrv (10)
[2017.01.21-04.51.18:595][128]LogModuleManager: Shutting down and abandoning module D3D11RHI (9)
[2017.01.21-04.51.18:595][128]LogModuleManager: Shutting down and abandoning module AnimGraphRuntime (8)
[2017.01.21-04.51.18:595][128]LogModuleManager: Shutting down and abandoning module Renderer (7)
[2017.01.21-04.51.18:595][128]LogModuleManager: Shutting down and abandoning module Engine (6)
[2017.01.21-04.51.18:595][128]LogModuleManager: Shutting down and abandoning module CoreUObject (5)
[2017.01.21-04.51.18:595][128]LogModuleManager: Shutting down and abandoning module NetworkFile (4)
[2017.01.21-04.51.18:595][128]LogModuleManager: Shutting down and abandoning module StreamingFile (3)
[2017.01.21-04.51.18:595][128]LogModuleManager: Shutting down and abandoning module SandboxFile (2)
[2017.01.21-04.51.18:595][128]LogModuleManager: Shutting down and abandoning module PakFile (1)
[2017.01.21-04.51.18:597][128]LogExit: Exiting.
[2017.01.21-04.51.18:612][128]Log file closed, 01/20/17 23:51:18
