Log file open, 01/21/17 15:26:09
LogInit:Display: Running engine for game: GlobalGameJam2017
LogPlatformFile: Not using cached read wrapper
LogInit:Display: RandInit(-1185145470) SRandInit(-1185145470).
LogTaskGraph: Started task graph with 5 named threads and 8 total threads with 1 sets of task threads.
LogStats: Stats thread started at 0.085967
LogPluginManager: Loaded Plugin Paper2D, From C:/Program Files (x86)/Epic Games/4.14/Engine/Plugins/2D/Paper2D/Paper2D.uplugin
LogPluginManager: Loaded Plugin LightPropagationVolume, From C:/Program Files (x86)/Epic Games/4.14/Engine/Plugins/Blendables/LightPropagationVolume/LightPropagationVolume.uplugin
LogPluginManager: Loaded Plugin BlankPlugin, From C:/Program Files (x86)/Epic Games/4.14/Engine/Plugins/Developer/BlankPlugin/BlankPlugin.uplugin
LogPluginManager: Loaded Plugin CodeLiteSourceCodeAccess, From C:/Program Files (x86)/Epic Games/4.14/Engine/Plugins/Developer/CodeLiteSourceCodeAccess/CodeLiteSourceCodeAccess.uplugin
LogPluginManager: Loaded Plugin GitSourceControl, From C:/Program Files (x86)/Epic Games/4.14/Engine/Plugins/Developer/GitSourceControl/GitSourceControl.uplugin
LogPluginManager: Loaded Plugin KDevelopSourceCodeAccess, From C:/Program Files (x86)/Epic Games/4.14/Engine/Plugins/Developer/KDevelopSourceCodeAccess/KDevelopSourceCodeAccess.uplugin
LogPluginManager: Loaded Plugin NullSourceCodeAccess, From C:/Program Files (x86)/Epic Games/4.14/Engine/Plugins/Developer/NullSourceCodeAccess/NullSourceCodeAccess.uplugin
LogPluginManager: Loaded Plugin OneSkyLocalizationService, From C:/Program Files (x86)/Epic Games/4.14/Engine/Plugins/Developer/OneSkyLocalizationService/OneSkyLocalizationService.uplugin
LogPluginManager: Loaded Plugin PerforceSourceControl, From C:/Program Files (x86)/Epic Games/4.14/Engine/Plugins/Developer/PerforceSourceControl/PerforceSourceControl.uplugin
LogPluginManager: Loaded Plugin SubversionSourceControl, From C:/Program Files (x86)/Epic Games/4.14/Engine/Plugins/Developer/SubversionSourceControl/SubversionSourceControl.uplugin
LogPluginManager: Loaded Plugin UObjectPlugin, From C:/Program Files (x86)/Epic Games/4.14/Engine/Plugins/Developer/UObjectPlugin/UObjectPlugin.uplugin
LogPluginManager: Loaded Plugin VisualStudioSourceCodeAccess, From C:/Program Files (x86)/Epic Games/4.14/Engine/Plugins/Developer/VisualStudioSourceCodeAccess/VisualStudioSourceCodeAccess.uplugin
LogPluginManager: Loaded Plugin XCodeSourceCodeAccess, From C:/Program Files (x86)/Epic Games/4.14/Engine/Plugins/Developer/XCodeSourceCodeAccess/XCodeSourceCodeAccess.uplugin
LogPluginManager: Loaded Plugin AudioCapture, From C:/Program Files (x86)/Epic Games/4.14/Engine/Plugins/Editor/AudioCapture/AudioCapture.uplugin
LogPluginManager: Loaded Plugin EpicSurvey, From C:/Program Files (x86)/Epic Games/4.14/Engine/Plugins/Editor/EpicSurvey/EpicSurvey.uplugin
LogPluginManager: Loaded Plugin MacGraphicsSwitching, From C:/Program Files (x86)/Epic Games/4.14/Engine/Plugins/Editor/MacGraphicsSwitching/MacGraphicsSwitching.uplugin
LogPluginManager: Loaded Plugin MobileLauncherProfileWizard, From C:/Program Files (x86)/Epic Games/4.14/Engine/Plugins/Editor/MobileLauncherProfileWizard/MobileLauncherProfileWizard.uplugin
LogPluginManager: Loaded Plugin PluginBrowser, From C:/Program Files (x86)/Epic Games/4.14/Engine/Plugins/Editor/PluginBrowser/PluginBrowser.uplugin
LogPluginManager: Loaded Plugin SpeedTreeImporter, From C:/Program Files (x86)/Epic Games/4.14/Engine/Plugins/Editor/SpeedTreeImporter/SpeedTreeImporter.uplugin
LogPluginManager: Loaded Plugin SuperSearchEditor, From C:/Program Files (x86)/Epic Games/4.14/Engine/Plugins/Editor/SuperSearchEditor/SuperSearchEditor.uplugin
LogPluginManager: Loaded Plugin AlembicImporter, From C:/Program Files (x86)/Epic Games/4.14/Engine/Plugins/Experimental/AlembicImporter/AlembicImporter.uplugin
LogPluginManager: Loaded Plugin BlueprintStats, From C:/Program Files (x86)/Epic Games/4.14/Engine/Plugins/Experimental/BlueprintStats/BlueprintStats.uplugin
LogPluginManager: Loaded Plugin CharacterAI, From C:/Program Files (x86)/Epic Games/4.14/Engine/Plugins/Experimental/CharacterAI/CharacterAI.uplugin
LogPluginManager: Loaded Plugin CodeEditor, From C:/Program Files (x86)/Epic Games/4.14/Engine/Plugins/Experimental/CodeEditor/CodeEditor.uplugin
LogPluginManager: Loaded Plugin CodeView, From C:/Program Files (x86)/Epic Games/4.14/Engine/Plugins/Experimental/CodeView/CodeView.uplugin
LogPluginManager: Loaded Plugin HTML5Networking, From C:/Program Files (x86)/Epic Games/4.14/Engine/Plugins/Experimental/HTML5Networking/HTML5Networking.uplugin
LogPluginManager: Loaded Plugin OSVR, From C:/Program Files (x86)/Epic Games/4.14/Engine/Plugins/Experimental/OSVR/OSVR.uplugin
LogPluginManager: Loaded Plugin Phya, From C:/Program Files (x86)/Epic Games/4.14/Engine/Plugins/Experimental/Phya/Phya.uplugin
LogPluginManager: Loaded Plugin SignificanceManager, From C:/Program Files (x86)/Epic Games/4.14/Engine/Plugins/Experimental/SignificanceManager/SignificanceManager.uplugin
LogPluginManager: Loaded Plugin SimpleHMD, From C:/Program Files (x86)/Epic Games/4.14/Engine/Plugins/Experimental/SimpleHMD/SimpleHMD.uplugin
LogPluginManager: Loaded Plugin StereoPanorama, From C:/Program Files (x86)/Epic Games/4.14/Engine/Plugins/Experimental/StereoPanorama/StereoPanorama.uplugin
LogPluginManager: Loaded Plugin StructBox, From C:/Program Files (x86)/Epic Games/4.14/Engine/Plugins/Experimental/StructBox/StructBox.uplugin
LogPluginManager: Loaded Plugin AndroidMedia, From C:/Program Files (x86)/Epic Games/4.14/Engine/Plugins/Media/AndroidMedia/AndroidMedia.uplugin
LogPluginManager: Loaded Plugin AvfMedia, From C:/Program Files (x86)/Epic Games/4.14/Engine/Plugins/Media/AvfMedia/AvfMedia.uplugin
LogPluginManager: Loaded Plugin MediaPlayerEditor, From C:/Program Files (x86)/Epic Games/4.14/Engine/Plugins/Media/MediaPlayerEditor/MediaPlayerEditor.uplugin
LogPluginManager: Loaded Plugin WmfMedia, From C:/Program Files (x86)/Epic Games/4.14/Engine/Plugins/Media/WmfMedia/WmfMedia.uplugin
LogPluginManager: Loaded Plugin MessagingDebugger, From C:/Program Files (x86)/Epic Games/4.14/Engine/Plugins/Messaging/MessagingDebugger/MessagingDebugger.uplugin
LogPluginManager: Loaded Plugin TcpMessaging, From C:/Program Files (x86)/Epic Games/4.14/Engine/Plugins/Messaging/TcpMessaging/TcpMessaging.uplugin
LogPluginManager: Loaded Plugin UdpMessaging, From C:/Program Files (x86)/Epic Games/4.14/Engine/Plugins/Messaging/UdpMessaging/UdpMessaging.uplugin
LogPluginManager: Loaded Plugin LevelSequenceEditor, From C:/Program Files (x86)/Epic Games/4.14/Engine/Plugins/MovieScene/LevelSequenceEditor/LevelSequenceEditor.uplugin
LogPluginManager: Loaded Plugin MatineeToLevelSequence, From C:/Program Files (x86)/Epic Games/4.14/Engine/Plugins/MovieScene/MatineeToLevelSequence/MatineeToLevelSequence.uplugin
LogPluginManager: Loaded Plugin NetcodeUnitTest, From C:/Program Files (x86)/Epic Games/4.14/Engine/Plugins/NetcodeUnitTest/NetcodeUnitTest/NetcodeUnitTest.uplugin
LogPluginManager: Loaded Plugin NUTUnrealEngine4, From C:/Program Files (x86)/Epic Games/4.14/Engine/Plugins/NetcodeUnitTest/NUTUnrealEngine4/NUTUnrealEngine4.uplugin
LogPluginManager: Loaded Plugin OnlineSubsystemGameCircle, From C:/Program Files (x86)/Epic Games/4.14/Engine/Plugins/Online/Android/OnlineSubsystemGameCircle/OnlineSubsystemGameCircle.uplugin
LogPluginManager: Loaded Plugin OnlineSubsystemGooglePlay, From C:/Program Files (x86)/Epic Games/4.14/Engine/Plugins/Online/Android/OnlineSubsystemGooglePlay/OnlineSubsystemGooglePlay.uplugin
LogPluginManager: Loaded Plugin OnlineSubsystemIOS, From C:/Program Files (x86)/Epic Games/4.14/Engine/Plugins/Online/IOS/OnlineSubsystemIOS/OnlineSubsystemIOS.uplugin
LogPluginManager: Loaded Plugin OnlineFramework, From C:/Program Files (x86)/Epic Games/4.14/Engine/Plugins/Online/OnlineFramework/OnlineFramework.uplugin
LogPluginManager: Loaded Plugin OnlineSubsystem, From C:/Program Files (x86)/Epic Games/4.14/Engine/Plugins/Online/OnlineSubsystem/OnlineSubsystem.uplugin
LogPluginManager: Loaded Plugin OnlineSubsystemAmazon, From C:/Program Files (x86)/Epic Games/4.14/Engine/Plugins/Online/OnlineSubsystemAmazon/OnlineSubsystemAmazon.uplugin
LogPluginManager: Loaded Plugin OnlineSubsystemFacebook, From C:/Program Files (x86)/Epic Games/4.14/Engine/Plugins/Online/OnlineSubsystemFacebook/OnlineSubsystemFacebook.uplugin
LogPluginManager: Loaded Plugin OnlineSubsystemNull, From C:/Program Files (x86)/Epic Games/4.14/Engine/Plugins/Online/OnlineSubsystemNull/OnlineSubsystemNull.uplugin
LogPluginManager: Loaded Plugin OnlineSubsystemOculus, From C:/Program Files (x86)/Epic Games/4.14/Engine/Plugins/Online/OnlineSubsystemOculus/OnlineSubsystemOculus.uplugin
LogPluginManager: Loaded Plugin OnlineSubsystemSteam, From C:/Program Files (x86)/Epic Games/4.14/Engine/Plugins/Online/OnlineSubsystemSteam/OnlineSubsystemSteam.uplugin
LogPluginManager: Loaded Plugin OnlineSubsystemUtils, From C:/Program Files (x86)/Epic Games/4.14/Engine/Plugins/Online/OnlineSubsystemUtils/OnlineSubsystemUtils.uplugin
LogPluginManager: Loaded Plugin IOSTapJoy, From C:/Program Files (x86)/Epic Games/4.14/Engine/Plugins/Runtime/Advertising/IOSTapJoy/IOSTapJoy.uplugin
LogPluginManager: Loaded Plugin AnalyticsBlueprintLibrary, From C:/Program Files (x86)/Epic Games/4.14/Engine/Plugins/Runtime/Analytics/AnalyticsBlueprintLibrary/AnalyticsBlueprintLibrary.uplugin
LogPluginManager: Loaded Plugin AnalyticsMulticast, From C:/Program Files (x86)/Epic Games/4.14/Engine/Plugins/Runtime/Analytics/AnalyticsMulticast/AnalyticsMulticast.uplugin
LogPluginManager: Loaded Plugin Apsalar, From C:/Program Files (x86)/Epic Games/4.14/Engine/Plugins/Runtime/Analytics/Apsalar/Apsalar.uplugin
LogPluginManager: Loaded Plugin FileLogging, From C:/Program Files (x86)/Epic Games/4.14/Engine/Plugins/Runtime/Analytics/FileLogging/FileLogging.uplugin
LogPluginManager: Loaded Plugin Flurry, From C:/Program Files (x86)/Epic Games/4.14/Engine/Plugins/Runtime/Analytics/Flurry/Flurry.uplugin
LogPluginManager: Loaded Plugin AndroidDeviceProfileSelector, From C:/Program Files (x86)/Epic Games/4.14/Engine/Plugins/Runtime/AndroidDeviceProfileSelector/AndroidDeviceProfileSelector.uplugin
LogPluginManager: Loaded Plugin AndroidMoviePlayer, From C:/Program Files (x86)/Epic Games/4.14/Engine/Plugins/Runtime/AndroidMoviePlayer/AndroidMoviePlayer.uplugin
LogPluginManager: Loaded Plugin AppleMoviePlayer, From C:/Program Files (x86)/Epic Games/4.14/Engine/Plugins/Runtime/AppleMoviePlayer/AppleMoviePlayer.uplugin
LogPluginManager: Loaded Plugin ArchVisCharacter, From C:/Program Files (x86)/Epic Games/4.14/Engine/Plugins/Runtime/ArchVisCharacter/ArchVisCharacter.uplugin
LogPluginManager: Loaded Plugin CableComponent, From C:/Program Files (x86)/Epic Games/4.14/Engine/Plugins/Runtime/CableComponent/CableComponent.uplugin
LogPluginManager: Loaded Plugin CustomMeshComponent, From C:/Program Files (x86)/Epic Games/4.14/Engine/Plugins/Runtime/CustomMeshComponent/CustomMeshComponent.uplugin
LogPluginManager: Loaded Plugin ExampleDeviceProfileSelector, From C:/Program Files (x86)/Epic Games/4.14/Engine/Plugins/Runtime/ExampleDeviceProfileSelector/ExampleDeviceProfileSelector.uplugin
LogPluginManager: Loaded Plugin GearVR, From C:/Program Files (x86)/Epic Games/4.14/Engine/Plugins/Runtime/GearVR/GearVR.uplugin
LogPluginManager: Loaded Plugin GoogleVRController, From C:/Program Files (x86)/Epic Games/4.14/Engine/Plugins/Runtime/GoogleVR/GoogleVRController/GoogleVRController.uplugin
LogPluginManager: Loaded Plugin GoogleVRHMD, From C:/Program Files (x86)/Epic Games/4.14/Engine/Plugins/Runtime/GoogleVR/GoogleVRHMD/GoogleVRHMD.uplugin
LogPluginManager: Loaded Plugin IOSDeviceProfileSelector, From C:/Program Files (x86)/Epic Games/4.14/Engine/Plugins/Runtime/IOSDeviceProfileSelector/IOSDeviceProfileSelector.uplugin
LogPluginManager: Loaded Plugin LeapMotion, From C:/Program Files (x86)/Epic Games/4.14/Engine/Plugins/Runtime/LeapMotion/LeapMotion.uplugin
LogPluginManager: Loaded Plugin LinuxDeviceProfileSelector, From C:/Program Files (x86)/Epic Games/4.14/Engine/Plugins/Runtime/LinuxDeviceProfileSelector/LinuxDeviceProfileSelector.uplugin
LogPluginManager: Loaded Plugin MIDIDevice, From C:/Program Files (x86)/Epic Games/4.14/Engine/Plugins/Runtime/MIDIDevice/MIDIDevice.uplugin
LogPluginManager: Loaded Plugin MobilePatchingUtils, From C:/Program Files (x86)/Epic Games/4.14/Engine/Plugins/Runtime/MobilePatchingUtils/MobilePatchingUtils.uplugin
LogPluginManager: Loaded Plugin Ansel, From C:/Program Files (x86)/Epic Games/4.14/Engine/Plugins/Runtime/Nvidia/Ansel/Ansel.uplugin
LogPluginManager: Loaded Plugin OculusAudio, From C:/Program Files (x86)/Epic Games/4.14/Engine/Plugins/Runtime/OculusAudio/OculusAudio.uplugin
LogPluginManager: Loaded Plugin OculusInput, From C:/Program Files (x86)/Epic Games/4.14/Engine/Plugins/Runtime/OculusInput/OculusInput.uplugin
LogPluginManager: Loaded Plugin OculusLibrary, From C:/Program Files (x86)/Epic Games/4.14/Engine/Plugins/Runtime/OculusLibrary/OculusLibrary.uplugin
LogPluginManager: Loaded Plugin OculusRift, From C:/Program Files (x86)/Epic Games/4.14/Engine/Plugins/Runtime/OculusRift/OculusRift.uplugin
LogPluginManager: Loaded Plugin Oodle, From C:/Program Files (x86)/Epic Games/4.14/Engine/Plugins/Runtime/PacketHandlers/CompressionComponents/Oodle/Oodle.uplugin
LogPluginManager: Loaded Plugin ProceduralMeshComponent, From C:/Program Files (x86)/Epic Games/4.14/Engine/Plugins/Runtime/ProceduralMeshComponent/ProceduralMeshComponent.uplugin
LogPluginManager: Loaded Plugin SoundMod, From C:/Program Files (x86)/Epic Games/4.14/Engine/Plugins/Runtime/SoundMod/SoundMod.uplugin
LogPluginManager: Loaded Plugin SoundVisualizations, From C:/Program Files (x86)/Epic Games/4.14/Engine/Plugins/Runtime/SoundVisualizations/SoundVisualizations.uplugin
LogPluginManager: Loaded Plugin SteamController, From C:/Program Files (x86)/Epic Games/4.14/Engine/Plugins/Runtime/Steam/SteamController/SteamController.uplugin
LogPluginManager: Loaded Plugin SteamVR, From C:/Program Files (x86)/Epic Games/4.14/Engine/Plugins/Runtime/Steam/SteamVR/SteamVR.uplugin
LogPluginManager: Loaded Plugin WebBrowserWidget, From C:/Program Files (x86)/Epic Games/4.14/Engine/Plugins/Runtime/WebBrowserWidget/WebBrowserWidget.uplugin
LogPluginManager: Loaded Plugin WindowsDeviceProfileSelector, From C:/Program Files (x86)/Epic Games/4.14/Engine/Plugins/Runtime/WindowsDeviceProfileSelector/WindowsDeviceProfileSelector.uplugin
LogPluginManager: Loaded Plugin WindowsMoviePlayer, From C:/Program Files (x86)/Epic Games/4.14/Engine/Plugins/Runtime/WindowsMoviePlayer/WindowsMoviePlayer.uplugin
LogPluginManager: Loaded Plugin ScriptPlugin, From C:/Program Files (x86)/Epic Games/4.14/Engine/Plugins/ScriptPlugin/ScriptPlugin.uplugin
LogPluginManager: Loaded Plugin SlateRemote, From C:/Program Files (x86)/Epic Games/4.14/Engine/Plugins/Slate/SlateRemote/SlateRemote.uplugin
LogPluginManager: Loaded Plugin EditorTests, From C:/Program Files (x86)/Epic Games/4.14/Engine/Plugins/Tests/EditorTests/EditorTests.uplugin
LogPluginManager: Loaded Plugin FbxAutomationTestBuilder, From C:/Program Files (x86)/Epic Games/4.14/Engine/Plugins/Tests/FbxAutomationTestBuilder/FbxAutomationTestBuilder.uplugin
LogPluginManager: Loaded Plugin FunctionalTestingEditor, From C:/Program Files (x86)/Epic Games/4.14/Engine/Plugins/Tests/FunctionalTestingEditor/FunctionalTestingEditor.uplugin
LogPluginManager: Loaded Plugin RuntimeTests, From C:/Program Files (x86)/Epic Games/4.14/Engine/Plugins/Tests/RuntimeTests/RuntimeTests.uplugin
LogPluginManager: Loaded Plugin ScreenshotTools, From C:/Program Files (x86)/Epic Games/4.14/Engine/Plugins/Tests/ScreenshotTools/ScreenshotTools.uplugin
LogInit: Using libcurl 7.47.1
LogInit:  - built for x86_64-pc-win32
LogInit:  - supports SSL with OpenSSL/1.0.2g
LogInit:  - supports HTTP deflate (compression) using libz 1.2.8
LogInit:  - other features:
LogInit:      CURL_VERSION_SSL
LogInit:      CURL_VERSION_LIBZ
LogInit:      CURL_VERSION_IPV6
LogInit:      CURL_VERSION_ASYNCHDNS
LogInit:      CURL_VERSION_LARGEFILE
LogInit:      CURL_VERSION_IDN
LogInit:  CurlRequestOptions (configurable via config and command line):
LogInit:  - bVerifyPeer = false  - Libcurl will NOT verify peer certificate
LogInit:  - bUseHttpProxy = false  - Libcurl will NOT use HTTP proxy
LogInit:  - bDontReuseConnections = false  - Libcurl will reuse connections
LogInit:  - CertBundlePath = nullptr  - Libcurl will use whatever was configured at build time.
LogInit: Build: ++UE4+Release-4.14-CL-3249277
LogInit: Engine Version: 4.14.3-3249277+++UE4+Release-4.14
LogInit: Compatible Engine Version: 4.14.0-3195953+++UE4+Release-4.14
LogInit: Net CL: 3195953
LogDevObjectVersion: Number of dev versions registered: 13
LogDevObjectVersion:   Dev-Blueprints (B0D832E4-1F89-4F0D-ACCF-7EB736FD4AA2): 7
LogDevObjectVersion:   Dev-Build (E1C64328-A22C-4D53-A36C-8E866417BD8C): 0
LogDevObjectVersion:   Dev-Core (375EC13C-06E4-48FB-B500-84F0262A717E): 1
LogDevObjectVersion:   Dev-Editor (E4B068ED-F494-42E9-A231-DA0B2E46BB41): 8
LogDevObjectVersion:   Dev-Framework (CFFC743F-43B0-4480-9391-14DF171D2073): 17
LogDevObjectVersion:   Dev-Mobile (B02B49B5-BB20-44E9-A304-32B752E40360): 0
LogDevObjectVersion:   Dev-Networking (A4E4105C-59A1-49B5-A7C5-40C4547EDFEE): 0
LogDevObjectVersion:   Dev-Online (39C831C9-5AE6-47DC-9A44-9C173E1C8E7C): 0
LogDevObjectVersion:   Dev-Physics (78F01B33-EBEA-4F98-B9B4-84EACCB95AA2): 0
LogDevObjectVersion:   Dev-Platform (6631380F-2D4D-43E0-8009-CF276956A95A): 0
LogDevObjectVersion:   Dev-Rendering (12F88B9F-8875-4AFC-A67C-D90C383ABD29): 12
LogDevObjectVersion:   Dev-Sequencer (7B5AE74C-D270-4C10-A958-57980B212A5A): 1
LogDevObjectVersion:   Dev-VR (D7296918-1DD6-4BDD-9DE2-64A83CC13884): 0
LogInit: Compiled (64-bit): Jan  6 2017 10:49:43
LogInit: Compiled with Visual C++: 19.00.23026.00
LogInit: Build Configuration: Development
LogInit: Branch Name: ++UE4+Release-4.14
LogInit: Command line:  
LogInit: Base directory: C:/Program Files (x86)/Epic Games/4.14/Engine/Binaries/Win64/
LogInit: Installed Engine Build: 1
LogInit: Presizing for max 8388607 objects, including 0 objects not considered by GC, pre-allocating 0 bytes for permanent pool.
LogInit: Object subsystem initialized
[2017.01.21-20.26.09:840][  0]LogInit: Selected Device Profile: [Windows]
[2017.01.21-20.26.09:840][  0]LogInit: Applying CVar settings loaded from the selected device profile: [Windows]
[2017.01.21-20.26.09:854][  0]LogInit: Computer: DESKTOP-TIQ196G
[2017.01.21-20.26.09:854][  0]LogInit: User: JudeJoseph
[2017.01.21-20.26.09:854][  0]LogInit: CPU Page size=65536, Cores=4
[2017.01.21-20.26.09:854][  0]LogInit: High frequency timer resolution =2.435780 MHz
[2017.01.21-20.26.09:855][  0]LogMemory: Memory total: Physical=15.9GB (16GB approx)
[2017.01.21-20.26.09:855][  0]LogMemory: Platform Memory Stats for Windows
[2017.01.21-20.26.09:855][  0]LogMemory: Process Physical Memory: 264.13 MB used, 264.13 MB peak
[2017.01.21-20.26.09:855][  0]LogMemory: Process Virtual Memory: 262.78 MB used, 262.78 MB peak
[2017.01.21-20.26.09:855][  0]LogMemory: Physical Memory: 5269.95 MB used,  10990.26 MB free, 16260.21 MB total
[2017.01.21-20.26.09:855][  0]LogMemory: Virtual Memory: 676.40 MB used,  10990.26 MB free, 134217728.00 MB total
[2017.01.21-20.26.09:881][  0]LogTextLocalizationManager: No specific translations for ('en-US') exist, so ('en') translations will be used.
[2017.01.21-20.26.10:659][  0]LogD3D11RHI: D3D11 adapters:
[2017.01.21-20.26.10:673][  0]LogD3D11RHI:    0. 'AMD Radeon R9 M370X' (Feature Level 11_0)
[2017.01.21-20.26.10:673][  0]LogD3D11RHI:       2030/0/8130 MB DedicatedVideo/DedicatedSystem/SharedSystem, Outputs:1, VendorId:0x1002
[2017.01.21-20.26.10:675][  0]LogD3D11RHI:    1. 'Microsoft Basic Render Driver' (Feature Level 11_0)
[2017.01.21-20.26.10:675][  0]LogD3D11RHI:       0/0/8130 MB DedicatedVideo/DedicatedSystem/SharedSystem, Outputs:0, VendorId:0x1414
[2017.01.21-20.26.10:675][  0]LogD3D11RHI: Chosen D3D11 Adapter: 0
[2017.01.21-20.26.10:680][  0]LogD3D11RHI: Creating new Direct3DDevice
[2017.01.21-20.26.10:680][  0]LogD3D11RHI:     GPU DeviceId: 0x6821 (for the marketing name, search the web for "GPU Device Id")
[2017.01.21-20.26.10:680][  0]LogWindows: EnumDisplayDevices:
[2017.01.21-20.26.10:680][  0]LogWindows:    0. 'AMD Radeon R9 M370X' (P:1 D:1)
[2017.01.21-20.26.10:680][  0]LogWindows:    1. 'AMD Radeon R9 M370X' (P:0 D:0)
[2017.01.21-20.26.10:681][  0]LogWindows:    2. 'AMD Radeon R9 M370X' (P:0 D:0)
[2017.01.21-20.26.10:681][  0]LogWindows:    3. 'AMD Radeon R9 M370X' (P:0 D:0)
[2017.01.21-20.26.10:681][  0]LogWindows:    4. 'AMD Radeon R9 M370X' (P:0 D:0)
[2017.01.21-20.26.10:682][  0]LogWindows:    5. 'AMD Radeon R9 M370X' (P:0 D:0)
[2017.01.21-20.26.10:682][  0]LogWindows: DebugString: FoundDriverCount:6 
[2017.01.21-20.26.10:682][  0]LogD3D11RHI:     Adapter Name: AMD Radeon R9 M370X
[2017.01.21-20.26.10:682][  0]LogD3D11RHI:   Driver Version: Crimson 15.11 (internal:15.301.2101.0, unified:15.301.2101.0)
[2017.01.21-20.26.10:682][  0]LogD3D11RHI:      Driver Date: 2-9-2016
[2017.01.21-20.26.10:682][  0]LogRHI: Texture pool is 1361 MB (70% of 1945 MB)
[2017.01.21-20.26.10:690][  0]LogD3D11RHI: Async texture creation enabled
[2017.01.21-20.26.10:705][  0]LogD3D11RHI: GPU Timing Frequency: 27.000000 (Debug: 2 1)
[2017.01.21-20.26.10:706][  0]LogShaderCompilers: Guid format shader working directory is -22 characters bigger than the processId version (../../../../../../Users/Jude Joseph/Documents/GitHub/GGJ/GlobalGameJam2017/Intermediate/Shaders/WorkingDirectory/8472/).
[2017.01.21-20.26.10:706][  0]LogShaderCompilers: Cleaned the shader compiler working directory 'C:/Users/Jude Joseph/AppData/Local/Temp/UnrealShaderWorkingDir/A14F0DF74E708FBA90C890B18DE025F6/'.
[2017.01.21-20.26.10:706][  0]LogShaderCompilers:Display: Using Local Shader Compiler.
[2017.01.21-20.26.12:023][  0]LogTemp:Display: Loaded TP AllDesktopTargetPlatform
[2017.01.21-20.26.12:088][  0]LogTemp:Display: Loaded TP MacClientTargetPlatform
[2017.01.21-20.26.12:170][  0]LogTemp:Display: Loaded TP MacNoEditorTargetPlatform
[2017.01.21-20.26.12:248][  0]LogTemp:Display: Loaded TP MacServerTargetPlatform
[2017.01.21-20.26.12:316][  0]LogTemp:Display: Loaded TP MacTargetPlatform
[2017.01.21-20.26.12:383][  0]LogTemp:Display: Loaded TP WindowsClientTargetPlatform
[2017.01.21-20.26.12:450][  0]LogTemp:Display: Loaded TP WindowsNoEditorTargetPlatform
[2017.01.21-20.26.12:526][  0]LogTemp:Display: Loaded TP WindowsServerTargetPlatform
[2017.01.21-20.26.12:581][  0]LogTemp:Display: Loaded TP WindowsTargetPlatform
[2017.01.21-20.26.12:651][  0]LogTemp:Display: Loaded TP AndroidTargetPlatform
[2017.01.21-20.26.12:715][  0]LogTemp:Display: Loaded TP Android_ASTCTargetPlatform
[2017.01.21-20.26.12:784][  0]LogTemp:Display: Loaded TP Android_ATCTargetPlatform
[2017.01.21-20.26.12:862][  0]LogTemp:Display: Loaded TP Android_DXTTargetPlatform
[2017.01.21-20.26.12:941][  0]LogTemp:Display: Loaded TP Android_ETC1TargetPlatform
[2017.01.21-20.26.13:014][  0]LogTemp:Display: Loaded TP Android_ETC2TargetPlatform
[2017.01.21-20.26.13:159][  0]LogTemp:Display: Loaded TP Android_MultiTargetPlatform
[2017.01.21-20.26.13:159][  0]LogTemp:Display: Loaded TP Android_PVRTCTargetPlatform
[2017.01.21-20.26.13:207][  0]LogTemp:Display: Loaded TP HTML5TargetPlatform
[2017.01.21-20.26.13:314][  0]LogTemp:Display: Loaded TP IOSTargetPlatform
[2017.01.21-20.26.13:367][  0]LogTemp:Display: Loaded TP TVOSTargetPlatform
[2017.01.21-20.26.13:448][  0]LogTemp:Display: Loaded TP LinuxClientTargetPlatform
[2017.01.21-20.26.13:515][  0]LogTemp:Display: Loaded TP LinuxNoEditorTargetPlatform
[2017.01.21-20.26.13:586][  0]LogTemp:Display: Loaded TP LinuxServerTargetPlatform
[2017.01.21-20.26.13:660][  0]LogTemp:Display: Loaded TP LinuxTargetPlatform
[2017.01.21-20.26.13:660][  0]LogTargetPlatformManager:Display: Building Assets For Windows
[2017.01.21-20.26.14:119][  0]LogDerivedDataCache:Display: Max Cache Size: 512 MB
[2017.01.21-20.26.14:206][  0]LogDerivedDataCache: Loaded boot cache 0.09s 50MB C:/Users/Jude Joseph/AppData/Local/UnrealEngine/4.14/DerivedDataCache/Boot.ddc.
[2017.01.21-20.26.14:207][  0]LogDerivedDataCache:Display: Loaded Boot cache: C:/Users/Jude Joseph/AppData/Local/UnrealEngine/4.14/DerivedDataCache/Boot.ddc
[2017.01.21-20.26.14:207][  0]LogDerivedDataCache: FDerivedDataBackendGraph:  Pak pak cache file ../../../../../../Users/Jude Joseph/Documents/GitHub/GGJ/GlobalGameJam2017/DerivedDataCache/DDC.ddp not found, will not use a pak cache.
[2017.01.21-20.26.14:207][  0]LogDerivedDataCache: Unable to find inner node Pak for hierarchical cache Hierarchy.
[2017.01.21-20.26.14:207][  0]LogDerivedDataCache: FDerivedDataBackendGraph:  CompressedPak pak cache file ../../../../../../Users/Jude Joseph/Documents/GitHub/GGJ/GlobalGameJam2017/DerivedDataCache/Compressed.ddp not found, will not use a pak cache.
[2017.01.21-20.26.14:207][  0]LogDerivedDataCache: Unable to find inner node CompressedPak for hierarchical cache Hierarchy.
[2017.01.21-20.26.14:231][  0]LogDerivedDataCache:Display: Pak cache opened for reading ../../../Engine/DerivedDataCache/Compressed.ddp.
[2017.01.21-20.26.14:243][  0]LogDerivedDataCache: Using Local data cache path C:/Users/Jude Joseph/AppData/Local/UnrealEngine/Common/DerivedDataCache: Writable
[2017.01.21-20.26.14:500][  0]LogInit: Selected Device Profile: [Windows]
[2017.01.21-20.26.14:504][  0]LogContentStreaming: Texture pool size is 0.00 MB
[2017.01.21-20.26.14:757][  0]LogMeshUtilities: Using QuadricMeshReduction for automatic static mesh reduction
[2017.01.21-20.26.14:807][  0]LogSimplygon: Simplygon DLL not present - disabling.
[2017.01.21-20.26.14:860][  0]LogMeshUtilities: Using SimplygonSwarm for distributed automatic mesh merging
[2017.01.21-20.26.14:860][  0]LogMeshUtilities: No automatic skeletal mesh reduction module available
[2017.01.21-20.26.14:860][  0]LogMeshUtilities: No automatic mesh merging module available
[2017.01.21-20.26.15:481][  0]LogNetVersion: GetLocalNetworkVersion: CL: 3195953, ProjectName: globalgamejam2017, ProjectVersion: , EngineNetworkVersion: 2, GameNetworkVersion: 0, NetworkChecksum: 3528608227
[2017.01.21-20.26.15:541][  0]LogAssetRegistry: FAssetRegistry took 0.0212 seconds to start up
[2017.01.21-20.26.15:596][  0]LogPackageLocalizationCache: Processed 3 localized package path(s) for 2 prioritized culture(s) in 0.026565 seconds
[2017.01.21-20.26.15:602][  0]LogUObjectArray: 31946 objects as part of root set at end of initial load.
[2017.01.21-20.26.15:602][  0]LogUObjectAllocator: 6935840 out of 0 bytes used by permanent object pool.
[2017.01.21-20.26.15:602][  0]LogUObjectArray: CloseDisregardForGC: 0/0 objects in disregard for GC pool
[2017.01.21-20.26.15:673][  0]LogInit: WinSock: version 1.1 (2.2), MaxSocks=32767, MaxUdp=65467
[2017.01.21-20.26.16:529][  0]LogSlate: Using Freetype 2.6.0
[2017.01.21-20.26.16:530][  0]LogSlate: SlateFontCache - WITH_FREETYPE: 1, WITH_HARFBUZZ: 1
[2017.01.21-20.26.16:530][  0]LogSlate: SlateFontCache - WITH_FREETYPE: 1, WITH_HARFBUZZ: 1
[2017.01.21-20.26.17:468][  0]LogTcpMessaging: Initializing TcpMessaging bridge
[2017.01.21-20.26.17:510][  0]LogUdpMessaging: Initializing bridge on interface 0.0.0.0:0 to multicast group 230.0.0.1:6666.
[2017.01.21-20.26.17:860][  0]LogMaterial: Uniform references updated for custom material expression Custom.
[2017.01.21-20.26.18:303][  0]SourceControl: Info Source control is disabled
[2017.01.21-20.26.20:195][  0]LogEngine: Initializing Engine...
[2017.01.21-20.26.20:195][  0]LogHMD: Failed to initialize OpenVR with code 110
[2017.01.21-20.26.20:486][  0]LogAIModule: Creating AISystem for world Untitled
[2017.01.21-20.26.20:500][  0]LogInit: XAudio2 using 'Speakers (Cirrus Logic CS4208 (AB 128))' : 4 channels at 48 kHz using 32 bits per sample (channel mask 0x33)
[2017.01.21-20.26.20:524][  0]LogInit: FAudioDevice initialized.
[2017.01.21-20.26.20:557][  0]LogDerivedDataCache: Saved boot cache 0.03s 50MB C:/Users/Jude Joseph/AppData/Local/UnrealEngine/4.14/DerivedDataCache/Boot.ddc.
[2017.01.21-20.26.20:565][  0]LogInit: Texture streaming: Enabled
[2017.01.21-20.26.20:766][  0]LogInit: Transaction tracking system initialized
[2017.01.21-20.26.21:163][  0]BlueprintLog: New page: Editor Load
[2017.01.21-20.26.22:196][  0]LocalizationService: Info Localization service is disabled
[2017.01.21-20.26.22:951][  0]LogConsoleResponse:Display: 
[2017.01.21-20.26.23:125][  0]LogCook:Display: Max memory allowance for cook 16384mb min free memory 0mb
[2017.01.21-20.26.23:125][  0]LogCook:Display: Mobile HDR setting 1
[2017.01.21-20.26.23:287][  0]LogFileCache: Scanning file cache for directory 'C:/Users/Jude Joseph/Documents/GitHub/GGJ/GlobalGameJam2017/Content/' took 0.01s
[2017.01.21-20.26.24:382][  0]Cmd: MAP LOAD FILE="../../../../../../Users/Jude Joseph/Documents/GitHub/GGJ/GlobalGameJam2017/Content/TopDownBP/Maps/TopDownExampleMap.umap" TEMPLATE=0 SHOWPROGRESS=1 FEATURELEVEL=3
[2017.01.21-20.26.24:382][  0]LightingResults: New page: Lighting Build
[2017.01.21-20.26.24:426][  0]MapCheck: New page: Map Check
[2017.01.21-20.26.24:426][  0]LightingResults: New page: Lighting Build
[2017.01.21-20.26.24:984][  0]LogAIModule: Creating AISystem for world TopDownExampleMap
[2017.01.21-20.26.25:006][  0]LogEditorServer: Finished looking for orphan Actors (0.000 secs)
[2017.01.21-20.26.25:007][  0]Cmd: MAP CHECKDEP NOCLEARLOG
[2017.01.21-20.26.25:069][  0]MapCheck: Info Map check complete: 0 Error(s), 0 Warning(s), took 61.389ms to complete.
[2017.01.21-20.26.25:069][  0]LogFileHelpers: Loading map 'TopDownExampleMap' took 0.687
[2017.01.21-20.26.25:129][  0]LogWindowsTextInputMethodSystem:Display: IME system now deactivated.
[2017.01.21-20.26.25:234][  0]LogCollectionManager: Loaded 0 collections in 0.001858 seconds
[2017.01.21-20.26.25:318][  0]LogFileCache: Scanning file cache for directory 'C:/Users/Jude Joseph/Documents/GitHub/GGJ/GlobalGameJam2017/Saved/Collections/' took 0.01s
[2017.01.21-20.26.25:318][  0]LogFileCache: Scanning file cache for directory 'C:/Users/Jude Joseph/Documents/GitHub/GGJ/GlobalGameJam2017/Content/Developers/JudeJoseph/Collections/' took 0.01s
[2017.01.21-20.26.25:318][  0]LogFileCache: Scanning file cache for directory 'C:/Users/Jude Joseph/Documents/GitHub/GGJ/GlobalGameJam2017/Content/Collections/' took 0.01s
[2017.01.21-20.26.25:318][  0]LogCollectionManager: Rebuilt the GUID cache for 0 collections in 0.000002 seconds
[2017.01.21-20.26.25:329][  0]LogContentBrowser: Native class hierarchy populated in 0.0106 seconds. Added 2190 classes and 428 folders.
[2017.01.21-20.26.25:382][  0]LogStats: UGameplayTagsManager::ConstructGameplayTagTree: Construct from data asset -  0.000 s
[2017.01.21-20.26.25:382][  0]LogStats: UGameplayTagsManager::ConstructGameplayTagTree: GameplayTagTreeChangedEvent.Broadcast -  0.000 s
[2017.01.21-20.26.25:383][  0]LogContentBrowser: Native class hierarchy updated for 'GameplayTags' in 0.0007 seconds. Added 13 classes and 0 folders.
[2017.01.21-20.26.25:458][  0]LogContentBrowser: Native class hierarchy updated for 'WidgetCarousel' in 0.0006 seconds. Added 0 classes and 0 folders.
[2017.01.21-20.26.25:502][  0]LogContentBrowser: Native class hierarchy updated for 'AddContentDialog' in 0.0006 seconds. Added 0 classes and 0 folders.
[2017.01.21-20.26.25:556][  0]LogContentBrowser: Native class hierarchy updated for 'SceneOutliner' in 0.0006 seconds. Added 1 classes and 2 folders.
[2017.01.21-20.26.25:657][  0]LogCrashTracker: Crashtracker disabled due to settings.
[2017.01.21-20.26.25:664][  0]LogUObjectGlobals:Warning: Failed to find object 'Class None.'
[2017.01.21-20.26.25:738][  0]LogContentBrowser: Native class hierarchy updated for 'HierarchicalLODOutliner' in 0.0006 seconds. Added 1 classes and 2 folders.
[2017.01.21-20.26.25:738][  0]LogLoad: (Engine Initialization) Total time: 17.53 seconds
[2017.01.21-20.26.25:738][  0]LogLoad: (Engine Initialization) Total Blueprint compile time: 0.22 seconds
[2017.01.21-20.26.25:739][  0]LogExternalProfiler: Found external profiler: VSPerf
[2017.01.21-20.26.25:739][  0]LogExternalProfiler: Using external profiler: VSPerf
[2017.01.21-20.26.25:756][  0]LogOcInput: OculusInput pre-init called
[2017.01.21-20.26.25:777][  0]SourceControl: Info On branch master
[2017.01.21-20.26.25:777][  0]SourceControl: Info Your branch is up-to-date with 'origin/master'.
[2017.01.21-20.26.25:777][  0]SourceControl: Info Changes to be committed:
[2017.01.21-20.26.25:777][  0]SourceControl: Info   (use "git reset HEAD <file>..." to unstage)
[2017.01.21-20.26.25:777][  0]SourceControl: Info 	new file:   GlobalGameJam2017/Content/Blueprints/CustomScript.uasset
[2017.01.21-20.26.25:777][  0]SourceControl: Info 	new file:   GlobalGameJam2017/Content/Blueprints/NewBlueprint.uasset
[2017.01.21-20.26.25:777][  0]SourceControl: Info 	new file:   GlobalGameJam2017/Content/Blueprints/PingControls.uasset
[2017.01.21-20.26.25:777][  0]SourceControl: Info 	new file:   GlobalGameJam2017/Content/Blueprints/Test.uasset
[2017.01.21-20.26.25:778][  0]SourceControl: Info Changes not staged for commit:
[2017.01.21-20.26.25:778][  0]SourceControl: Info   (use "git add/rm <file>..." to update what will be committed)
[2017.01.21-20.26.25:778][  0]SourceControl: Info   (use "git checkout -- <file>..." to discard changes in working directory)
[2017.01.21-20.26.25:778][  0]SourceControl: Info 	modified:   GlobalGameJam2017/Content/Materials/scan.uasset
[2017.01.21-20.26.25:778][  0]SourceControl: Info 	modified:   GlobalGameJam2017/Content/TopDownBP/Blueprints/Defaults/TopDownCharacter.uasset
[2017.01.21-20.26.25:778][  0]SourceControl: Info 	modified:   GlobalGameJam2017/Content/TopDownBP/Maps/TopDownExampleMap.umap
[2017.01.21-20.26.25:778][  0]SourceControl: Info 	modified:   GlobalGameJam2017/Content/TopDownBP/Maps/TopDownExampleMap_BuiltData.uasset
[2017.01.21-20.26.25:778][  0]SourceControl: Info 	modified:   GlobalGameJam2017/Intermediate/CachedAssetRegistry.bin
[2017.01.21-20.26.25:778][  0]SourceControl: Info 	modified:   GlobalGameJam2017/Saved/AutoScreenshot.png
[2017.01.21-20.26.25:778][  0]SourceControl: Info 	modified:   GlobalGameJam2017/Saved/Autosaves/Game/TopDownBP/Blueprints/TopDownCharacter_Auto6.uasset
[2017.01.21-20.26.25:778][  0]SourceControl: Info 	modified:   GlobalGameJam2017/Saved/Config/Windows/Editor.ini
[2017.01.21-20.26.25:778][  0]SourceControl: Info 	modified:   GlobalGameJam2017/Saved/Config/Windows/EditorPerProjectUserSettings.ini
[2017.01.21-20.26.25:778][  0]SourceControl: Info 	modified:   GlobalGameJam2017/Saved/Config/Windows/Engine.ini
[2017.01.21-20.26.25:778][  0]SourceControl: Info 	modified:   GlobalGameJam2017/Saved/Config/WorldState/1077236724.json
[2017.01.21-20.26.25:778][  0]SourceControl: Info 	deleted:    GlobalGameJam2017/Saved/Logs/GlobalGameJam2017-backup-2017.01.20-23.52.09.log
[2017.01.21-20.26.25:778][  0]SourceControl: Info 	deleted:    GlobalGameJam2017/Saved/Logs/GlobalGameJam2017-backup-2017.01.21-07.05.51.log
[2017.01.21-20.26.25:778][  0]SourceControl: Info 	modified:   GlobalGameJam2017/Saved/Logs/GlobalGameJam2017.log
[2017.01.21-20.26.25:778][  0]SourceControl: Info Untracked files:
[2017.01.21-20.26.25:778][  0]SourceControl: Info   (use "git add <file>..." to include in what will be committed)
[2017.01.21-20.26.25:778][  0]SourceControl: Info 	GlobalGameJam2017/Saved/Autosaves/Game/Blueprints/AIBehaviors/
[2017.01.21-20.26.25:778][  0]SourceControl: Info 	GlobalGameJam2017/Saved/Autosaves/Game/Blueprints/PingControls_Auto4.uasset
[2017.01.21-20.26.25:778][  0]SourceControl: Info 	GlobalGameJam2017/Saved/Autosaves/Game/Blueprints/Test_Auto2.uasset
[2017.01.21-20.26.25:778][  0]SourceControl: Info 	GlobalGameJam2017/Saved/Autosaves/Game/Blueprints/Test_Auto3.uasset
[2017.01.21-20.26.25:778][  0]SourceControl: Info 	GlobalGameJam2017/Saved/Autosaves/Game/Materials/scan_Auto1.uasset
[2017.01.21-20.26.25:778][  0]SourceControl: Info 	GlobalGameJam2017/Saved/Autosaves/Game/Materials/scan_Auto3.uasset
[2017.01.21-20.26.25:778][  0]SourceControl: Info 	GlobalGameJam2017/Saved/Autosaves/Game/TopDownBP/Blueprints/Defaults/
[2017.01.21-20.26.25:778][  0]SourceControl: Info 	GlobalGameJam2017/Saved/Autosaves/Game/TopDownBP/Maps/
[2017.01.21-20.26.25:778][  0]SourceControl: Info 	GlobalGameJam2017/Saved/Backup/AICharacter_2017-01-21-14-59-22.uasset
[2017.01.21-20.26.25:778][  0]SourceControl: Info 	GlobalGameJam2017/Saved/Backup/PingControls_2017-01-21-14-59-22.uasset
[2017.01.21-20.26.25:778][  0]SourceControl: Info 	GlobalGameJam2017/Saved/Backup/Test_2017-01-21-14-46-56.uasset
[2017.01.21-20.26.25:778][  0]SourceControl: Info 	GlobalGameJam2017/Saved/Backup/Test_2017-01-21-14-56-16.uasset
[2017.01.21-20.26.25:778][  0]SourceControl: Info 	GlobalGameJam2017/Saved/Backup/TopDownCharacter_2017-01-21-13-59-32.uasset
[2017.01.21-20.26.25:778][  0]SourceControl: Info 	GlobalGameJam2017/Saved/Backup/TopDownCharacter_2017-01-21-14-25-47.uasset
[2017.01.21-20.26.25:778][  0]SourceControl: Info 	GlobalGameJam2017/Saved/Backup/TopDownCharacter_2017-01-21-14-46-39.uasset
[2017.01.21-20.26.25:778][  0]SourceControl: Info 	GlobalGameJam2017/Saved/Backup/TopDownCharacter_2017-01-21-14-59-22.uasset
[2017.01.21-20.26.25:778][  0]SourceControl: Info 	GlobalGameJam2017/Saved/Backup/TopDownCharacter_2017-01-21-15-25-19.uasset
[2017.01.21-20.26.25:778][  0]SourceControl: Info 	GlobalGameJam2017/Saved/Backup/TopDownExampleMap_2017-01-21-13-45-14.umap
[2017.01.21-20.26.25:778][  0]SourceControl: Info 	GlobalGameJam2017/Saved/Backup/TopDownExampleMap_2017-01-21-13-59-32.umap
[2017.01.21-20.26.25:778][  0]SourceControl: Info 	GlobalGameJam2017/Saved/Backup/TopDownExampleMap_2017-01-21-14-25-46.umap
[2017.01.21-20.26.25:778][  0]SourceControl: Info 	GlobalGameJam2017/Saved/Backup/TopDownExampleMap_2017-01-21-14-46-55.umap
[2017.01.21-20.26.25:778][  0]SourceControl: Info 	GlobalGameJam2017/Saved/Backup/TopDownExampleMap_2017-01-21-14-59-21.umap
[2017.01.21-20.26.25:778][  0]SourceControl: Info 	GlobalGameJam2017/Saved/Backup/TopDownExampleMap_2017-01-21-15-11-07.umap
[2017.01.21-20.26.25:778][  0]SourceControl: Info 	GlobalGameJam2017/Saved/Backup/TopDownExampleMap_2017-01-21-15-25-18.umap
[2017.01.21-20.26.25:778][  0]SourceControl: Info 	GlobalGameJam2017/Saved/Backup/TopDownExampleMap_BuiltData_2017-01-21-15-25-19.uasset
[2017.01.21-20.26.25:778][  0]SourceControl: Info 	GlobalGameJam2017/Saved/Backup/scan_2017-01-21-13-45-14.uasset
[2017.01.21-20.26.25:778][  0]SourceControl: Info 	GlobalGameJam2017/Saved/Backup/scan_2017-01-21-14-25-47.uasset
[2017.01.21-20.26.25:778][  0]SourceControl: Info 	GlobalGameJam2017/Saved/Logs/GlobalGameJam2017-backup-2017.01.21-13.31.34.log
[2017.01.21-20.26.25:779][  0]SourceControl: Info 	GlobalGameJam2017/Saved/Logs/GlobalGameJam2017-backup-2017.01.21-15.26.09.log
[2017.01.21-20.26.25:779][  0]SourceControl: Info 	GlobalGameJam2017/Saved/Logs/UE4CC-Windows-2B51991E4AC3D8B8834D15A9B9E73D7F/
[2017.01.21-20.26.25:779][  0]SourceControl: Info 	GlobalGameJam2017/Saved/Logs/UE4CC-Windows-8CE04DD2439E8DB8C9A7329B0A946DF3/
[2017.01.21-20.26.25:779][  0]LogContentStreaming: Texture pool size now 1000 MB
[2017.01.21-20.26.25:945][  0]LogRenderer: Reallocating scene render targets to support 868x608 NumSamples 1 (Frame:2).
[2017.01.21-20.26.26:372][  1]LogAssetRegistry: Asset discovery search completed in 10.8524 seconds
[2017.01.21-20.26.26:372][  1]LogCollectionManager: Rebuilt the object cache for 0 collections in 0.000001 seconds (found 0 objects)
[2017.01.21-20.26.26:372][  1]LogCollectionManager: Fixed up redirectors for 0 collections in 0.000018 seconds (updated 0 objects)
[2017.01.21-20.26.28:546][125]LogTemp: Repeting last play command: Selected Viewport
[2017.01.21-20.26.28:571][125]LogBlueprintUserMessages: Early PlayInEditor Detection: Level '/Game/TopDownBP/Maps/TopDownExampleMap.TopDownExampleMap:PersistentLevel' has LevelScriptBlueprint '/Game/TopDownBP/Maps/TopDownExampleMap.TopDownExampleMap:PersistentLevel.TopDownExampleMap' with GeneratedClass '/Game/TopDownBP/Maps/TopDownExampleMap.TopDownExampleMap_C' with ClassGeneratedBy '/Game/TopDownBP/Maps/TopDownExampleMap.TopDownExampleMap:PersistentLevel.TopDownExampleMap'
[2017.01.21-20.26.28:571][125]LogPlayLevel: PlayLevel: No blueprints needed recompiling
[2017.01.21-20.26.28:572][125]PIE: New page: PIE session: TopDownExampleMap (Jan 21, 2017, 10:26:28 AM)
[2017.01.21-20.26.28:572][125]LogPlayLevel: Creating play world package: /Game/TopDownBP/Maps/UEDPIE_0_TopDownExampleMap
[2017.01.21-20.26.28:610][125]LogPlayLevel: PIE: StaticDuplicateObject took: (0.038191s)
[2017.01.21-20.26.28:612][125]LogAIModule: Creating AISystem for world TopDownExampleMap
[2017.01.21-20.26.28:612][125]LogPlayLevel: PIE: World Init took: (0.000906s)
[2017.01.21-20.26.28:612][125]LogPlayLevel: PIE: Created PIE world by copying editor world from /Game/TopDownBP/Maps/TopDownExampleMap.TopDownExampleMap to /Game/TopDownBP/Maps/UEDPIE_0_TopDownExampleMap.TopDownExampleMap (0.040266s)
[2017.01.21-20.26.28:636][125]LogInit: XAudio2 using 'Speakers (Cirrus Logic CS4208 (AB 128))' : 4 channels at 48 kHz using 32 bits per sample (channel mask 0x33)
[2017.01.21-20.26.28:641][125]LogInit: FAudioDevice initialized.
[2017.01.21-20.26.28:693][125]LogLoad: Game class is 'TopDownGameMode_C'
[2017.01.21-20.26.28:697][125]LogWorld: Bringing World /Game/TopDownBP/Maps/UEDPIE_0_TopDownExampleMap.TopDownExampleMap up for play (max tick rate 60) at 2017.01.21-15.26.28
[2017.01.21-20.26.28:698][125]LogWorld: Bringing up level for play took: 0.003843
[2017.01.21-20.26.28:747][125]LogContentBrowser: Native class hierarchy updated for 'MovieSceneCapture' in 0.0007 seconds. Added 11 classes and 0 folders.
[2017.01.21-20.26.28:748][125]PIE: Info Play in editor start time for /Game/TopDownBP/Maps/UEDPIE_0_TopDownExampleMap -0.267
[2017.01.21-20.26.28:749][125]LogBlueprintUserMessages: Late PlayInEditor Detection: Level '/Game/TopDownBP/Maps/TopDownExampleMap.TopDownExampleMap:PersistentLevel' has LevelScriptBlueprint '/Game/TopDownBP/Maps/TopDownExampleMap.TopDownExampleMap:PersistentLevel.TopDownExampleMap' with GeneratedClass '/Game/TopDownBP/Maps/TopDownExampleMap.TopDownExampleMap_C' with ClassGeneratedBy '/Game/TopDownBP/Maps/TopDownExampleMap.TopDownExampleMap:PersistentLevel.TopDownExampleMap'
[2017.01.21-20.26.38:232][519]LogBlueprintUserMessages: Early EndPlayMap Detection: Level '/Game/TopDownBP/Maps/TopDownExampleMap.TopDownExampleMap:PersistentLevel' has LevelScriptBlueprint '/Game/TopDownBP/Maps/TopDownExampleMap.TopDownExampleMap:PersistentLevel.TopDownExampleMap' with GeneratedClass '/Game/TopDownBP/Maps/TopDownExampleMap.TopDownExampleMap_C' with ClassGeneratedBy '/Game/TopDownBP/Maps/TopDownExampleMap.TopDownExampleMap:PersistentLevel.TopDownExampleMap'
[2017.01.21-20.26.38:297][519]LogBlueprintUserMessages: Late EndPlayMap Detection: Level '/Game/TopDownBP/Maps/TopDownExampleMap.TopDownExampleMap:PersistentLevel' has LevelScriptBlueprint '/Game/TopDownBP/Maps/TopDownExampleMap.TopDownExampleMap:PersistentLevel.TopDownExampleMap' with GeneratedClass '/Game/TopDownBP/Maps/TopDownExampleMap.TopDownExampleMap_C' with ClassGeneratedBy '/Game/TopDownBP/Maps/TopDownExampleMap.TopDownExampleMap:PersistentLevel.TopDownExampleMap'
[2017.01.21-20.26.56:618][400]LogContentBrowser: Native class hierarchy updated for 'BlueprintGraph' in 0.0012 seconds. Added 111 classes and 0 folders.
[2017.01.21-20.27.04:202][770]LogTemp: Repeting last play command: Selected Viewport
[2017.01.21-20.27.04:233][770]LogBlueprintUserMessages: Early PlayInEditor Detection: Level '/Game/TopDownBP/Maps/TopDownExampleMap.TopDownExampleMap:PersistentLevel' has LevelScriptBlueprint '/Game/TopDownBP/Maps/TopDownExampleMap.TopDownExampleMap:PersistentLevel.TopDownExampleMap' with GeneratedClass '/Game/TopDownBP/Maps/TopDownExampleMap.TopDownExampleMap_C' with ClassGeneratedBy '/Game/TopDownBP/Maps/TopDownExampleMap.TopDownExampleMap:PersistentLevel.TopDownExampleMap'
[2017.01.21-20.27.04:233][770]LogPlayLevel: PlayLevel: No blueprints needed recompiling
[2017.01.21-20.27.04:234][770]PIE: New page: PIE session: TopDownExampleMap (Jan 21, 2017, 10:27:04 AM)
[2017.01.21-20.27.04:234][770]LogPlayLevel: Creating play world package: /Game/TopDownBP/Maps/UEDPIE_0_TopDownExampleMap
[2017.01.21-20.27.04:266][770]LogPlayLevel: PIE: StaticDuplicateObject took: (0.032532s)
[2017.01.21-20.27.04:267][770]LogAIModule: Creating AISystem for world TopDownExampleMap
[2017.01.21-20.27.04:268][770]LogPlayLevel: PIE: World Init took: (0.001443s)
[2017.01.21-20.27.04:268][770]LogPlayLevel: PIE: Created PIE world by copying editor world from /Game/TopDownBP/Maps/TopDownExampleMap.TopDownExampleMap to /Game/TopDownBP/Maps/UEDPIE_0_TopDownExampleMap.TopDownExampleMap (0.034322s)
[2017.01.21-20.27.04:323][770]LogInit: XAudio2 using 'Speakers (Cirrus Logic CS4208 (AB 128))' : 4 channels at 48 kHz using 32 bits per sample (channel mask 0x33)
[2017.01.21-20.27.04:330][770]LogInit: FAudioDevice initialized.
[2017.01.21-20.27.04:366][770]LogLoad: Game class is 'TopDownGameMode_C'
[2017.01.21-20.27.04:372][770]LogWorld: Bringing World /Game/TopDownBP/Maps/UEDPIE_0_TopDownExampleMap.TopDownExampleMap up for play (max tick rate 60) at 2017.01.21-15.27.04
[2017.01.21-20.27.04:373][770]LogWorld: Bringing up level for play took: 0.004783
[2017.01.21-20.27.04:374][770]PIE: Info Play in editor start time for /Game/TopDownBP/Maps/UEDPIE_0_TopDownExampleMap -0.641
[2017.01.21-20.27.04:375][770]LogBlueprintUserMessages: Late PlayInEditor Detection: Level '/Game/TopDownBP/Maps/TopDownExampleMap.TopDownExampleMap:PersistentLevel' has LevelScriptBlueprint '/Game/TopDownBP/Maps/TopDownExampleMap.TopDownExampleMap:PersistentLevel.TopDownExampleMap' with GeneratedClass '/Game/TopDownBP/Maps/TopDownExampleMap.TopDownExampleMap_C' with ClassGeneratedBy '/Game/TopDownBP/Maps/TopDownExampleMap.TopDownExampleMap:PersistentLevel.TopDownExampleMap'
[2017.01.21-20.27.05:956][830]LogMaterial:Warning: Material /Game/StarterContent/Materials/M_Brick_Clay_New.M_Brick_Clay_New missing bUsedWithSkeletalMesh=True! Default Material will be used in game.
[2017.01.21-20.27.05:956][830]LogMaterial:Warning:      The material will recompile every editor launch until resaved.
[2017.01.21-20.27.10:308][  5]LogBlueprintUserMessages: Early EndPlayMap Detection: Level '/Game/TopDownBP/Maps/TopDownExampleMap.TopDownExampleMap:PersistentLevel' has LevelScriptBlueprint '/Game/TopDownBP/Maps/TopDownExampleMap.TopDownExampleMap:PersistentLevel.TopDownExampleMap' with GeneratedClass '/Game/TopDownBP/Maps/TopDownExampleMap.TopDownExampleMap_C' with ClassGeneratedBy '/Game/TopDownBP/Maps/TopDownExampleMap.TopDownExampleMap:PersistentLevel.TopDownExampleMap'
[2017.01.21-20.27.10:376][  5]LogBlueprintUserMessages: Late EndPlayMap Detection: Level '/Game/TopDownBP/Maps/TopDownExampleMap.TopDownExampleMap:PersistentLevel' has LevelScriptBlueprint '/Game/TopDownBP/Maps/TopDownExampleMap.TopDownExampleMap:PersistentLevel.TopDownExampleMap' with GeneratedClass '/Game/TopDownBP/Maps/TopDownExampleMap.TopDownExampleMap_C' with ClassGeneratedBy '/Game/TopDownBP/Maps/TopDownExampleMap.TopDownExampleMap:PersistentLevel.TopDownExampleMap'
[2017.01.21-20.28.18:078][ 43]LogTemp: Repeting last play command: Selected Viewport
[2017.01.21-20.28.18:103][ 43]LogBlueprintUserMessages: Early PlayInEditor Detection: Level '/Game/TopDownBP/Maps/TopDownExampleMap.TopDownExampleMap:PersistentLevel' has LevelScriptBlueprint '/Game/TopDownBP/Maps/TopDownExampleMap.TopDownExampleMap:PersistentLevel.TopDownExampleMap' with GeneratedClass '/Game/TopDownBP/Maps/TopDownExampleMap.TopDownExampleMap_C' with ClassGeneratedBy '/Game/TopDownBP/Maps/TopDownExampleMap.TopDownExampleMap:PersistentLevel.TopDownExampleMap'
[2017.01.21-20.28.18:103][ 43]LogPlayLevel: PlayLevel: No blueprints needed recompiling
[2017.01.21-20.28.18:103][ 43]PIE: New page: PIE session: TopDownExampleMap (Jan 21, 2017, 10:28:18 AM)
[2017.01.21-20.28.18:103][ 43]LogPlayLevel: Creating play world package: /Game/TopDownBP/Maps/UEDPIE_0_TopDownExampleMap
[2017.01.21-20.28.18:134][ 43]LogPlayLevel: PIE: StaticDuplicateObject took: (0.030522s)
[2017.01.21-20.28.18:134][ 43]LogAIModule: Creating AISystem for world TopDownExampleMap
[2017.01.21-20.28.18:135][ 43]LogPlayLevel: PIE: World Init took: (0.001015s)
[2017.01.21-20.28.18:135][ 43]LogPlayLevel: PIE: Created PIE world by copying editor world from /Game/TopDownBP/Maps/TopDownExampleMap.TopDownExampleMap to /Game/TopDownBP/Maps/UEDPIE_0_TopDownExampleMap.TopDownExampleMap (0.031877s)
[2017.01.21-20.28.18:166][ 43]LogInit: XAudio2 using 'Speakers (Cirrus Logic CS4208 (AB 128))' : 4 channels at 48 kHz using 32 bits per sample (channel mask 0x33)
[2017.01.21-20.28.18:173][ 43]LogInit: FAudioDevice initialized.
[2017.01.21-20.28.18:207][ 43]LogLoad: Game class is 'TopDownGameMode_C'
[2017.01.21-20.28.18:212][ 43]LogWorld: Bringing World /Game/TopDownBP/Maps/UEDPIE_0_TopDownExampleMap.TopDownExampleMap up for play (max tick rate 60) at 2017.01.21-15.28.18
[2017.01.21-20.28.18:213][ 43]LogWorld: Bringing up level for play took: 0.004547
[2017.01.21-20.28.18:214][ 43]PIE: Info Play in editor start time for /Game/TopDownBP/Maps/UEDPIE_0_TopDownExampleMap -0.801
[2017.01.21-20.28.18:215][ 43]LogBlueprintUserMessages: Late PlayInEditor Detection: Level '/Game/TopDownBP/Maps/TopDownExampleMap.TopDownExampleMap:PersistentLevel' has LevelScriptBlueprint '/Game/TopDownBP/Maps/TopDownExampleMap.TopDownExampleMap:PersistentLevel.TopDownExampleMap' with GeneratedClass '/Game/TopDownBP/Maps/TopDownExampleMap.TopDownExampleMap_C' with ClassGeneratedBy '/Game/TopDownBP/Maps/TopDownExampleMap.TopDownExampleMap:PersistentLevel.TopDownExampleMap'
[2017.01.21-20.28.19:741][125]LogBlueprintUserMessages: Early EndPlayMap Detection: Level '/Game/TopDownBP/Maps/TopDownExampleMap.TopDownExampleMap:PersistentLevel' has LevelScriptBlueprint '/Game/TopDownBP/Maps/TopDownExampleMap.TopDownExampleMap:PersistentLevel.TopDownExampleMap' with GeneratedClass '/Game/TopDownBP/Maps/TopDownExampleMap.TopDownExampleMap_C' with ClassGeneratedBy '/Game/TopDownBP/Maps/TopDownExampleMap.TopDownExampleMap:PersistentLevel.TopDownExampleMap'
[2017.01.21-20.28.19:803][125]LogBlueprintUserMessages: Late EndPlayMap Detection: Level '/Game/TopDownBP/Maps/TopDownExampleMap.TopDownExampleMap:PersistentLevel' has LevelScriptBlueprint '/Game/TopDownBP/Maps/TopDownExampleMap.TopDownExampleMap:PersistentLevel.TopDownExampleMap' with GeneratedClass '/Game/TopDownBP/Maps/TopDownExampleMap.TopDownExampleMap_C' with ClassGeneratedBy '/Game/TopDownBP/Maps/TopDownExampleMap.TopDownExampleMap:PersistentLevel.TopDownExampleMap'
[2017.01.21-20.29.14:998][405]LogTemp: Repeting last play command: Selected Viewport
[2017.01.21-20.29.15:026][405]LogBlueprintUserMessages: Early PlayInEditor Detection: Level '/Game/TopDownBP/Maps/TopDownExampleMap.TopDownExampleMap:PersistentLevel' has LevelScriptBlueprint '/Game/TopDownBP/Maps/TopDownExampleMap.TopDownExampleMap:PersistentLevel.TopDownExampleMap' with GeneratedClass '/Game/TopDownBP/Maps/TopDownExampleMap.TopDownExampleMap_C' with ClassGeneratedBy '/Game/TopDownBP/Maps/TopDownExampleMap.TopDownExampleMap:PersistentLevel.TopDownExampleMap'
[2017.01.21-20.29.15:026][405]LogPlayLevel: PlayLevel: No blueprints needed recompiling
[2017.01.21-20.29.15:026][405]PIE: New page: PIE session: TopDownExampleMap (Jan 21, 2017, 10:29:15 AM)
[2017.01.21-20.29.15:026][405]LogPlayLevel: Creating play world package: /Game/TopDownBP/Maps/UEDPIE_0_TopDownExampleMap
[2017.01.21-20.29.15:050][405]LogPlayLevel: PIE: StaticDuplicateObject took: (0.023935s)
[2017.01.21-20.29.15:051][405]LogAIModule: Creating AISystem for world TopDownExampleMap
[2017.01.21-20.29.15:051][405]LogPlayLevel: PIE: World Init took: (0.000947s)
[2017.01.21-20.29.15:051][405]LogPlayLevel: PIE: Created PIE world by copying editor world from /Game/TopDownBP/Maps/TopDownExampleMap.TopDownExampleMap to /Game/TopDownBP/Maps/UEDPIE_0_TopDownExampleMap.TopDownExampleMap (0.025240s)
[2017.01.21-20.29.15:081][405]LogInit: XAudio2 using 'Speakers (Cirrus Logic CS4208 (AB 128))' : 4 channels at 48 kHz using 32 bits per sample (channel mask 0x33)
[2017.01.21-20.29.15:087][405]LogInit: FAudioDevice initialized.
[2017.01.21-20.29.15:121][405]LogLoad: Game class is 'TopDownGameMode_C'
[2017.01.21-20.29.15:126][405]LogWorld: Bringing World /Game/TopDownBP/Maps/UEDPIE_0_TopDownExampleMap.TopDownExampleMap up for play (max tick rate 60) at 2017.01.21-15.29.15
[2017.01.21-20.29.15:127][405]LogWorld: Bringing up level for play took: 0.004702
[2017.01.21-20.29.15:128][405]PIE: Info Play in editor start time for /Game/TopDownBP/Maps/UEDPIE_0_TopDownExampleMap 0.113
[2017.01.21-20.29.15:128][405]LogBlueprintUserMessages: Late PlayInEditor Detection: Level '/Game/TopDownBP/Maps/TopDownExampleMap.TopDownExampleMap:PersistentLevel' has LevelScriptBlueprint '/Game/TopDownBP/Maps/TopDownExampleMap.TopDownExampleMap:PersistentLevel.TopDownExampleMap' with GeneratedClass '/Game/TopDownBP/Maps/TopDownExampleMap.TopDownExampleMap_C' with ClassGeneratedBy '/Game/TopDownBP/Maps/TopDownExampleMap.TopDownExampleMap:PersistentLevel.TopDownExampleMap'
[2017.01.21-20.29.17:354][519]MapCheck: New page: Map Check
[2017.01.21-20.29.17:374][519]Cmd: MAP REBUILD ALLVISIBLE
[2017.01.21-20.29.17:374][519]LogEditorServer: Rebuildmap Clear paths rebuilt
[2017.01.21-20.29.17:588][519]LightingResults: New page: Lighting Build - Jan 21, 2017, 10:29:17 AM
[2017.01.21-20.29.17:643][519]LogSwarmInterface: [OpenConnection] Registering TCP channel ...
[2017.01.21-20.29.17:738][519]LogSwarmInterface: [OpenConnection] Connecting to agent ...
[2017.01.21-20.29.17:753][519]LogSwarmInterface: [TryOpenConnection] Testing the Agent
[2017.01.21-20.29.18:276][519]LogSwarmInterface: [TryOpenConnection] Opening Connection to Agent
[2017.01.21-20.29.18:276][519]LogSwarmInterface: [TryOpenConnection] Local Process ID is 8472
[2017.01.21-20.29.21:174][519]LogStaticLightingSystem: Running Lightmass w/ ImmediateImport mode ENABLED
[2017.01.21-20.29.21:174][519]LogStaticLightingSystem: Running Lightmass w/ ImmediateProcess mode ENABLED
[2017.01.21-20.29.21:174][519]LogStaticLightingSystem: Running Lightmass w/ Sorting mode ENABLED
[2017.01.21-20.29.21:174][519]LogStaticLightingSystem: Running Lightmass w/ Mapping paddings ENABLED
[2017.01.21-20.29.21:174][519]LogStaticLightingSystem: Running Lightmass w/ Mapping debug paddings DISABLED
[2017.01.21-20.29.21:383][519]Cmd: MAP CHECK DONTDISPLAYDIALOG
[2017.01.21-20.29.21:383][519]MapCheck: New page: TopDownExampleMap - Jan 21, 2017, 10:29:21 AM
[2017.01.21-20.29.21:440][519]MapCheck:Error: Error WorldInfo_0 Maps need lighting rebuilt 
[2017.01.21-20.29.21:514][519]MapCheck: Info Map check complete: 1 Error(s), 0 Warning(s), took 131.648ms to complete.
[2017.01.21-20.29.21:537][519]LogEditorBuildUtils: Build time 0:04
[2017.01.21-20.29.24:647][608]LogBlueprintUserMessages: Early EndPlayMap Detection: Level '/Game/TopDownBP/Maps/TopDownExampleMap.TopDownExampleMap:PersistentLevel' has LevelScriptBlueprint '/Game/TopDownBP/Maps/TopDownExampleMap.TopDownExampleMap:PersistentLevel.TopDownExampleMap' with GeneratedClass '/Game/TopDownBP/Maps/TopDownExampleMap.TopDownExampleMap_C' with ClassGeneratedBy '/Game/TopDownBP/Maps/TopDownExampleMap.TopDownExampleMap:PersistentLevel.TopDownExampleMap'
[2017.01.21-20.29.24:689][608]LogBlueprintUserMessages: Late EndPlayMap Detection: Level '/Game/TopDownBP/Maps/TopDownExampleMap.TopDownExampleMap:PersistentLevel' has LevelScriptBlueprint '/Game/TopDownBP/Maps/TopDownExampleMap.TopDownExampleMap:PersistentLevel.TopDownExampleMap' with GeneratedClass '/Game/TopDownBP/Maps/TopDownExampleMap.TopDownExampleMap_C' with ClassGeneratedBy '/Game/TopDownBP/Maps/TopDownExampleMap.TopDownExampleMap:PersistentLevel.TopDownExampleMap'
[2017.01.21-20.29.25:801][647]MapCheck: New page: Map Check
[2017.01.21-20.29.25:839][647]Cmd: MAP CHECK DONTDISPLAYDIALOG
[2017.01.21-20.29.25:840][647]MapCheck: New page: TopDownExampleMap - Jan 21, 2017, 10:29:25 AM
[2017.01.21-20.29.25:855][647]MapCheck:Error: Error WorldInfo_0 Maps need lighting rebuilt 
[2017.01.21-20.29.25:987][647]MapCheck: Info Map check complete: 1 Error(s), 0 Warning(s), took 147.536ms to complete.
[2017.01.21-20.29.26:010][647]LogEditorBuildUtils: Build time 0:00
[2017.01.21-20.29.34:262][ 21]Job is a success!
[2017.01.21-20.29.35:126][ 22]LogTexture:Display: Building textures: SkyOcclusion0_1 (AutoDXT)
[2017.01.21-20.29.35:126][ 22]LogTexture:Display: Building textures: HQ_Lightmap0_1 (AutoDXT)
[2017.01.21-20.29.35:126][ 22]LogTexture:Display: Building textures: LQ_Lightmap_0_1 (DXT1)
[2017.01.21-20.29.35:126][ 22]LogTexture:Display: Building textures: SkyOcclusion0_2 (AutoDXT)
[2017.01.21-20.29.35:127][ 22]LogTexture:Display: Building textures: HQ_Lightmap0_2 (AutoDXT)
[2017.01.21-20.29.35:127][ 22]LogTexture:Display: Building textures: LQ_Lightmap_0_2 (DXT1)
[2017.01.21-20.29.36:708][ 22]LogTexture:Display: Building textures: ShadowMapTexture2D_0 (G8)
[2017.01.21-20.29.36:752][ 22]Lightmass on DESKTOP-TIQ196G: 14.2 sec total, 152 ms importing, 31 ms setup, 2.24 sec photons, 11.8 sec processing, 0 ms extra exporting [24/24 mappings]. Threads: 1:22 min total, 34.1 sec processing.
[2017.01.21-20.29.36:810][ 22]LogStaticLightingSystem: Illumination: 19.1 sec (652 ms encoding lightmaps, 1.57 sec encoding shadowmaps)
[2017.01.21-20.29.36:810][ 22]LogStaticLightingSystem: Lightmap texture memory:  3.3 MB (3.3 MB streaming, 0.0 MB non-streaming), 4 textures
[2017.01.21-20.29.36:810][ 22]LogStaticLightingSystem: Shadowmap texture memory: 2.7 MB (2.7 MB streaming, 0.0 MB non-streaming), 1 textures
[2017.01.21-20.29.37:182][ 22]DumpUnbuiltLightIteractions
[2017.01.21-20.29.37:182][ 22]Lights with unbuilt interactions: 0
[2017.01.21-20.29.37:182][ 22]
[2017.01.21-20.29.37:182][ 22]Primitives with unbuilt interactions: 0
[2017.01.21-20.29.37:198][ 23]Cmd: MAP CHECK NOTIFYRESULTS
[2017.01.21-20.29.37:198][ 23]MapCheck: New page: TopDownExampleMap - Jan 21, 2017, 10:29:37 AM
[2017.01.21-20.29.37:346][ 23]MapCheck: Info Map check complete: 0 Error(s), 0 Warning(s), took 148.1ms to complete.
[2017.01.21-20.29.52:371][887]LogTemp: Repeting last play command: Selected Viewport
[2017.01.21-20.29.52:397][887]LogBlueprintUserMessages: Early PlayInEditor Detection: Level '/Game/TopDownBP/Maps/TopDownExampleMap.TopDownExampleMap:PersistentLevel' has LevelScriptBlueprint '/Game/TopDownBP/Maps/TopDownExampleMap.TopDownExampleMap:PersistentLevel.TopDownExampleMap' with GeneratedClass '/Game/TopDownBP/Maps/TopDownExampleMap.TopDownExampleMap_C' with ClassGeneratedBy '/Game/TopDownBP/Maps/TopDownExampleMap.TopDownExampleMap:PersistentLevel.TopDownExampleMap'
[2017.01.21-20.29.52:397][887]LogPlayLevel: PlayLevel: No blueprints needed recompiling
[2017.01.21-20.29.52:397][887]PIE: New page: PIE session: TopDownExampleMap (Jan 21, 2017, 10:29:52 AM)
[2017.01.21-20.29.52:397][887]LogPlayLevel: Creating play world package: /Game/TopDownBP/Maps/UEDPIE_0_TopDownExampleMap
[2017.01.21-20.29.52:423][887]LogPlayLevel: PIE: StaticDuplicateObject took: (0.025874s)
[2017.01.21-20.29.52:424][887]LogAIModule: Creating AISystem for world TopDownExampleMap
[2017.01.21-20.29.52:425][887]LogPlayLevel: PIE: World Init took: (0.001396s)
[2017.01.21-20.29.52:425][887]LogPlayLevel: PIE: Created PIE world by copying editor world from /Game/TopDownBP/Maps/TopDownExampleMap.TopDownExampleMap to /Game/TopDownBP/Maps/UEDPIE_0_TopDownExampleMap.TopDownExampleMap (0.027696s)
[2017.01.21-20.29.52:474][887]LogInit: XAudio2 using 'Speakers (Cirrus Logic CS4208 (AB 128))' : 4 channels at 48 kHz using 32 bits per sample (channel mask 0x33)
[2017.01.21-20.29.52:481][887]LogInit: FAudioDevice initialized.
[2017.01.21-20.29.52:513][887]LogLoad: Game class is 'TopDownGameMode_C'
[2017.01.21-20.29.52:519][887]LogWorld: Bringing World /Game/TopDownBP/Maps/UEDPIE_0_TopDownExampleMap.TopDownExampleMap up for play (max tick rate 60) at 2017.01.21-15.29.52
[2017.01.21-20.29.52:520][887]LogWorld: Bringing up level for play took: 0.005006
[2017.01.21-20.29.52:522][887]PIE: Info Play in editor start time for /Game/TopDownBP/Maps/UEDPIE_0_TopDownExampleMap -0.494
[2017.01.21-20.29.52:522][887]LogBlueprintUserMessages: Late PlayInEditor Detection: Level '/Game/TopDownBP/Maps/TopDownExampleMap.TopDownExampleMap:PersistentLevel' has LevelScriptBlueprint '/Game/TopDownBP/Maps/TopDownExampleMap.TopDownExampleMap:PersistentLevel.TopDownExampleMap' with GeneratedClass '/Game/TopDownBP/Maps/TopDownExampleMap.TopDownExampleMap_C' with ClassGeneratedBy '/Game/TopDownBP/Maps/TopDownExampleMap.TopDownExampleMap:PersistentLevel.TopDownExampleMap'
[2017.01.21-20.29.59:990][211]LogBlueprintUserMessages: Early EndPlayMap Detection: Level '/Game/TopDownBP/Maps/TopDownExampleMap.TopDownExampleMap:PersistentLevel' has LevelScriptBlueprint '/Game/TopDownBP/Maps/TopDownExampleMap.TopDownExampleMap:PersistentLevel.TopDownExampleMap' with GeneratedClass '/Game/TopDownBP/Maps/TopDownExampleMap.TopDownExampleMap_C' with ClassGeneratedBy '/Game/TopDownBP/Maps/TopDownExampleMap.TopDownExampleMap:PersistentLevel.TopDownExampleMap'
[2017.01.21-20.30.00:055][211]LogBlueprintUserMessages: Late EndPlayMap Detection: Level '/Game/TopDownBP/Maps/TopDownExampleMap.TopDownExampleMap:PersistentLevel' has LevelScriptBlueprint '/Game/TopDownBP/Maps/TopDownExampleMap.TopDownExampleMap:PersistentLevel.TopDownExampleMap' with GeneratedClass '/Game/TopDownBP/Maps/TopDownExampleMap.TopDownExampleMap_C' with ClassGeneratedBy '/Game/TopDownBP/Maps/TopDownExampleMap.TopDownExampleMap:PersistentLevel.TopDownExampleMap'
[2017.01.21-20.37.04:559][390]LogSavePackage: Save=214.38ms
[2017.01.21-20.37.04:559][390]LogSavePackage: Moving '../../../../../../Users/Jude Joseph/Documents/GitHub/GGJ/GlobalGameJam2017/Saved/TopDownExampleMap_Auto1FDC6BDED48818AF7D99B4B8613A8C807.tmp' to '../../../../../../Users/Jude Joseph/Documents/GitHub/GGJ/GlobalGameJam2017/Saved/Autosaves/Game/TopDownBP/Maps/TopDownExampleMap_Auto1.umap'
[2017.01.21-20.37.04:561][390]LogSavePackage:Display: Finished SavePackage ../../../../../../Users/Jude Joseph/Documents/GitHub/GGJ/GlobalGameJam2017/Saved/Autosaves/Game/TopDownBP/Maps/TopDownExampleMap_Auto1.umap
[2017.01.21-20.37.04:671][390]LogSavePackage: Save=19.37ms
[2017.01.21-20.37.04:671][390]LogSavePackage: Moving '../../../../../../Users/Jude Joseph/Documents/GitHub/GGJ/GlobalGameJam2017/Saved/TopDownExampleMap_BuiltData08513A7640B330137DB836AC94CED65D.tmp' to '../../../../../../Users/Jude Joseph/Documents/GitHub/GGJ/GlobalGameJam2017/Content/TopDownBP/Maps/TopDownExampleMap_BuiltData.uasset'
[2017.01.21-20.37.04:674][390]LogSavePackage:Display: Finished SavePackage ../../../../../../Users/Jude Joseph/Documents/GitHub/GGJ/GlobalGameJam2017/Content/TopDownBP/Maps/TopDownExampleMap_BuiltData.uasset
[2017.01.21-20.37.04:675][390]LogFileHelpers: Editor autosave (incl. sublevels) for '/Game/TopDownBP/Maps/TopDownExampleMap' took 0.375
[2017.01.21-20.37.04:675][390]LogFileHelpers: Editor autosave (incl. sublevels) for all levels took 0.375
[2017.01.21-20.39.44:341][491]LogTemp: Repeting last play command: Selected Viewport
[2017.01.21-20.39.44:371][491]LogBlueprintUserMessages: Early PlayInEditor Detection: Level '/Game/TopDownBP/Maps/TopDownExampleMap.TopDownExampleMap:PersistentLevel' has LevelScriptBlueprint '/Game/TopDownBP/Maps/TopDownExampleMap.TopDownExampleMap:PersistentLevel.TopDownExampleMap' with GeneratedClass '/Game/TopDownBP/Maps/TopDownExampleMap.TopDownExampleMap_C' with ClassGeneratedBy '/Game/TopDownBP/Maps/TopDownExampleMap.TopDownExampleMap:PersistentLevel.TopDownExampleMap'
[2017.01.21-20.39.44:371][491]LogPlayLevel: PlayLevel: No blueprints needed recompiling
[2017.01.21-20.39.44:372][491]PIE: New page: PIE session: TopDownExampleMap (Jan 21, 2017, 10:39:44 AM)
[2017.01.21-20.39.44:372][491]LogPlayLevel: Creating play world package: /Game/TopDownBP/Maps/UEDPIE_0_TopDownExampleMap
[2017.01.21-20.39.44:410][491]LogPlayLevel: PIE: StaticDuplicateObject took: (0.038143s)
[2017.01.21-20.39.44:411][491]LogAIModule: Creating AISystem for world TopDownExampleMap
[2017.01.21-20.39.44:411][491]LogPlayLevel: PIE: World Init took: (0.000927s)
[2017.01.21-20.39.44:411][491]LogPlayLevel: PIE: Created PIE world by copying editor world from /Game/TopDownBP/Maps/TopDownExampleMap.TopDownExampleMap to /Game/TopDownBP/Maps/UEDPIE_0_TopDownExampleMap.TopDownExampleMap (0.039370s)
[2017.01.21-20.39.44:438][491]LogInit: XAudio2 using 'Speakers (Cirrus Logic CS4208 (AB 128))' : 4 channels at 48 kHz using 32 bits per sample (channel mask 0x33)
[2017.01.21-20.39.44:443][491]LogInit: FAudioDevice initialized.
[2017.01.21-20.39.44:472][491]LogLoad: Game class is 'TopDownGameMode_C'
[2017.01.21-20.39.44:476][491]LogWorld: Bringing World /Game/TopDownBP/Maps/UEDPIE_0_TopDownExampleMap.TopDownExampleMap up for play (max tick rate 60) at 2017.01.21-15.39.44
[2017.01.21-20.39.44:477][491]LogWorld: Bringing up level for play took: 0.003709
[2017.01.21-20.39.44:478][491]PIE: Info Play in editor start time for /Game/TopDownBP/Maps/UEDPIE_0_TopDownExampleMap -0.537
[2017.01.21-20.39.44:479][491]LogBlueprintUserMessages: Late PlayInEditor Detection: Level '/Game/TopDownBP/Maps/TopDownExampleMap.TopDownExampleMap:PersistentLevel' has LevelScriptBlueprint '/Game/TopDownBP/Maps/TopDownExampleMap.TopDownExampleMap:PersistentLevel.TopDownExampleMap' with GeneratedClass '/Game/TopDownBP/Maps/TopDownExampleMap.TopDownExampleMap_C' with ClassGeneratedBy '/Game/TopDownBP/Maps/TopDownExampleMap.TopDownExampleMap:PersistentLevel.TopDownExampleMap'
[2017.01.21-20.39.52:972][946]LogBlueprintUserMessages: Early EndPlayMap Detection: Level '/Game/TopDownBP/Maps/TopDownExampleMap.TopDownExampleMap:PersistentLevel' has LevelScriptBlueprint '/Game/TopDownBP/Maps/TopDownExampleMap.TopDownExampleMap:PersistentLevel.TopDownExampleMap' with GeneratedClass '/Game/TopDownBP/Maps/TopDownExampleMap.TopDownExampleMap_C' with ClassGeneratedBy '/Game/TopDownBP/Maps/TopDownExampleMap.TopDownExampleMap:PersistentLevel.TopDownExampleMap'
[2017.01.21-20.39.53:012][946]LogBlueprintUserMessages: Late EndPlayMap Detection: Level '/Game/TopDownBP/Maps/TopDownExampleMap.TopDownExampleMap:PersistentLevel' has LevelScriptBlueprint '/Game/TopDownBP/Maps/TopDownExampleMap.TopDownExampleMap:PersistentLevel.TopDownExampleMap' with GeneratedClass '/Game/TopDownBP/Maps/TopDownExampleMap.TopDownExampleMap_C' with ClassGeneratedBy '/Game/TopDownBP/Maps/TopDownExampleMap.TopDownExampleMap:PersistentLevel.TopDownExampleMap'
[2017.01.21-20.39.57:824][214]LogEditorViewport: Clicking on Actor (LMB): StaticMeshActor (Floor)
[2017.01.21-20.40.17:917][412]LogEditorViewport: Clicking on Actor (LMB): StaticMeshActor (Floor)
[2017.01.21-20.40.26:546][927]LogBlueprintUserMessages: Early PlayInEditor Detection: Level '/Game/TopDownBP/Maps/TopDownExampleMap.TopDownExampleMap:PersistentLevel' has LevelScriptBlueprint '/Game/TopDownBP/Maps/TopDownExampleMap.TopDownExampleMap:PersistentLevel.TopDownExampleMap' with GeneratedClass '/Game/TopDownBP/Maps/TopDownExampleMap.TopDownExampleMap_C' with ClassGeneratedBy '/Game/TopDownBP/Maps/TopDownExampleMap.TopDownExampleMap:PersistentLevel.TopDownExampleMap'
[2017.01.21-20.40.26:546][927]LogPlayLevel: PlayLevel: No blueprints needed recompiling
[2017.01.21-20.40.26:546][927]PIE: New page: SIE session: TopDownExampleMap (Jan 21, 2017, 10:40:26 AM)
[2017.01.21-20.40.26:546][927]LogPlayLevel: Creating play world package: /Game/TopDownBP/Maps/UEDPIE_0_TopDownExampleMap
[2017.01.21-20.40.26:570][927]LogPlayLevel: PIE: StaticDuplicateObject took: (0.023581s)
[2017.01.21-20.40.26:570][927]LogAIModule: Creating AISystem for world TopDownExampleMap
[2017.01.21-20.40.26:571][927]LogPlayLevel: PIE: World Init took: (0.000839s)
[2017.01.21-20.40.26:571][927]LogPlayLevel: PIE: Created PIE world by copying editor world from /Game/TopDownBP/Maps/TopDownExampleMap.TopDownExampleMap to /Game/TopDownBP/Maps/UEDPIE_0_TopDownExampleMap.TopDownExampleMap (0.024682s)
[2017.01.21-20.40.26:599][927]LogInit: XAudio2 using 'Speakers (Cirrus Logic CS4208 (AB 128))' : 4 channels at 48 kHz using 32 bits per sample (channel mask 0x33)
[2017.01.21-20.40.26:604][927]LogInit: FAudioDevice initialized.
[2017.01.21-20.40.26:641][927]LogLoad: Game class is 'TopDownGameMode_C'
[2017.01.21-20.40.26:645][927]LogWorld: Bringing World /Game/TopDownBP/Maps/UEDPIE_0_TopDownExampleMap.TopDownExampleMap up for play (max tick rate 60) at 2017.01.21-15.40.26
[2017.01.21-20.40.26:646][927]LogWorld: Bringing up level for play took: 0.003592
[2017.01.21-20.40.26:647][927]PIE: Info Play in editor start time for /Game/TopDownBP/Maps/UEDPIE_0_TopDownExampleMap -0.368
[2017.01.21-20.40.26:675][927]LogBlueprintUserMessages: Late PlayInEditor Detection: Level '/Game/TopDownBP/Maps/TopDownExampleMap.TopDownExampleMap:PersistentLevel' has LevelScriptBlueprint '/Game/TopDownBP/Maps/TopDownExampleMap.TopDownExampleMap:PersistentLevel.TopDownExampleMap' with GeneratedClass '/Game/TopDownBP/Maps/TopDownExampleMap.TopDownExampleMap_C' with ClassGeneratedBy '/Game/TopDownBP/Maps/TopDownExampleMap.TopDownExampleMap:PersistentLevel.TopDownExampleMap'
[2017.01.21-20.40.45:360][678]LogBlueprintUserMessages: Early EndPlayMap Detection: Level '/Game/TopDownBP/Maps/TopDownExampleMap.TopDownExampleMap:PersistentLevel' has LevelScriptBlueprint '/Game/TopDownBP/Maps/TopDownExampleMap.TopDownExampleMap:PersistentLevel.TopDownExampleMap' with GeneratedClass '/Game/TopDownBP/Maps/TopDownExampleMap.TopDownExampleMap_C' with ClassGeneratedBy '/Game/TopDownBP/Maps/TopDownExampleMap.TopDownExampleMap:PersistentLevel.TopDownExampleMap'
[2017.01.21-20.40.45:448][678]LogBlueprintUserMessages: Late EndPlayMap Detection: Level '/Game/TopDownBP/Maps/TopDownExampleMap.TopDownExampleMap:PersistentLevel' has LevelScriptBlueprint '/Game/TopDownBP/Maps/TopDownExampleMap.TopDownExampleMap:PersistentLevel.TopDownExampleMap' with GeneratedClass '/Game/TopDownBP/Maps/TopDownExampleMap.TopDownExampleMap_C' with ClassGeneratedBy '/Game/TopDownBP/Maps/TopDownExampleMap.TopDownExampleMap:PersistentLevel.TopDownExampleMap'
[2017.01.21-20.41.08:265][251]LogEditorViewport: Clicking on Actor (LMB): StaticMeshActor (Floor)
[2017.01.21-20.41.20:321][973]Cmd: enableGDT
[2017.01.21-20.41.25:450][281]LogEditorViewport: Clicking on Actor (LMB): StaticMeshActor (Floor)
[2017.01.21-20.41.37:760][ 18]Cmd: EnableGDT
[2017.01.21-20.48.52:236][653]LogRenderer: Reallocating scene render targets to support 868x636 NumSamples 1 (Frame:3456).
[2017.01.21-20.54.40:273][ 44]LogD3D11RHI: Timed out while waiting for GPU to catch up. (500 ms)
[2017.01.21-20.54.55:909][624]LogBlueprintUserMessages: Early PlayInEditor Detection: Level '/Game/TopDownBP/Maps/TopDownExampleMap.TopDownExampleMap:PersistentLevel' has LevelScriptBlueprint '/Game/TopDownBP/Maps/TopDownExampleMap.TopDownExampleMap:PersistentLevel.TopDownExampleMap' with GeneratedClass '/Game/TopDownBP/Maps/TopDownExampleMap.TopDownExampleMap_C' with ClassGeneratedBy '/Game/TopDownBP/Maps/TopDownExampleMap.TopDownExampleMap:PersistentLevel.TopDownExampleMap'
[2017.01.21-20.54.55:909][624]LogPlayLevel: PlayLevel: No blueprints needed recompiling
[2017.01.21-20.54.55:909][624]PIE: New page: PIE session: TopDownExampleMap (Jan 21, 2017, 10:54:55 AM)
[2017.01.21-20.54.55:909][624]LogPlayLevel: Creating play world package: /Game/TopDownBP/Maps/UEDPIE_0_TopDownExampleMap
[2017.01.21-20.54.55:931][624]LogPlayLevel: PIE: StaticDuplicateObject took: (0.021560s)
[2017.01.21-20.54.55:932][624]LogAIModule: Creating AISystem for world TopDownExampleMap
[2017.01.21-20.54.55:932][624]LogPlayLevel: PIE: World Init took: (0.000837s)
[2017.01.21-20.54.55:932][624]LogPlayLevel: PIE: Created PIE world by copying editor world from /Game/TopDownBP/Maps/TopDownExampleMap.TopDownExampleMap to /Game/TopDownBP/Maps/UEDPIE_0_TopDownExampleMap.TopDownExampleMap (0.022689s)
[2017.01.21-20.54.55:956][624]LogInit: XAudio2 using 'Speakers (Cirrus Logic CS4208 (AB 128))' : 4 channels at 48 kHz using 32 bits per sample (channel mask 0x33)
[2017.01.21-20.54.55:961][624]LogInit: FAudioDevice initialized.
[2017.01.21-20.54.55:992][624]LogLoad: Game class is 'TopDownGameMode_C'
[2017.01.21-20.54.55:996][624]LogWorld: Bringing World /Game/TopDownBP/Maps/UEDPIE_0_TopDownExampleMap.TopDownExampleMap up for play (max tick rate 60) at 2017.01.21-15.54.55
[2017.01.21-20.54.55:997][624]LogWorld: Bringing up level for play took: 0.003585
[2017.01.21-20.54.55:998][624]PIE: Info Play in editor start time for /Game/TopDownBP/Maps/UEDPIE_0_TopDownExampleMap 1.029
[2017.01.21-20.54.55:998][624]LogBlueprintUserMessages: Late PlayInEditor Detection: Level '/Game/TopDownBP/Maps/TopDownExampleMap.TopDownExampleMap:PersistentLevel' has LevelScriptBlueprint '/Game/TopDownBP/Maps/TopDownExampleMap.TopDownExampleMap:PersistentLevel.TopDownExampleMap' with GeneratedClass '/Game/TopDownBP/Maps/TopDownExampleMap.TopDownExampleMap_C' with ClassGeneratedBy '/Game/TopDownBP/Maps/TopDownExampleMap.TopDownExampleMap:PersistentLevel.TopDownExampleMap'
[2017.01.21-20.56.16:000][388]LogBlueprintUserMessages: Early EndPlayMap Detection: Level '/Game/TopDownBP/Maps/TopDownExampleMap.TopDownExampleMap:PersistentLevel' has LevelScriptBlueprint '/Game/TopDownBP/Maps/TopDownExampleMap.TopDownExampleMap:PersistentLevel.TopDownExampleMap' with GeneratedClass '/Game/TopDownBP/Maps/TopDownExampleMap.TopDownExampleMap_C' with ClassGeneratedBy '/Game/TopDownBP/Maps/TopDownExampleMap.TopDownExampleMap:PersistentLevel.TopDownExampleMap'
[2017.01.21-20.56.16:053][388]LogBlueprintUserMessages: Late EndPlayMap Detection: Level '/Game/TopDownBP/Maps/TopDownExampleMap.TopDownExampleMap:PersistentLevel' has LevelScriptBlueprint '/Game/TopDownBP/Maps/TopDownExampleMap.TopDownExampleMap:PersistentLevel.TopDownExampleMap' with GeneratedClass '/Game/TopDownBP/Maps/TopDownExampleMap.TopDownExampleMap_C' with ClassGeneratedBy '/Game/TopDownBP/Maps/TopDownExampleMap.TopDownExampleMap:PersistentLevel.TopDownExampleMap'
[2017.01.21-20.56.19:670][592]LogTemp: Repeting last play command: Selected Viewport
[2017.01.21-20.56.19:687][592]LogBlueprintUserMessages: Early PlayInEditor Detection: Level '/Game/TopDownBP/Maps/TopDownExampleMap.TopDownExampleMap:PersistentLevel' has LevelScriptBlueprint '/Game/TopDownBP/Maps/TopDownExampleMap.TopDownExampleMap:PersistentLevel.TopDownExampleMap' with GeneratedClass '/Game/TopDownBP/Maps/TopDownExampleMap.TopDownExampleMap_C' with ClassGeneratedBy '/Game/TopDownBP/Maps/TopDownExampleMap.TopDownExampleMap:PersistentLevel.TopDownExampleMap'
[2017.01.21-20.56.19:687][592]LogPlayLevel: PlayLevel: No blueprints needed recompiling
[2017.01.21-20.56.19:687][592]PIE: New page: PIE session: TopDownExampleMap (Jan 21, 2017, 10:56:19 AM)
[2017.01.21-20.56.19:687][592]LogPlayLevel: Creating play world package: /Game/TopDownBP/Maps/UEDPIE_0_TopDownExampleMap
[2017.01.21-20.56.19:706][592]LogPlayLevel: PIE: StaticDuplicateObject took: (0.018810s)
[2017.01.21-20.56.19:706][592]LogAIModule: Creating AISystem for world TopDownExampleMap
[2017.01.21-20.56.19:706][592]LogPlayLevel: PIE: World Init took: (0.000597s)
[2017.01.21-20.56.19:707][592]LogPlayLevel: PIE: Created PIE world by copying editor world from /Game/TopDownBP/Maps/TopDownExampleMap.TopDownExampleMap to /Game/TopDownBP/Maps/UEDPIE_0_TopDownExampleMap.TopDownExampleMap (0.019654s)
[2017.01.21-20.56.19:728][592]LogInit: XAudio2 using 'Speakers (Cirrus Logic CS4208 (AB 128))' : 4 channels at 48 kHz using 32 bits per sample (channel mask 0x33)
[2017.01.21-20.56.19:733][592]LogInit: FAudioDevice initialized.
[2017.01.21-20.56.19:767][592]LogLoad: Game class is 'TopDownGameMode_C'
[2017.01.21-20.56.19:770][592]LogWorld: Bringing World /Game/TopDownBP/Maps/UEDPIE_0_TopDownExampleMap.TopDownExampleMap up for play (max tick rate 60) at 2017.01.21-15.56.19
[2017.01.21-20.56.19:771][592]LogWorld: Bringing up level for play took: 0.003515
[2017.01.21-20.56.19:772][592]PIE: Info Play in editor start time for /Game/TopDownBP/Maps/UEDPIE_0_TopDownExampleMap 0.803
[2017.01.21-20.56.19:772][592]LogBlueprintUserMessages: Late PlayInEditor Detection: Level '/Game/TopDownBP/Maps/TopDownExampleMap.TopDownExampleMap:PersistentLevel' has LevelScriptBlueprint '/Game/TopDownBP/Maps/TopDownExampleMap.TopDownExampleMap:PersistentLevel.TopDownExampleMap' with GeneratedClass '/Game/TopDownBP/Maps/TopDownExampleMap.TopDownExampleMap_C' with ClassGeneratedBy '/Game/TopDownBP/Maps/TopDownExampleMap.TopDownExampleMap:PersistentLevel.TopDownExampleMap'
[2017.01.21-20.56.41:350][879]LogBlueprintUserMessages: Early EndPlayMap Detection: Level '/Game/TopDownBP/Maps/TopDownExampleMap.TopDownExampleMap:PersistentLevel' has LevelScriptBlueprint '/Game/TopDownBP/Maps/TopDownExampleMap.TopDownExampleMap:PersistentLevel.TopDownExampleMap' with GeneratedClass '/Game/TopDownBP/Maps/TopDownExampleMap.TopDownExampleMap_C' with ClassGeneratedBy '/Game/TopDownBP/Maps/TopDownExampleMap.TopDownExampleMap:PersistentLevel.TopDownExampleMap'
[2017.01.21-20.56.41:396][879]LogBlueprintUserMessages: Late EndPlayMap Detection: Level '/Game/TopDownBP/Maps/TopDownExampleMap.TopDownExampleMap:PersistentLevel' has LevelScriptBlueprint '/Game/TopDownBP/Maps/TopDownExampleMap.TopDownExampleMap:PersistentLevel.TopDownExampleMap' with GeneratedClass '/Game/TopDownBP/Maps/TopDownExampleMap.TopDownExampleMap_C' with ClassGeneratedBy '/Game/TopDownBP/Maps/TopDownExampleMap.TopDownExampleMap:PersistentLevel.TopDownExampleMap'
[2017.01.21-20.57.20:186][180]LogSavePackage: Save=147.93ms
[2017.01.21-20.57.20:186][180]LogSavePackage: Moving '../../../../../../Users/Jude Joseph/Documents/GitHub/GGJ/GlobalGameJam2017/Saved/TopDownExampleMap248094B24D1DED2AABEF50B1E615DF13.tmp' to '../../../../../../Users/Jude Joseph/Documents/GitHub/GGJ/GlobalGameJam2017/Content/TopDownBP/Maps/TopDownExampleMap.umap'
[2017.01.21-20.57.20:191][180]LogSavePackage:Display: Finished SavePackage ../../../../../../Users/Jude Joseph/Documents/GitHub/GGJ/GlobalGameJam2017/Content/TopDownBP/Maps/TopDownExampleMap.umap
[2017.01.21-20.57.20:219][180]LogFileHelpers: Saving map 'TopDownExampleMap' took 0.258
[2017.01.21-20.57.22:715][330]LogEditorViewport: Clicking on Actor (LMB): StaticMeshActor (Wall1)
[2017.01.21-20.57.24:551][438]SourceControl: Info fatal: C:/Program Files (x86)/Epic Games/4.14/Engine/Content/: 'C:/Program Files (x86)/Epic Games/4.14/Engine/Content/' is outside repository
[2017.01.21-20.57.24:630][438]LogPackageName:Error: Illegal call to DoesPackageExist: '../../../../../../Users/Jude Joseph/Documents/GitHub/GGJ/GlobalGameJam2017/GlobalGameJam2017.uproject' is not a standard unreal filename or a long path name. Reason: Path should be no less than 4 characters long.
[2017.01.21-20.57.24:639][438]LogStats: FPlatformStackWalk::StackWalkAndDump -  0.009 s
[2017.01.21-20.57.24:639][438]LogOutputDevice:Error: === Handled ensure: ===
[2017.01.21-20.57.24:639][438]LogOutputDevice:Error: 
[2017.01.21-20.57.24:639][438]LogOutputDevice:Error: Ensure condition failed: false [File:D:\Build\++UE4+Release-4.14+Compile\Sync\Engine\Source\Runtime\CoreUObject\Private\Misc\PackageName.cpp] [Line: 624]
[2017.01.21-20.57.24:639][438]LogOutputDevice:Error: Illegal call to DoesPackageExist: '../../../../../../Users/Jude Joseph/Documents/GitHub/GGJ/GlobalGameJam2017/GlobalGameJam2017.uproject' is not a standard unreal filename or a long path name. Reason: Path should be no less than 4 characters long.
[2017.01.21-20.57.24:639][438]LogOutputDevice:Error: Stack: 
[2017.01.21-20.57.24:639][438]LogOutputDevice:Error: UE4Editor-Core.dll
[2017.01.21-20.57.24:639][438]LogOutputDevice:Error: UE4Editor-Core.dll
[2017.01.21-20.57.24:639][438]LogOutputDevice:Error: UE4Editor-Core.dll
[2017.01.21-20.57.24:639][438]LogOutputDevice:Error: UE4Editor-CoreUObject.dll
[2017.01.21-20.57.24:639][438]LogOutputDevice:Error: UE4Editor-SourceControl.dll
[2017.01.21-20.57.24:639][438]LogOutputDevice:Error: UE4Editor-SourceControl.dll
[2017.01.21-20.57.24:639][438]LogOutputDevice:Error: UE4Editor-SourceControlWindows.dll
[2017.01.21-20.57.24:639][438]LogOutputDevice:Error: UE4Editor-SourceControlWindows.dll
[2017.01.21-20.57.24:639][438]LogOutputDevice:Error: UE4Editor-SourceControlWindows.dll
[2017.01.21-20.57.24:639][438]LogOutputDevice:Error: UE4Editor-SourceControlWindows.dll
[2017.01.21-20.57.24:639][438]LogOutputDevice:Error: UE4Editor-GitSourceControl.dll
[2017.01.21-20.57.24:639][438]LogOutputDevice:Error: UE4Editor-GitSourceControl.dll
[2017.01.21-20.57.24:639][438]LogOutputDevice:Error: UE4Editor-SourceControl.dll
[2017.01.21-20.57.24:639][438]LogOutputDevice:Error: UE4Editor-UnrealEd.dll
[2017.01.21-20.57.24:639][438]LogOutputDevice:Error: UE4Editor-UnrealEd.dll
[2017.01.21-20.57.24:639][438]LogOutputDevice:Error: UE4Editor.exe
[2017.01.21-20.57.24:639][438]LogOutputDevice:Error: UE4Editor.exe
[2017.01.21-20.57.24:639][438]LogOutputDevice:Error: UE4Editor.exe
[2017.01.21-20.57.24:639][438]LogOutputDevice:Error: UE4Editor.exe
[2017.01.21-20.57.24:639][438]LogOutputDevice:Error: UE4Editor.exe
[2017.01.21-20.57.24:639][438]LogOutputDevice:Error: KERNEL32.DLL
[2017.01.21-20.57.24:639][438]LogOutputDevice:Error: ntdll.dll
[2017.01.21-20.57.24:639][438]LogOutputDevice:Error: 
[2017.01.21-20.57.24:644][438]LogStats:                SubmitErrorReport -  0.000 s
[2017.01.21-20.57.24:944][438]LogStats:                    SendNewReport -  0.300 s
[2017.01.21-20.57.24:944][438]LogStats:             FDebug::EnsureFailed -  0.314 s
[2017.01.21-20.57.46:159][438]LogSourceControl: FGitCheckInWorker: commit successful
[2017.01.21-20.57.46:224][438]SourceControl: Info [master ef313fd] Uploaded level
[2017.01.21-20.57.46:224][438]SourceControl: Info  5 files changed, 0 insertions(+), 0 deletions(-)
[2017.01.21-20.57.46:224][438]SourceControl: Info  create mode 100644 GlobalGameJam2017/Content/Blueprints/CustomScript.uasset
[2017.01.21-20.57.46:224][438]SourceControl: Info  create mode 100644 GlobalGameJam2017/Content/Blueprints/NewBlueprint.uasset
[2017.01.21-20.57.46:224][438]SourceControl: Info  create mode 100644 GlobalGameJam2017/Content/Blueprints/PingControls.uasset
[2017.01.21-20.57.46:224][438]SourceControl: Info  rewrite GlobalGameJam2017/Content/TopDownBP/Maps/TopDownExampleMap_BuiltData.uasset (85%)
[2017.01.21-20.57.46:232][438]SourceControl: Info Commited [master ef313fd] Uploaded level.
[2017.01.21-21.02.53:239][431]LogD3D11RHI: Timed out while waiting for GPU to catch up. (500 ms)
