Log file open, 01/21/17 18:59:20
LogInit:Display: Running engine for game: GlobalGameJam2017
LogPlatformFile: Not using cached read wrapper
LogInit:Display: RandInit(-1658490769) SRandInit(-1658490769).
LogTaskGraph: Started task graph with 5 named threads and 8 total threads with 1 sets of task threads.
LogStats: Stats thread started at 0.075832
LogPluginManager: Loaded Plugin Paper2D, From C:/Program Files (x86)/Epic Games/4.14/Engine/Plugins/2D/Paper2D/Paper2D.uplugin
LogPluginManager: Loaded Plugin LightPropagationVolume, From C:/Program Files (x86)/Epic Games/4.14/Engine/Plugins/Blendables/LightPropagationVolume/LightPropagationVolume.uplugin
LogPluginManager: Loaded Plugin BlankPlugin, From C:/Program Files (x86)/Epic Games/4.14/Engine/Plugins/Developer/BlankPlugin/BlankPlugin.uplugin
LogPluginManager: Loaded Plugin CodeLiteSourceCodeAccess, From C:/Program Files (x86)/Epic Games/4.14/Engine/Plugins/Developer/CodeLiteSourceCodeAccess/CodeLiteSourceCodeAccess.uplugin
LogPluginManager: Loaded Plugin GitSourceControl, From C:/Program Files (x86)/Epic Games/4.14/Engine/Plugins/Developer/GitSourceControl/GitSourceControl.uplugin
LogPluginManager: Loaded Plugin KDevelopSourceCodeAccess, From C:/Program Files (x86)/Epic Games/4.14/Engine/Plugins/Developer/KDevelopSourceCodeAccess/KDevelopSourceCodeAccess.uplugin
LogPluginManager: Loaded Plugin NullSourceCodeAccess, From C:/Program Files (x86)/Epic Games/4.14/Engine/Plugins/Developer/NullSourceCodeAccess/NullSourceCodeAccess.uplugin
LogPluginManager: Loaded Plugin OneSkyLocalizationService, From C:/Program Files (x86)/Epic Games/4.14/Engine/Plugins/Developer/OneSkyLocalizationService/OneSkyLocalizationService.uplugin
LogPluginManager: Loaded Plugin PerforceSourceControl, From C:/Program Files (x86)/Epic Games/4.14/Engine/Plugins/Developer/PerforceSourceControl/PerforceSourceControl.uplugin
LogPluginManager: Loaded Plugin SubversionSourceControl, From C:/Program Files (x86)/Epic Games/4.14/Engine/Plugins/Developer/SubversionSourceControl/SubversionSourceControl.uplugin
LogPluginManager: Loaded Plugin UObjectPlugin, From C:/Program Files (x86)/Epic Games/4.14/Engine/Plugins/Developer/UObjectPlugin/UObjectPlugin.uplugin
LogPluginManager: Loaded Plugin VisualStudioSourceCodeAccess, From C:/Program Files (x86)/Epic Games/4.14/Engine/Plugins/Developer/VisualStudioSourceCodeAccess/VisualStudioSourceCodeAccess.uplugin
LogPluginManager: Loaded Plugin XCodeSourceCodeAccess, From C:/Program Files (x86)/Epic Games/4.14/Engine/Plugins/Developer/XCodeSourceCodeAccess/XCodeSourceCodeAccess.uplugin
LogPluginManager: Loaded Plugin AudioCapture, From C:/Program Files (x86)/Epic Games/4.14/Engine/Plugins/Editor/AudioCapture/AudioCapture.uplugin
LogPluginManager: Loaded Plugin EpicSurvey, From C:/Program Files (x86)/Epic Games/4.14/Engine/Plugins/Editor/EpicSurvey/EpicSurvey.uplugin
LogPluginManager: Loaded Plugin MacGraphicsSwitching, From C:/Program Files (x86)/Epic Games/4.14/Engine/Plugins/Editor/MacGraphicsSwitching/MacGraphicsSwitching.uplugin
LogPluginManager: Loaded Plugin MobileLauncherProfileWizard, From C:/Program Files (x86)/Epic Games/4.14/Engine/Plugins/Editor/MobileLauncherProfileWizard/MobileLauncherProfileWizard.uplugin
LogPluginManager: Loaded Plugin PluginBrowser, From C:/Program Files (x86)/Epic Games/4.14/Engine/Plugins/Editor/PluginBrowser/PluginBrowser.uplugin
LogPluginManager: Loaded Plugin SpeedTreeImporter, From C:/Program Files (x86)/Epic Games/4.14/Engine/Plugins/Editor/SpeedTreeImporter/SpeedTreeImporter.uplugin
LogPluginManager: Loaded Plugin SuperSearchEditor, From C:/Program Files (x86)/Epic Games/4.14/Engine/Plugins/Editor/SuperSearchEditor/SuperSearchEditor.uplugin
LogPluginManager: Loaded Plugin AlembicImporter, From C:/Program Files (x86)/Epic Games/4.14/Engine/Plugins/Experimental/AlembicImporter/AlembicImporter.uplugin
LogPluginManager: Loaded Plugin BlueprintStats, From C:/Program Files (x86)/Epic Games/4.14/Engine/Plugins/Experimental/BlueprintStats/BlueprintStats.uplugin
LogPluginManager: Loaded Plugin CharacterAI, From C:/Program Files (x86)/Epic Games/4.14/Engine/Plugins/Experimental/CharacterAI/CharacterAI.uplugin
LogPluginManager: Loaded Plugin CodeEditor, From C:/Program Files (x86)/Epic Games/4.14/Engine/Plugins/Experimental/CodeEditor/CodeEditor.uplugin
LogPluginManager: Loaded Plugin CodeView, From C:/Program Files (x86)/Epic Games/4.14/Engine/Plugins/Experimental/CodeView/CodeView.uplugin
LogPluginManager: Loaded Plugin HTML5Networking, From C:/Program Files (x86)/Epic Games/4.14/Engine/Plugins/Experimental/HTML5Networking/HTML5Networking.uplugin
LogPluginManager: Loaded Plugin OSVR, From C:/Program Files (x86)/Epic Games/4.14/Engine/Plugins/Experimental/OSVR/OSVR.uplugin
LogPluginManager: Loaded Plugin Phya, From C:/Program Files (x86)/Epic Games/4.14/Engine/Plugins/Experimental/Phya/Phya.uplugin
LogPluginManager: Loaded Plugin SignificanceManager, From C:/Program Files (x86)/Epic Games/4.14/Engine/Plugins/Experimental/SignificanceManager/SignificanceManager.uplugin
LogPluginManager: Loaded Plugin SimpleHMD, From C:/Program Files (x86)/Epic Games/4.14/Engine/Plugins/Experimental/SimpleHMD/SimpleHMD.uplugin
LogPluginManager: Loaded Plugin StereoPanorama, From C:/Program Files (x86)/Epic Games/4.14/Engine/Plugins/Experimental/StereoPanorama/StereoPanorama.uplugin
LogPluginManager: Loaded Plugin StructBox, From C:/Program Files (x86)/Epic Games/4.14/Engine/Plugins/Experimental/StructBox/StructBox.uplugin
LogPluginManager: Loaded Plugin AndroidMedia, From C:/Program Files (x86)/Epic Games/4.14/Engine/Plugins/Media/AndroidMedia/AndroidMedia.uplugin
LogPluginManager: Loaded Plugin AvfMedia, From C:/Program Files (x86)/Epic Games/4.14/Engine/Plugins/Media/AvfMedia/AvfMedia.uplugin
LogPluginManager: Loaded Plugin MediaPlayerEditor, From C:/Program Files (x86)/Epic Games/4.14/Engine/Plugins/Media/MediaPlayerEditor/MediaPlayerEditor.uplugin
LogPluginManager: Loaded Plugin WmfMedia, From C:/Program Files (x86)/Epic Games/4.14/Engine/Plugins/Media/WmfMedia/WmfMedia.uplugin
LogPluginManager: Loaded Plugin MessagingDebugger, From C:/Program Files (x86)/Epic Games/4.14/Engine/Plugins/Messaging/MessagingDebugger/MessagingDebugger.uplugin
LogPluginManager: Loaded Plugin TcpMessaging, From C:/Program Files (x86)/Epic Games/4.14/Engine/Plugins/Messaging/TcpMessaging/TcpMessaging.uplugin
LogPluginManager: Loaded Plugin UdpMessaging, From C:/Program Files (x86)/Epic Games/4.14/Engine/Plugins/Messaging/UdpMessaging/UdpMessaging.uplugin
LogPluginManager: Loaded Plugin LevelSequenceEditor, From C:/Program Files (x86)/Epic Games/4.14/Engine/Plugins/MovieScene/LevelSequenceEditor/LevelSequenceEditor.uplugin
LogPluginManager: Loaded Plugin MatineeToLevelSequence, From C:/Program Files (x86)/Epic Games/4.14/Engine/Plugins/MovieScene/MatineeToLevelSequence/MatineeToLevelSequence.uplugin
LogPluginManager: Loaded Plugin NetcodeUnitTest, From C:/Program Files (x86)/Epic Games/4.14/Engine/Plugins/NetcodeUnitTest/NetcodeUnitTest/NetcodeUnitTest.uplugin
LogPluginManager: Loaded Plugin NUTUnrealEngine4, From C:/Program Files (x86)/Epic Games/4.14/Engine/Plugins/NetcodeUnitTest/NUTUnrealEngine4/NUTUnrealEngine4.uplugin
LogPluginManager: Loaded Plugin OnlineSubsystemGameCircle, From C:/Program Files (x86)/Epic Games/4.14/Engine/Plugins/Online/Android/OnlineSubsystemGameCircle/OnlineSubsystemGameCircle.uplugin
LogPluginManager: Loaded Plugin OnlineSubsystemGooglePlay, From C:/Program Files (x86)/Epic Games/4.14/Engine/Plugins/Online/Android/OnlineSubsystemGooglePlay/OnlineSubsystemGooglePlay.uplugin
LogPluginManager: Loaded Plugin OnlineSubsystemIOS, From C:/Program Files (x86)/Epic Games/4.14/Engine/Plugins/Online/IOS/OnlineSubsystemIOS/OnlineSubsystemIOS.uplugin
LogPluginManager: Loaded Plugin OnlineFramework, From C:/Program Files (x86)/Epic Games/4.14/Engine/Plugins/Online/OnlineFramework/OnlineFramework.uplugin
LogPluginManager: Loaded Plugin OnlineSubsystem, From C:/Program Files (x86)/Epic Games/4.14/Engine/Plugins/Online/OnlineSubsystem/OnlineSubsystem.uplugin
LogPluginManager: Loaded Plugin OnlineSubsystemAmazon, From C:/Program Files (x86)/Epic Games/4.14/Engine/Plugins/Online/OnlineSubsystemAmazon/OnlineSubsystemAmazon.uplugin
LogPluginManager: Loaded Plugin OnlineSubsystemFacebook, From C:/Program Files (x86)/Epic Games/4.14/Engine/Plugins/Online/OnlineSubsystemFacebook/OnlineSubsystemFacebook.uplugin
LogPluginManager: Loaded Plugin OnlineSubsystemNull, From C:/Program Files (x86)/Epic Games/4.14/Engine/Plugins/Online/OnlineSubsystemNull/OnlineSubsystemNull.uplugin
LogPluginManager: Loaded Plugin OnlineSubsystemOculus, From C:/Program Files (x86)/Epic Games/4.14/Engine/Plugins/Online/OnlineSubsystemOculus/OnlineSubsystemOculus.uplugin
LogPluginManager: Loaded Plugin OnlineSubsystemSteam, From C:/Program Files (x86)/Epic Games/4.14/Engine/Plugins/Online/OnlineSubsystemSteam/OnlineSubsystemSteam.uplugin
LogPluginManager: Loaded Plugin OnlineSubsystemUtils, From C:/Program Files (x86)/Epic Games/4.14/Engine/Plugins/Online/OnlineSubsystemUtils/OnlineSubsystemUtils.uplugin
LogPluginManager: Loaded Plugin IOSTapJoy, From C:/Program Files (x86)/Epic Games/4.14/Engine/Plugins/Runtime/Advertising/IOSTapJoy/IOSTapJoy.uplugin
LogPluginManager: Loaded Plugin AnalyticsBlueprintLibrary, From C:/Program Files (x86)/Epic Games/4.14/Engine/Plugins/Runtime/Analytics/AnalyticsBlueprintLibrary/AnalyticsBlueprintLibrary.uplugin
LogPluginManager: Loaded Plugin AnalyticsMulticast, From C:/Program Files (x86)/Epic Games/4.14/Engine/Plugins/Runtime/Analytics/AnalyticsMulticast/AnalyticsMulticast.uplugin
LogPluginManager: Loaded Plugin Apsalar, From C:/Program Files (x86)/Epic Games/4.14/Engine/Plugins/Runtime/Analytics/Apsalar/Apsalar.uplugin
LogPluginManager: Loaded Plugin FileLogging, From C:/Program Files (x86)/Epic Games/4.14/Engine/Plugins/Runtime/Analytics/FileLogging/FileLogging.uplugin
LogPluginManager: Loaded Plugin Flurry, From C:/Program Files (x86)/Epic Games/4.14/Engine/Plugins/Runtime/Analytics/Flurry/Flurry.uplugin
LogPluginManager: Loaded Plugin AndroidDeviceProfileSelector, From C:/Program Files (x86)/Epic Games/4.14/Engine/Plugins/Runtime/AndroidDeviceProfileSelector/AndroidDeviceProfileSelector.uplugin
LogPluginManager: Loaded Plugin AndroidMoviePlayer, From C:/Program Files (x86)/Epic Games/4.14/Engine/Plugins/Runtime/AndroidMoviePlayer/AndroidMoviePlayer.uplugin
LogPluginManager: Loaded Plugin AppleMoviePlayer, From C:/Program Files (x86)/Epic Games/4.14/Engine/Plugins/Runtime/AppleMoviePlayer/AppleMoviePlayer.uplugin
LogPluginManager: Loaded Plugin ArchVisCharacter, From C:/Program Files (x86)/Epic Games/4.14/Engine/Plugins/Runtime/ArchVisCharacter/ArchVisCharacter.uplugin
LogPluginManager: Loaded Plugin CableComponent, From C:/Program Files (x86)/Epic Games/4.14/Engine/Plugins/Runtime/CableComponent/CableComponent.uplugin
LogPluginManager: Loaded Plugin CustomMeshComponent, From C:/Program Files (x86)/Epic Games/4.14/Engine/Plugins/Runtime/CustomMeshComponent/CustomMeshComponent.uplugin
LogPluginManager: Loaded Plugin ExampleDeviceProfileSelector, From C:/Program Files (x86)/Epic Games/4.14/Engine/Plugins/Runtime/ExampleDeviceProfileSelector/ExampleDeviceProfileSelector.uplugin
LogPluginManager: Loaded Plugin GearVR, From C:/Program Files (x86)/Epic Games/4.14/Engine/Plugins/Runtime/GearVR/GearVR.uplugin
LogPluginManager: Loaded Plugin GoogleVRController, From C:/Program Files (x86)/Epic Games/4.14/Engine/Plugins/Runtime/GoogleVR/GoogleVRController/GoogleVRController.uplugin
LogPluginManager: Loaded Plugin GoogleVRHMD, From C:/Program Files (x86)/Epic Games/4.14/Engine/Plugins/Runtime/GoogleVR/GoogleVRHMD/GoogleVRHMD.uplugin
LogPluginManager: Loaded Plugin IOSDeviceProfileSelector, From C:/Program Files (x86)/Epic Games/4.14/Engine/Plugins/Runtime/IOSDeviceProfileSelector/IOSDeviceProfileSelector.uplugin
LogPluginManager: Loaded Plugin LeapMotion, From C:/Program Files (x86)/Epic Games/4.14/Engine/Plugins/Runtime/LeapMotion/LeapMotion.uplugin
LogPluginManager: Loaded Plugin LinuxDeviceProfileSelector, From C:/Program Files (x86)/Epic Games/4.14/Engine/Plugins/Runtime/LinuxDeviceProfileSelector/LinuxDeviceProfileSelector.uplugin
LogPluginManager: Loaded Plugin MIDIDevice, From C:/Program Files (x86)/Epic Games/4.14/Engine/Plugins/Runtime/MIDIDevice/MIDIDevice.uplugin
LogPluginManager: Loaded Plugin MobilePatchingUtils, From C:/Program Files (x86)/Epic Games/4.14/Engine/Plugins/Runtime/MobilePatchingUtils/MobilePatchingUtils.uplugin
LogPluginManager: Loaded Plugin Ansel, From C:/Program Files (x86)/Epic Games/4.14/Engine/Plugins/Runtime/Nvidia/Ansel/Ansel.uplugin
LogPluginManager: Loaded Plugin OculusAudio, From C:/Program Files (x86)/Epic Games/4.14/Engine/Plugins/Runtime/OculusAudio/OculusAudio.uplugin
LogPluginManager: Loaded Plugin OculusInput, From C:/Program Files (x86)/Epic Games/4.14/Engine/Plugins/Runtime/OculusInput/OculusInput.uplugin
LogPluginManager: Loaded Plugin OculusLibrary, From C:/Program Files (x86)/Epic Games/4.14/Engine/Plugins/Runtime/OculusLibrary/OculusLibrary.uplugin
LogPluginManager: Loaded Plugin OculusRift, From C:/Program Files (x86)/Epic Games/4.14/Engine/Plugins/Runtime/OculusRift/OculusRift.uplugin
LogPluginManager: Loaded Plugin Oodle, From C:/Program Files (x86)/Epic Games/4.14/Engine/Plugins/Runtime/PacketHandlers/CompressionComponents/Oodle/Oodle.uplugin
LogPluginManager: Loaded Plugin ProceduralMeshComponent, From C:/Program Files (x86)/Epic Games/4.14/Engine/Plugins/Runtime/ProceduralMeshComponent/ProceduralMeshComponent.uplugin
LogPluginManager: Loaded Plugin SoundMod, From C:/Program Files (x86)/Epic Games/4.14/Engine/Plugins/Runtime/SoundMod/SoundMod.uplugin
LogPluginManager: Loaded Plugin SoundVisualizations, From C:/Program Files (x86)/Epic Games/4.14/Engine/Plugins/Runtime/SoundVisualizations/SoundVisualizations.uplugin
LogPluginManager: Loaded Plugin SteamController, From C:/Program Files (x86)/Epic Games/4.14/Engine/Plugins/Runtime/Steam/SteamController/SteamController.uplugin
LogPluginManager: Loaded Plugin SteamVR, From C:/Program Files (x86)/Epic Games/4.14/Engine/Plugins/Runtime/Steam/SteamVR/SteamVR.uplugin
LogPluginManager: Loaded Plugin WebBrowserWidget, From C:/Program Files (x86)/Epic Games/4.14/Engine/Plugins/Runtime/WebBrowserWidget/WebBrowserWidget.uplugin
LogPluginManager: Loaded Plugin WindowsDeviceProfileSelector, From C:/Program Files (x86)/Epic Games/4.14/Engine/Plugins/Runtime/WindowsDeviceProfileSelector/WindowsDeviceProfileSelector.uplugin
LogPluginManager: Loaded Plugin WindowsMoviePlayer, From C:/Program Files (x86)/Epic Games/4.14/Engine/Plugins/Runtime/WindowsMoviePlayer/WindowsMoviePlayer.uplugin
LogPluginManager: Loaded Plugin ScriptPlugin, From C:/Program Files (x86)/Epic Games/4.14/Engine/Plugins/ScriptPlugin/ScriptPlugin.uplugin
LogPluginManager: Loaded Plugin SlateRemote, From C:/Program Files (x86)/Epic Games/4.14/Engine/Plugins/Slate/SlateRemote/SlateRemote.uplugin
LogPluginManager: Loaded Plugin EditorTests, From C:/Program Files (x86)/Epic Games/4.14/Engine/Plugins/Tests/EditorTests/EditorTests.uplugin
LogPluginManager: Loaded Plugin FbxAutomationTestBuilder, From C:/Program Files (x86)/Epic Games/4.14/Engine/Plugins/Tests/FbxAutomationTestBuilder/FbxAutomationTestBuilder.uplugin
LogPluginManager: Loaded Plugin FunctionalTestingEditor, From C:/Program Files (x86)/Epic Games/4.14/Engine/Plugins/Tests/FunctionalTestingEditor/FunctionalTestingEditor.uplugin
LogPluginManager: Loaded Plugin RuntimeTests, From C:/Program Files (x86)/Epic Games/4.14/Engine/Plugins/Tests/RuntimeTests/RuntimeTests.uplugin
LogPluginManager: Loaded Plugin ScreenshotTools, From C:/Program Files (x86)/Epic Games/4.14/Engine/Plugins/Tests/ScreenshotTools/ScreenshotTools.uplugin
LogInit: Using libcurl 7.47.1
LogInit:  - built for x86_64-pc-win32
LogInit:  - supports SSL with OpenSSL/1.0.2g
LogInit:  - supports HTTP deflate (compression) using libz 1.2.8
LogInit:  - other features:
LogInit:      CURL_VERSION_SSL
LogInit:      CURL_VERSION_LIBZ
LogInit:      CURL_VERSION_IPV6
LogInit:      CURL_VERSION_ASYNCHDNS
LogInit:      CURL_VERSION_LARGEFILE
LogInit:      CURL_VERSION_IDN
LogInit:  CurlRequestOptions (configurable via config and command line):
LogInit:  - bVerifyPeer = false  - Libcurl will NOT verify peer certificate
LogInit:  - bUseHttpProxy = false  - Libcurl will NOT use HTTP proxy
LogInit:  - bDontReuseConnections = false  - Libcurl will reuse connections
LogInit:  - CertBundlePath = nullptr  - Libcurl will use whatever was configured at build time.
LogInit: Build: ++UE4+Release-4.14-CL-3249277
LogInit: Engine Version: 4.14.3-3249277+++UE4+Release-4.14
LogInit: Compatible Engine Version: 4.14.0-3195953+++UE4+Release-4.14
LogInit: Net CL: 3195953
LogDevObjectVersion: Number of dev versions registered: 13
LogDevObjectVersion:   Dev-Blueprints (B0D832E4-1F89-4F0D-ACCF-7EB736FD4AA2): 7
LogDevObjectVersion:   Dev-Build (E1C64328-A22C-4D53-A36C-8E866417BD8C): 0
LogDevObjectVersion:   Dev-Core (375EC13C-06E4-48FB-B500-84F0262A717E): 1
LogDevObjectVersion:   Dev-Editor (E4B068ED-F494-42E9-A231-DA0B2E46BB41): 8
LogDevObjectVersion:   Dev-Framework (CFFC743F-43B0-4480-9391-14DF171D2073): 17
LogDevObjectVersion:   Dev-Mobile (B02B49B5-BB20-44E9-A304-32B752E40360): 0
LogDevObjectVersion:   Dev-Networking (A4E4105C-59A1-49B5-A7C5-40C4547EDFEE): 0
LogDevObjectVersion:   Dev-Online (39C831C9-5AE6-47DC-9A44-9C173E1C8E7C): 0
LogDevObjectVersion:   Dev-Physics (78F01B33-EBEA-4F98-B9B4-84EACCB95AA2): 0
LogDevObjectVersion:   Dev-Platform (6631380F-2D4D-43E0-8009-CF276956A95A): 0
LogDevObjectVersion:   Dev-Rendering (12F88B9F-8875-4AFC-A67C-D90C383ABD29): 12
LogDevObjectVersion:   Dev-Sequencer (7B5AE74C-D270-4C10-A958-57980B212A5A): 1
LogDevObjectVersion:   Dev-VR (D7296918-1DD6-4BDD-9DE2-64A83CC13884): 0
LogInit: Compiled (64-bit): Jan  6 2017 10:49:43
LogInit: Compiled with Visual C++: 19.00.23026.00
LogInit: Build Configuration: Development
LogInit: Branch Name: ++UE4+Release-4.14
LogInit: Command line:  
LogInit: Base directory: C:/Program Files (x86)/Epic Games/4.14/Engine/Binaries/Win64/
LogInit: Installed Engine Build: 1
LogInit: Presizing for max 8388607 objects, including 0 objects not considered by GC, pre-allocating 0 bytes for permanent pool.
LogInit: Object subsystem initialized
[2017.01.21-23.59.20:279][  0]LogInit: Selected Device Profile: [Windows]
[2017.01.21-23.59.20:279][  0]LogInit: Applying CVar settings loaded from the selected device profile: [Windows]
[2017.01.21-23.59.20:289][  0]LogInit: Computer: DESKTOP-4RFDRHB
[2017.01.21-23.59.20:289][  0]LogInit: User: Moosca
[2017.01.21-23.59.20:289][  0]LogInit: CPU Page size=65536, Cores=4
[2017.01.21-23.59.20:289][  0]LogInit: High frequency timer resolution =2.435777 MHz
[2017.01.21-23.59.20:289][  0]LogMemory: Memory total: Physical=15.9GB (16GB approx)
[2017.01.21-23.59.20:289][  0]LogMemory: Platform Memory Stats for Windows
[2017.01.21-23.59.20:289][  0]LogMemory: Process Physical Memory: 263.47 MB used, 263.47 MB peak
[2017.01.21-23.59.20:290][  0]LogMemory: Process Virtual Memory: 262.72 MB used, 262.72 MB peak
[2017.01.21-23.59.20:290][  0]LogMemory: Physical Memory: 5258.56 MB used,  11001.64 MB free, 16260.21 MB total
[2017.01.21-23.59.20:290][  0]LogMemory: Virtual Memory: 676.42 MB used,  11001.64 MB free, 134217728.00 MB total
[2017.01.21-23.59.20:311][  0]LogTextLocalizationManager: No specific translations for ('en-US') exist, so ('en') translations will be used.
[2017.01.21-23.59.20:880][  0]LogD3D11RHI: D3D11 adapters:
[2017.01.21-23.59.20:891][  0]LogD3D11RHI:    0. 'AMD Radeon R9 M370X' (Feature Level 11_0)
[2017.01.21-23.59.20:891][  0]LogD3D11RHI:       2026/0/8130 MB DedicatedVideo/DedicatedSystem/SharedSystem, Outputs:1, VendorId:0x1002
[2017.01.21-23.59.20:892][  0]LogD3D11RHI:    1. 'Microsoft Basic Render Driver' (Feature Level 11_0)
[2017.01.21-23.59.20:892][  0]LogD3D11RHI:       0/0/8130 MB DedicatedVideo/DedicatedSystem/SharedSystem, Outputs:0, VendorId:0x1414
[2017.01.21-23.59.20:892][  0]LogD3D11RHI: Chosen D3D11 Adapter: 0
[2017.01.21-23.59.20:896][  0]LogD3D11RHI: Creating new Direct3DDevice
[2017.01.21-23.59.20:896][  0]LogD3D11RHI:     GPU DeviceId: 0x6821 (for the marketing name, search the web for "GPU Device Id")
[2017.01.21-23.59.20:896][  0]LogWindows: EnumDisplayDevices:
[2017.01.21-23.59.20:896][  0]LogWindows:    0. 'AMD Radeon R9 M370X' (P:1 D:1)
[2017.01.21-23.59.20:896][  0]LogWindows:    1. 'AMD Radeon R9 M370X' (P:0 D:0)
[2017.01.21-23.59.20:896][  0]LogWindows:    2. 'AMD Radeon R9 M370X' (P:0 D:0)
[2017.01.21-23.59.20:896][  0]LogWindows:    3. 'AMD Radeon R9 M370X' (P:0 D:0)
[2017.01.21-23.59.20:897][  0]LogWindows:    4. 'AMD Radeon R9 M370X' (P:0 D:0)
[2017.01.21-23.59.20:897][  0]LogWindows:    5. 'AMD Radeon R9 M370X' (P:0 D:0)
[2017.01.21-23.59.20:897][  0]LogWindows: DebugString: FoundDriverCount:6 
[2017.01.21-23.59.20:897][  0]LogD3D11RHI:     Adapter Name: AMD Radeon R9 M370X
[2017.01.21-23.59.20:897][  0]LogD3D11RHI:   Driver Version: 15.200.1060.0 (internal:15.200.1060.0, unified:15.200.1060.0)
[2017.01.21-23.59.20:897][  0]LogD3D11RHI:      Driver Date: 7-15-2015
[2017.01.21-23.59.20:897][  0]LogRHI: Texture pool is 1361 MB (70% of 1945 MB)
[2017.01.21-23.59.20:903][  0]LogD3D11RHI: Async texture creation enabled
[2017.01.21-23.59.20:917][  0]LogD3D11RHI: GPU Timing Frequency: 27.000000 (Debug: 2 1)
[2017.01.21-23.59.20:918][  0]LogShaderCompilers: Guid format shader working directory is -13 characters bigger than the processId version (../../../../../../Users/Moosca/Desktop/GGJ/GlobalGameJam2017/Intermediate/Shaders/WorkingDirectory/7392/).
[2017.01.21-23.59.20:918][  0]LogShaderCompilers: Cleaned the shader compiler working directory 'C:/Users/Moosca/AppData/Local/Temp/UnrealShaderWorkingDir/AC674ACC48CD001E4CF232B259344764/'.
[2017.01.21-23.59.20:918][  0]LogShaderCompilers:Display: Using Local Shader Compiler.
[2017.01.21-23.59.21:829][  0]LogTemp:Display: Loaded TP AllDesktopTargetPlatform
[2017.01.21-23.59.21:874][  0]LogTemp:Display: Loaded TP MacClientTargetPlatform
[2017.01.21-23.59.21:919][  0]LogTemp:Display: Loaded TP MacNoEditorTargetPlatform
[2017.01.21-23.59.21:964][  0]LogTemp:Display: Loaded TP MacServerTargetPlatform
[2017.01.21-23.59.22:009][  0]LogTemp:Display: Loaded TP MacTargetPlatform
[2017.01.21-23.59.22:055][  0]LogTemp:Display: Loaded TP WindowsClientTargetPlatform
[2017.01.21-23.59.22:101][  0]LogTemp:Display: Loaded TP WindowsNoEditorTargetPlatform
[2017.01.21-23.59.22:150][  0]LogTemp:Display: Loaded TP WindowsServerTargetPlatform
[2017.01.21-23.59.22:189][  0]LogTemp:Display: Loaded TP WindowsTargetPlatform
[2017.01.21-23.59.22:235][  0]LogTemp:Display: Loaded TP AndroidTargetPlatform
[2017.01.21-23.59.22:280][  0]LogTemp:Display: Loaded TP Android_ASTCTargetPlatform
[2017.01.21-23.59.22:325][  0]LogTemp:Display: Loaded TP Android_ATCTargetPlatform
[2017.01.21-23.59.22:369][  0]LogTemp:Display: Loaded TP Android_DXTTargetPlatform
[2017.01.21-23.59.22:414][  0]LogTemp:Display: Loaded TP Android_ETC1TargetPlatform
[2017.01.21-23.59.22:459][  0]LogTemp:Display: Loaded TP Android_ETC2TargetPlatform
[2017.01.21-23.59.22:548][  0]LogTemp:Display: Loaded TP Android_MultiTargetPlatform
[2017.01.21-23.59.22:548][  0]LogTemp:Display: Loaded TP Android_PVRTCTargetPlatform
[2017.01.21-23.59.22:578][  0]LogTemp:Display: Loaded TP HTML5TargetPlatform
[2017.01.21-23.59.22:660][  0]LogTemp:Display: Loaded TP IOSTargetPlatform
[2017.01.21-23.59.22:693][  0]LogTemp:Display: Loaded TP TVOSTargetPlatform
[2017.01.21-23.59.22:756][  0]LogTemp:Display: Loaded TP LinuxClientTargetPlatform
[2017.01.21-23.59.22:822][  0]LogTemp:Display: Loaded TP LinuxNoEditorTargetPlatform
[2017.01.21-23.59.22:879][  0]LogTemp:Display: Loaded TP LinuxServerTargetPlatform
[2017.01.21-23.59.22:923][  0]LogTemp:Display: Loaded TP LinuxTargetPlatform
[2017.01.21-23.59.22:923][  0]LogTargetPlatformManager:Display: Building Assets For Windows
[2017.01.21-23.59.23:248][  0]LogDerivedDataCache:Display: Max Cache Size: 512 MB
[2017.01.21-23.59.23:292][  0]LogDerivedDataCache: Loaded boot cache 0.04s 50MB C:/Users/Moosca/AppData/Local/UnrealEngine/4.14/DerivedDataCache/Boot.ddc.
[2017.01.21-23.59.23:292][  0]LogDerivedDataCache:Display: Loaded Boot cache: C:/Users/Moosca/AppData/Local/UnrealEngine/4.14/DerivedDataCache/Boot.ddc
[2017.01.21-23.59.23:293][  0]LogDerivedDataCache: FDerivedDataBackendGraph:  Pak pak cache file ../../../../../../Users/Moosca/Desktop/GGJ/GlobalGameJam2017/DerivedDataCache/DDC.ddp not found, will not use a pak cache.
[2017.01.21-23.59.23:293][  0]LogDerivedDataCache: Unable to find inner node Pak for hierarchical cache Hierarchy.
[2017.01.21-23.59.23:293][  0]LogDerivedDataCache: FDerivedDataBackendGraph:  CompressedPak pak cache file ../../../../../../Users/Moosca/Desktop/GGJ/GlobalGameJam2017/DerivedDataCache/Compressed.ddp not found, will not use a pak cache.
[2017.01.21-23.59.23:293][  0]LogDerivedDataCache: Unable to find inner node CompressedPak for hierarchical cache Hierarchy.
[2017.01.21-23.59.23:308][  0]LogDerivedDataCache:Display: Pak cache opened for reading ../../../Engine/DerivedDataCache/Compressed.ddp.
[2017.01.21-23.59.23:319][  0]LogDerivedDataCache: Using Local data cache path C:/Users/Moosca/AppData/Local/UnrealEngine/Common/DerivedDataCache: Writable
[2017.01.21-23.59.23:491][  0]LogInit: Selected Device Profile: [Windows]
[2017.01.21-23.59.23:493][  0]LogContentStreaming: Texture pool size is 0.00 MB
[2017.01.21-23.59.23:661][  0]LogMeshUtilities: Using QuadricMeshReduction for automatic static mesh reduction
[2017.01.21-23.59.23:695][  0]LogSimplygon: Simplygon DLL not present - disabling.
[2017.01.21-23.59.23:737][  0]LogMeshUtilities: Using SimplygonSwarm for distributed automatic mesh merging
[2017.01.21-23.59.23:737][  0]LogMeshUtilities: No automatic skeletal mesh reduction module available
[2017.01.21-23.59.23:737][  0]LogMeshUtilities: No automatic mesh merging module available
[2017.01.21-23.59.24:174][  0]LogNetVersion: GetLocalNetworkVersion: CL: 3195953, ProjectName: globalgamejam2017, ProjectVersion: , EngineNetworkVersion: 2, GameNetworkVersion: 0, NetworkChecksum: 3528608227
[2017.01.21-23.59.24:224][  0]LogAssetRegistry: FAssetRegistry took 0.0213 seconds to start up
[2017.01.21-23.59.24:268][  0]LogPackageLocalizationCache: Processed 3 localized package path(s) for 2 prioritized culture(s) in 0.021742 seconds
[2017.01.21-23.59.24:273][  0]LogUObjectArray: 31946 objects as part of root set at end of initial load.
[2017.01.21-23.59.24:273][  0]LogUObjectAllocator: 6935840 out of 0 bytes used by permanent object pool.
[2017.01.21-23.59.24:273][  0]LogUObjectArray: CloseDisregardForGC: 0/0 objects in disregard for GC pool
[2017.01.21-23.59.24:335][  0]LogInit: WinSock: version 1.1 (2.2), MaxSocks=32767, MaxUdp=65467
[2017.01.21-23.59.24:922][  0]LogSlate: Using Freetype 2.6.0
[2017.01.21-23.59.24:922][  0]LogSlate: SlateFontCache - WITH_FREETYPE: 1, WITH_HARFBUZZ: 1
[2017.01.21-23.59.24:922][  0]LogSlate: SlateFontCache - WITH_FREETYPE: 1, WITH_HARFBUZZ: 1
[2017.01.21-23.59.25:627][  0]LogTcpMessaging: Initializing TcpMessaging bridge
[2017.01.21-23.59.25:659][  0]LogUdpMessaging: Initializing bridge on interface 0.0.0.0:0 to multicast group 230.0.0.1:6666.
[2017.01.21-23.59.25:921][  0]LogMaterial: Uniform references updated for custom material expression Custom.
[2017.01.21-23.59.26:225][  0]SourceControl: Info Source control is disabled
[2017.01.21-23.59.27:632][  0]LogEngine: Initializing Engine...
[2017.01.21-23.59.27:633][  0]LogHMD: Failed to initialize OpenVR with code 110
[2017.01.21-23.59.27:843][  0]LogAIModule: Creating AISystem for world Untitled
[2017.01.21-23.59.27:851][  0]LogInit: XAudio2 using 'Speakers (Cirrus Logic CS4208 (AB 128))' : 4 channels at 48 kHz using 32 bits per sample (channel mask 0x33)
[2017.01.21-23.59.27:860][  0]LogInit: FAudioDevice initialized.
[2017.01.21-23.59.27:883][  0]LogDerivedDataCache: Saved boot cache 0.02s 50MB C:/Users/Moosca/AppData/Local/UnrealEngine/4.14/DerivedDataCache/Boot.ddc.
[2017.01.21-23.59.27:890][  0]LogInit: Texture streaming: Enabled
[2017.01.21-23.59.28:049][  0]LogInit: Transaction tracking system initialized
[2017.01.21-23.59.28:359][  0]BlueprintLog: New page: Editor Load
[2017.01.21-23.59.29:184][  0]LocalizationService: Info Localization service is disabled
[2017.01.21-23.59.29:751][  0]LogConsoleResponse:Display: 
[2017.01.21-23.59.29:876][  0]LogCook:Display: Max memory allowance for cook 16384mb min free memory 0mb
[2017.01.21-23.59.29:876][  0]LogCook:Display: Mobile HDR setting 1
[2017.01.21-23.59.30:721][  0]LogFileCache: Scanning file cache for directory 'C:/Users/Moosca/Desktop/GGJ/GlobalGameJam2017/Content/' took 0.01s
[2017.01.21-23.59.30:721][  0]Cmd: MAP LOAD FILE="../../../../../../Users/Moosca/Desktop/GGJ/GlobalGameJam2017/Content/TopDownBP/Maps/TopDownExampleMap.umap" TEMPLATE=0 SHOWPROGRESS=1 FEATURELEVEL=3
[2017.01.21-23.59.30:722][  0]LightingResults: New page: Lighting Build
[2017.01.21-23.59.30:753][  0]MapCheck: New page: Map Check
[2017.01.21-23.59.30:753][  0]LightingResults: New page: Lighting Build
[2017.01.21-23.59.31:134][  0]LogAIModule: Creating AISystem for world TopDownExampleMap
[2017.01.21-23.59.31:150][  0]LogEditorServer: Finished looking for orphan Actors (0.000 secs)
[2017.01.21-23.59.31:152][  0]Cmd: MAP CHECKDEP NOCLEARLOG
[2017.01.21-23.59.31:193][  0]MapCheck: Info Map check complete: 0 Error(s), 0 Warning(s), took 40.502ms to complete.
[2017.01.21-23.59.31:193][  0]LogFileHelpers: Loading map 'TopDownExampleMap' took 0.471
[2017.01.21-23.59.31:259][  0]LogWindowsTextInputMethodSystem:Display: IME system now deactivated.
[2017.01.21-23.59.31:338][  0]LogCollectionManager: Loaded 0 collections in 0.001893 seconds
[2017.01.21-23.59.31:407][  0]LogFileCache: Scanning file cache for directory 'C:/Users/Moosca/Desktop/GGJ/GlobalGameJam2017/Saved/Collections/' took 0.01s
[2017.01.21-23.59.31:407][  0]LogFileCache: Scanning file cache for directory 'C:/Users/Moosca/Desktop/GGJ/GlobalGameJam2017/Content/Developers/Moosca/Collections/' took 0.01s
[2017.01.21-23.59.31:407][  0]LogFileCache: Scanning file cache for directory 'C:/Users/Moosca/Desktop/GGJ/GlobalGameJam2017/Content/Collections/' took 0.01s
[2017.01.21-23.59.31:407][  0]LogCollectionManager: Rebuilt the GUID cache for 0 collections in 0.000001 seconds
[2017.01.21-23.59.31:415][  0]LogContentBrowser: Native class hierarchy populated in 0.0081 seconds. Added 2190 classes and 428 folders.
[2017.01.21-23.59.31:468][  0]LogStats: UGameplayTagsManager::ConstructGameplayTagTree: Construct from data asset -  0.000 s
[2017.01.21-23.59.31:468][  0]LogStats: UGameplayTagsManager::ConstructGameplayTagTree: GameplayTagTreeChangedEvent.Broadcast -  0.000 s
[2017.01.21-23.59.31:469][  0]LogContentBrowser: Native class hierarchy updated for 'GameplayTags' in 0.0007 seconds. Added 13 classes and 0 folders.
[2017.01.21-23.59.31:525][  0]LogContentBrowser: Native class hierarchy updated for 'WidgetCarousel' in 0.0005 seconds. Added 0 classes and 0 folders.
[2017.01.21-23.59.31:529][  0]LogContentBrowser: Native class hierarchy updated for 'AddContentDialog' in 0.0004 seconds. Added 0 classes and 0 folders.
[2017.01.21-23.59.31:564][  0]LogContentBrowser: Native class hierarchy updated for 'SceneOutliner' in 0.0005 seconds. Added 1 classes and 2 folders.
[2017.01.21-23.59.31:636][  0]LogCrashTracker: Crashtracker disabled due to settings.
[2017.01.21-23.59.31:641][  0]LogUObjectGlobals:Warning: Failed to find object 'Class None.'
[2017.01.21-23.59.31:697][  0]LogContentBrowser: Native class hierarchy updated for 'HierarchicalLODOutliner' in 0.0005 seconds. Added 1 classes and 2 folders.
[2017.01.21-23.59.31:698][  0]LogLoad: (Engine Initialization) Total time: 12.63 seconds
[2017.01.21-23.59.31:698][  0]LogLoad: (Engine Initialization) Total Blueprint compile time: 0.14 seconds
[2017.01.21-23.59.31:698][  0]LogExternalProfiler: Found external profiler: VSPerf
[2017.01.21-23.59.31:698][  0]LogExternalProfiler: Using external profiler: VSPerf
[2017.01.21-23.59.31:716][  0]LogOcInput: OculusInput pre-init called
[2017.01.21-23.59.31:735][  0]SourceControl: Info On branch CJ's-Work
[2017.01.21-23.59.31:735][  0]SourceControl: Info Changes not staged for commit:
[2017.01.21-23.59.31:736][  0]SourceControl: Info   (use "git add/rm <file>..." to update what will be committed)
[2017.01.21-23.59.31:736][  0]SourceControl: Info   (use "git checkout -- <file>..." to discard changes in working directory)
[2017.01.21-23.59.31:736][  0]SourceControl: Info 	modified:   GlobalGameJam2017/Intermediate/CachedAssetRegistry.bin
[2017.01.21-23.59.31:736][  0]SourceControl: Info 	modified:   GlobalGameJam2017/Saved/Config/Windows/Editor.ini
[2017.01.21-23.59.31:736][  0]SourceControl: Info 	modified:   GlobalGameJam2017/Saved/Config/Windows/Engine.ini
[2017.01.21-23.59.31:736][  0]SourceControl: Info 	deleted:    GlobalGameJam2017/Saved/Logs/GlobalGameJam2017-backup-2017.01.21-15.26.09.log
[2017.01.21-23.59.31:736][  0]SourceControl: Info 	modified:   GlobalGameJam2017/Saved/Logs/GlobalGameJam2017.log
[2017.01.21-23.59.31:736][  0]SourceControl: Info Untracked files:
[2017.01.21-23.59.31:736][  0]SourceControl: Info   (use "git add <file>..." to include in what will be committed)
[2017.01.21-23.59.31:736][  0]SourceControl: Info 	GlobalGameJam2017/Saved/Backup/KM_Test_1_2017-01-21-18-51-35.umap
[2017.01.21-23.59.31:736][  0]SourceControl: Info 	GlobalGameJam2017/Saved/Backup/TopDownCharacter_2017-01-21-18-30-41.uasset
[2017.01.21-23.59.31:736][  0]SourceControl: Info 	GlobalGameJam2017/Saved/Backup/TopDownCharacter_2017-01-21-18-39-47.uasset
[2017.01.21-23.59.31:736][  0]SourceControl: Info 	GlobalGameJam2017/Saved/Backup/scan_2017-01-21-18-43-08.uasset
[2017.01.21-23.59.31:736][  0]SourceControl: Info 	GlobalGameJam2017/Saved/Backup/scan_2017-01-21-18-51-35.uasset
[2017.01.21-23.59.31:736][  0]SourceControl: Info 	GlobalGameJam2017/Saved/Logs/GlobalGameJam2017-backup-2017.01.21-18.23.39.log
[2017.01.21-23.59.31:736][  0]SourceControl: Info 	GlobalGameJam2017/Saved/Logs/GlobalGameJam2017-backup-2017.01.21-18.59.20.log
[2017.01.21-23.59.31:736][  0]SourceControl: Info 	GlobalGameJam2017/Saved/Logs/GlobalGameJam2017_2-backup-2017.01.21-18.27.44.log
[2017.01.21-23.59.31:736][  0]SourceControl: Info 	GlobalGameJam2017/Saved/Logs/UE4CC-Windows-1F4CB54446F5DFA273C832B6FD75A782/
[2017.01.21-23.59.31:736][  0]SourceControl: Info 	GlobalGameJam2017/Saved/Logs/UE4CC-Windows-5E2D98C94F8E7E8D03B0A6B9ABC037CB/
[2017.01.21-23.59.31:736][  0]SourceControl: Info 	GlobalGameJam2017/Saved/Logs/UE4CC-Windows-B4456943408892D93C8D23AE84479508/
[2017.01.21-23.59.31:736][  0]SourceControl: Info 	GlobalGameJam2017/Saved/Logs/UE4CC-Windows-B4456943408892D93C8D23AE84479508_0000/
[2017.01.21-23.59.31:736][  0]SourceControl: Info no changes added to commit (use "git add" and/or "git commit -a")
[2017.01.21-23.59.31:736][  0]LogContentStreaming: Texture pool size now 1000 MB
[2017.01.21-23.59.31:855][  0]LogRenderer: Reallocating scene render targets to support 1208x652 NumSamples 1 (Frame:2).
[2017.01.21-23.59.32:181][  1]LogAssetRegistry: Asset discovery search completed in 7.9789 seconds
[2017.01.21-23.59.32:181][  1]LogCollectionManager: Rebuilt the object cache for 0 collections in 0.000000 seconds (found 0 objects)
[2017.01.21-23.59.32:181][  1]LogCollectionManager: Fixed up redirectors for 0 collections in 0.000018 seconds (updated 0 objects)
[2017.01.22-00.00.54:053][714]Cmd: OBJ SAVEPACKAGE PACKAGE="/Game/Levels/Level_1" FILE="../../../../../../Users/Moosca/Desktop/GGJ/GlobalGameJam2017/Content/Levels/Level_1.umap" SILENT=true AUTOSAVING=false KEEPDIRTY=false
[2017.01.22-00.00.54:071][714]LogSavePackage: Save=8.53ms
[2017.01.22-00.00.54:071][714]LogSavePackage: Moving '../../../../../../Users/Moosca/Desktop/GGJ/GlobalGameJam2017/Saved/Level_1DA647C6D455B1465AF6784ADFFEE2A5D.tmp' to '../../../../../../Users/Moosca/Desktop/GGJ/GlobalGameJam2017/Content/Levels/Level_1.umap'
[2017.01.22-00.00.54:074][714]LogSavePackage:Display: Finished SavePackage ../../../../../../Users/Moosca/Desktop/GGJ/GlobalGameJam2017/Content/Levels/Level_1.umap
[2017.01.22-00.00.54:181][714]LogFileHelpers: Saving map 'Level_1' took 0.166
[2017.01.22-00.00.54:183][714]Cmd: MAP LOAD FILE="../../../../../../Users/Moosca/Desktop/GGJ/GlobalGameJam2017/Content/Levels/Level_1.umap" TEMPLATE=0 SHOWPROGRESS=1 FEATURELEVEL=3
[2017.01.22-00.00.54:183][714]LightingResults: New page: Lighting Build
[2017.01.22-00.00.54:184][714]LoadErrors: New page: Loading map: Level_1.umap
[2017.01.22-00.00.54:185][714]MapCheck: New page: Map Check
[2017.01.22-00.00.54:185][714]LightingResults: New page: Lighting Build
[2017.01.22-00.00.54:226][714]LogEditorServer: Finished looking for orphan Actors (0.000 secs)
[2017.01.22-00.00.54:226][714]LogAIModule: Creating AISystem for world Level_1
[2017.01.22-00.00.54:263][714]Cmd: MAP CHECKDEP NOCLEARLOG
[2017.01.22-00.00.54:299][714]MapCheck: Info Map check complete: 0 Error(s), 0 Warning(s), took 35.915ms to complete.
[2017.01.22-00.00.54:300][714]LogFileHelpers: Loading map 'Level_1' took 0.118
[2017.01.22-00.01.07:963][519]Cmd: BRUSH ADD SELECTNEWBRUSH
[2017.01.22-00.02.09:910][ 29]LogTemp: Repeting last play command: Selected Viewport
[2017.01.22-00.02.09:925][ 29]LogPlayLevel: PlayLevel: No blueprints needed recompiling
[2017.01.22-00.02.09:926][ 29]PIE: New page: PIE session: Level_1 (Jan 21, 2017, 2:02:09 PM)
[2017.01.22-00.02.09:926][ 29]LogPlayLevel: Creating play world package: /Game/Levels/UEDPIE_0_Level_1
[2017.01.22-00.02.09:928][ 29]LogPlayLevel: PIE: StaticDuplicateObject took: (0.002308s)
[2017.01.22-00.02.09:929][ 29]LogAIModule: Creating AISystem for world Level_1
[2017.01.22-00.02.09:929][ 29]LogPlayLevel: PIE: World Init took: (0.000537s)
[2017.01.22-00.02.09:929][ 29]LogPlayLevel: PIE: Created PIE world by copying editor world from /Game/Levels/Level_1.Level_1 to /Game/Levels/UEDPIE_0_Level_1.Level_1 (0.003048s)
[2017.01.22-00.02.09:948][ 29]LogInit: XAudio2 using 'Speakers (Cirrus Logic CS4208 (AB 128))' : 4 channels at 48 kHz using 32 bits per sample (channel mask 0x33)
[2017.01.22-00.02.09:953][ 29]LogInit: FAudioDevice initialized.
[2017.01.22-00.02.09:999][ 29]LogLoad: Game class is 'TopDownGameMode_C'
[2017.01.22-00.02.10:001][ 29]LogWorld: Bringing World /Game/Levels/UEDPIE_0_Level_1.Level_1 up for play (max tick rate 60) at 2017.01.21-19.02.10
[2017.01.22-00.02.10:002][ 29]LogWorld: Bringing up level for play took: 0.001647
[2017.01.22-00.02.10:051][ 29]LogContentBrowser: Native class hierarchy updated for 'MovieSceneCapture' in 0.0007 seconds. Added 11 classes and 0 folders.
[2017.01.22-00.02.10:053][ 29]PIE: Info Play in editor start time for /Game/Levels/UEDPIE_0_Level_1 0.99
[2017.01.22-00.02.58:771][908]Cmd: CAMERA ALIGN ACTIVEVIEWPORTONLY
[2017.01.22-00.03.02:800][144]LogTemp: Repeting last play command: Selected Viewport
[2017.01.22-00.03.02:821][144]LogPlayLevel: PlayLevel: No blueprints needed recompiling
[2017.01.22-00.03.02:821][144]PIE: New page: PIE session: Level_1 (Jan 21, 2017, 2:03:02 PM)
[2017.01.22-00.03.02:821][144]LogPlayLevel: Creating play world package: /Game/Levels/UEDPIE_0_Level_1
[2017.01.22-00.03.02:824][144]LogPlayLevel: PIE: StaticDuplicateObject took: (0.003417s)
[2017.01.22-00.03.02:825][144]LogAIModule: Creating AISystem for world Level_1
[2017.01.22-00.03.02:825][144]LogPlayLevel: PIE: World Init took: (0.000705s)
[2017.01.22-00.03.02:825][144]LogPlayLevel: PIE: Created PIE world by copying editor world from /Game/Levels/Level_1.Level_1 to /Game/Levels/UEDPIE_0_Level_1.Level_1 (0.004435s)
[2017.01.22-00.03.02:846][144]LogInit: XAudio2 using 'Speakers (Cirrus Logic CS4208 (AB 128))' : 4 channels at 48 kHz using 32 bits per sample (channel mask 0x33)
[2017.01.22-00.03.02:853][144]LogInit: FAudioDevice initialized.
[2017.01.22-00.03.02:888][144]LogLoad: Game class is 'TopDownGameMode_C'
[2017.01.22-00.03.02:891][144]LogWorld: Bringing World /Game/Levels/UEDPIE_0_Level_1.Level_1 up for play (max tick rate 60) at 2017.01.21-19.03.02
[2017.01.22-00.03.02:891][144]LogWorld: Bringing up level for play took: 0.001754
[2017.01.22-00.03.02:893][144]PIE: Info Play in editor start time for /Game/Levels/UEDPIE_0_Level_1 -0.169
[2017.01.22-00.03.20:395][172]LogTemp: Repeting last play command: Selected Viewport
[2017.01.22-00.03.20:410][172]LogPlayLevel: PlayLevel: No blueprints needed recompiling
[2017.01.22-00.03.20:411][172]PIE: New page: PIE session: Level_1 (Jan 21, 2017, 2:03:20 PM)
[2017.01.22-00.03.20:411][172]LogPlayLevel: Creating play world package: /Game/Levels/UEDPIE_0_Level_1
[2017.01.22-00.03.20:413][172]LogPlayLevel: PIE: StaticDuplicateObject took: (0.002647s)
[2017.01.22-00.03.20:414][172]LogAIModule: Creating AISystem for world Level_1
[2017.01.22-00.03.20:414][172]LogPlayLevel: PIE: World Init took: (0.000532s)
[2017.01.22-00.03.20:414][172]LogPlayLevel: PIE: Created PIE world by copying editor world from /Game/Levels/Level_1.Level_1 to /Game/Levels/UEDPIE_0_Level_1.Level_1 (0.003424s)
[2017.01.22-00.03.20:436][172]LogInit: XAudio2 using 'Speakers (Cirrus Logic CS4208 (AB 128))' : 4 channels at 48 kHz using 32 bits per sample (channel mask 0x33)
[2017.01.22-00.03.20:442][172]LogInit: FAudioDevice initialized.
[2017.01.22-00.03.20:470][172]LogLoad: Game class is 'TopDownGameMode_C'
[2017.01.22-00.03.20:472][172]LogWorld: Bringing World /Game/Levels/UEDPIE_0_Level_1.Level_1 up for play (max tick rate 60) at 2017.01.21-19.03.20
[2017.01.22-00.03.20:472][172]LogWorld: Bringing up level for play took: 0.001226
[2017.01.22-00.03.20:473][172]PIE: Info Play in editor start time for /Game/Levels/UEDPIE_0_Level_1 -0.59
[2017.01.22-00.04.14:184][350]LogTemp: Repeting last play command: Selected Viewport
[2017.01.22-00.04.14:215][350]LogPlayLevel: PlayLevel: No blueprints needed recompiling
[2017.01.22-00.04.14:215][350]PIE: New page: PIE session: Level_1 (Jan 21, 2017, 2:04:14 PM)
[2017.01.22-00.04.14:216][350]LogPlayLevel: Creating play world package: /Game/Levels/UEDPIE_0_Level_1
[2017.01.22-00.04.14:220][350]LogPlayLevel: PIE: StaticDuplicateObject took: (0.004173s)
[2017.01.22-00.04.14:220][350]LogAIModule: Creating AISystem for world Level_1
[2017.01.22-00.04.14:220][350]LogPlayLevel: PIE: World Init took: (0.000620s)
[2017.01.22-00.04.14:221][350]LogPlayLevel: PIE: Created PIE world by copying editor world from /Game/Levels/Level_1.Level_1 to /Game/Levels/UEDPIE_0_Level_1.Level_1 (0.005070s)
[2017.01.22-00.04.14:244][350]LogInit: XAudio2 using 'Speakers (Cirrus Logic CS4208 (AB 128))' : 4 channels at 48 kHz using 32 bits per sample (channel mask 0x33)
[2017.01.22-00.04.14:252][350]LogInit: FAudioDevice initialized.
[2017.01.22-00.04.14:283][350]LogLoad: Game class is 'TopDownGameMode_C'
[2017.01.22-00.04.14:287][350]LogWorld: Bringing World /Game/Levels/UEDPIE_0_Level_1.Level_1 up for play (max tick rate 60) at 2017.01.21-19.04.14
[2017.01.22-00.04.14:287][350]LogWorld: Bringing up level for play took: 0.002313
[2017.01.22-00.04.14:288][350]PIE: Info Play in editor start time for /Game/Levels/UEDPIE_0_Level_1 -0.775
[2017.01.22-00.04.16:477][475]LogScript:Warning: Accessed None trying to read property Post Process Volume
	TopDownCharacter_C /Game/Levels/UEDPIE_0_Level_1.Level_1:PersistentLevel.TopDownCharacter_882
	Function /Game/TopDownBP/Blueprints/TopDownCharacter.TopDownCharacter_C:ExecuteUbergraph_TopDownCharacter:0527
[2017.01.22-00.04.16:477][475]PIE:Error: Error Blueprint Runtime Error: Accessed None trying to read property Post Process Volume from function: 'ExecuteUbergraph_TopDownCharacter' from node: Set bEnabled in graph: EventGraph in object: TopDownCharacter with description: Accessed None trying to read property Post Process Volume
[2017.01.22-00.04.19:473][644]LogScript:Warning: Accessed None trying to read property Post Process Volume
	TopDownCharacter_C /Game/Levels/UEDPIE_0_Level_1.Level_1:PersistentLevel.TopDownCharacter_882
	Function /Game/TopDownBP/Blueprints/TopDownCharacter.TopDownCharacter_C:ExecuteUbergraph_TopDownCharacter:001B
[2017.01.22-00.04.19:473][644]PIE:Error: Error Blueprint Runtime Error: Accessed None trying to read property Post Process Volume from function: 'ExecuteUbergraph_TopDownCharacter' from node: Set bEnabled in graph: EventGraph in object: TopDownCharacter with description: Accessed None trying to read property Post Process Volume
[2017.01.22-00.04.40:242][822]LogContentBrowser: Native class hierarchy updated for 'BlueprintGraph' in 0.0012 seconds. Added 111 classes and 0 folders.
[2017.01.22-00.05.24:650][276]BlueprintLog: New page: Compile TopDownCharacter
[2017.01.22-00.05.25:572][294]LogSavePackage: Save=52.16ms
[2017.01.22-00.05.25:572][294]LogSavePackage: Moving '../../../../../../Users/Moosca/Desktop/GGJ/GlobalGameJam2017/Saved/TopDownCharacterEAAA488044958363BFCD7883F8C91077.tmp' to '../../../../../../Users/Moosca/Desktop/GGJ/GlobalGameJam2017/Content/TopDownBP/Blueprints/TopDownCharacter.uasset'
[2017.01.22-00.05.25:575][294]LogSavePackage:Display: Finished SavePackage ../../../../../../Users/Moosca/Desktop/GGJ/GlobalGameJam2017/Content/TopDownBP/Blueprints/TopDownCharacter.uasset
[2017.01.22-00.06.33:926][346]BlueprintLog: New page: Compile TopDownCharacter
[2017.01.22-00.06.34:736][370]LogSavePackage: Save=51.75ms
[2017.01.22-00.06.34:736][370]LogSavePackage: Moving '../../../../../../Users/Moosca/Desktop/GGJ/GlobalGameJam2017/Saved/TopDownCharacterD3DB5F71440D0B247AC92B9104139AE9.tmp' to '../../../../../../Users/Moosca/Desktop/GGJ/GlobalGameJam2017/Content/TopDownBP/Blueprints/TopDownCharacter.uasset'
[2017.01.22-00.06.34:739][370]LogSavePackage:Display: Finished SavePackage ../../../../../../Users/Moosca/Desktop/GGJ/GlobalGameJam2017/Content/TopDownBP/Blueprints/TopDownCharacter.uasset
[2017.01.22-00.06.36:394][469]LogTemp: Repeting last play command: Selected Viewport
[2017.01.22-00.06.36:413][469]LogPlayLevel: PlayLevel: No blueprints needed recompiling
[2017.01.22-00.06.36:414][469]PIE: New page: PIE session: Level_1 (Jan 21, 2017, 2:06:36 PM)
[2017.01.22-00.06.36:414][469]LogPlayLevel: Creating play world package: /Game/Levels/UEDPIE_0_Level_1
[2017.01.22-00.06.36:417][469]LogPlayLevel: PIE: StaticDuplicateObject took: (0.003593s)
[2017.01.22-00.06.36:418][469]LogAIModule: Creating AISystem for world Level_1
[2017.01.22-00.06.36:418][469]LogPlayLevel: PIE: World Init took: (0.000530s)
[2017.01.22-00.06.36:418][469]LogPlayLevel: PIE: Created PIE world by copying editor world from /Game/Levels/Level_1.Level_1 to /Game/Levels/UEDPIE_0_Level_1.Level_1 (0.004346s)
[2017.01.22-00.06.36:436][469]LogInit: XAudio2 using 'Speakers (Cirrus Logic CS4208 (AB 128))' : 4 channels at 48 kHz using 32 bits per sample (channel mask 0x33)
[2017.01.22-00.06.36:442][469]LogInit: FAudioDevice initialized.
[2017.01.22-00.06.36:471][469]LogLoad: Game class is 'TopDownGameMode_C'
[2017.01.22-00.06.36:473][469]LogWorld: Bringing World /Game/Levels/UEDPIE_0_Level_1.Level_1 up for play (max tick rate 60) at 2017.01.21-19.06.36
[2017.01.22-00.06.36:473][469]LogWorld: Bringing up level for play took: 0.001424
[2017.01.22-00.06.36:474][469]PIE: Info Play in editor start time for /Game/Levels/UEDPIE_0_Level_1 -0.588
[2017.01.22-00.06.45:820][ 12]Cmd: OBJ SAVEPACKAGE PACKAGE="/Game/Levels/Level_1" FILE="../../../../../../Users/Moosca/Desktop/GGJ/GlobalGameJam2017/Content/Levels/Level_1.umap" SILENT=true AUTOSAVING=false KEEPDIRTY=false
[2017.01.22-00.06.45:869][ 12]LogSavePackage: Save=28.88ms
[2017.01.22-00.06.45:869][ 12]LogSavePackage: Moving '../../../../../../Users/Moosca/Desktop/GGJ/GlobalGameJam2017/Saved/Level_12DCD5D3A41B395F88F74C290BE5227CA.tmp' to '../../../../../../Users/Moosca/Desktop/GGJ/GlobalGameJam2017/Content/Levels/Level_1.umap'
[2017.01.22-00.06.45:871][ 12]LogSavePackage:Display: Finished SavePackage ../../../../../../Users/Moosca/Desktop/GGJ/GlobalGameJam2017/Content/Levels/Level_1.umap
[2017.01.22-00.06.50:550][285]SourceControl: Info fatal: C:/Program Files (x86)/Epic Games/4.14/Engine/Content/: 'C:/Program Files (x86)/Epic Games/4.14/Engine/Content/' is outside repository
[2017.01.22-00.06.50:628][285]LogPackageName:Error: Illegal call to DoesPackageExist: '../../../../../../Users/Moosca/Desktop/GGJ/GlobalGameJam2017/GlobalGameJam2017.uproject' is not a standard unreal filename or a long path name. Reason: Path should be no less than 4 characters long.
[2017.01.22-00.06.50:635][285]LogStats: FPlatformStackWalk::StackWalkAndDump -  0.007 s
[2017.01.22-00.06.50:636][285]LogOutputDevice:Error: === Handled ensure: ===
[2017.01.22-00.06.50:636][285]LogOutputDevice:Error: 
[2017.01.22-00.06.50:636][285]LogOutputDevice:Error: Ensure condition failed: false [File:D:\Build\++UE4+Release-4.14+Compile\Sync\Engine\Source\Runtime\CoreUObject\Private\Misc\PackageName.cpp] [Line: 624]
[2017.01.22-00.06.50:636][285]LogOutputDevice:Error: Illegal call to DoesPackageExist: '../../../../../../Users/Moosca/Desktop/GGJ/GlobalGameJam2017/GlobalGameJam2017.uproject' is not a standard unreal filename or a long path name. Reason: Path should be no less than 4 characters long.
[2017.01.22-00.06.50:636][285]LogOutputDevice:Error: Stack: 
[2017.01.22-00.06.50:636][285]LogOutputDevice:Error: UE4Editor-Core.dll
[2017.01.22-00.06.50:636][285]LogOutputDevice:Error: UE4Editor-Core.dll
[2017.01.22-00.06.50:636][285]LogOutputDevice:Error: UE4Editor-Core.dll
[2017.01.22-00.06.50:636][285]LogOutputDevice:Error: UE4Editor-CoreUObject.dll
[2017.01.22-00.06.50:636][285]LogOutputDevice:Error: UE4Editor-SourceControl.dll
[2017.01.22-00.06.50:636][285]LogOutputDevice:Error: UE4Editor-SourceControl.dll
[2017.01.22-00.06.50:636][285]LogOutputDevice:Error: UE4Editor-SourceControlWindows.dll
[2017.01.22-00.06.50:636][285]LogOutputDevice:Error: UE4Editor-SourceControlWindows.dll
[2017.01.22-00.06.50:636][285]LogOutputDevice:Error: UE4Editor-SourceControlWindows.dll
[2017.01.22-00.06.50:636][285]LogOutputDevice:Error: UE4Editor-SourceControlWindows.dll
[2017.01.22-00.06.50:636][285]LogOutputDevice:Error: UE4Editor-GitSourceControl.dll
[2017.01.22-00.06.50:636][285]LogOutputDevice:Error: UE4Editor-GitSourceControl.dll
[2017.01.22-00.06.50:636][285]LogOutputDevice:Error: UE4Editor-SourceControl.dll
[2017.01.22-00.06.50:636][285]LogOutputDevice:Error: UE4Editor-UnrealEd.dll
[2017.01.22-00.06.50:636][285]LogOutputDevice:Error: UE4Editor-UnrealEd.dll
[2017.01.22-00.06.50:636][285]LogOutputDevice:Error: UE4Editor.exe
[2017.01.22-00.06.50:636][285]LogOutputDevice:Error: UE4Editor.exe
[2017.01.22-00.06.50:636][285]LogOutputDevice:Error: UE4Editor.exe
[2017.01.22-00.06.50:636][285]LogOutputDevice:Error: UE4Editor.exe
[2017.01.22-00.06.50:636][285]LogOutputDevice:Error: UE4Editor.exe
[2017.01.22-00.06.50:636][285]LogOutputDevice:Error: KERNEL32.DLL
[2017.01.22-00.06.50:636][285]LogOutputDevice:Error: ntdll.dll
[2017.01.22-00.06.50:636][285]LogOutputDevice:Error: 
[2017.01.22-00.06.50:636][285]LogStats:                SubmitErrorReport -  0.000 s
[2017.01.22-00.06.50:786][285]LogStats:                    SendNewReport -  0.149 s
[2017.01.22-00.06.50:786][285]LogStats:             FDebug::EnsureFailed -  0.157 s
[2017.01.22-00.07.00:176][285]LogSourceControl: FGitCheckInWorker: commit successful
[2017.01.22-00.07.00:229][285]SourceControl: Info [CJ's-Work b7f2b86] Adding new level
[2017.01.22-00.07.00:229][285]SourceControl: Info  2 files changed, 0 insertions(+), 0 deletions(-)
[2017.01.22-00.07.00:229][285]SourceControl: Info  create mode 100644 GlobalGameJam2017/Content/Levels/Level_1.umap
[2017.01.22-00.07.00:229][285]SourceControl: Info  rewrite GlobalGameJam2017/Content/TopDownBP/Blueprints/TopDownCharacter.uasset (91%)
[2017.01.22-00.07.00:235][285]SourceControl: Info Commited [CJ's-Work b7f2b86] Adding new level.
[2017.01.22-00.07.03:911][473]LogMaterial: Missing cached shader map for material Material_0, compiling. 
[2017.01.22-00.07.03:984][474]LogMaterial: Missing cached shader map for material Material_1, compiling. 
[2017.01.22-00.07.04:036][475]LogMaterial: Missing cached shader map for material Material_2, compiling. 
[2017.01.22-00.07.04:081][476]LogMaterial: Missing cached shader map for material Material_3, compiling. 
[2017.01.22-00.07.51:882][253]BlueprintLog: New page: Compile UI_MainMenu
[2017.01.22-00.07.52:584][286]Cmd: OBJ SAVEPACKAGE PACKAGE="/Game/UI/UI_MainMenu" FILE="../../../../../../Users/Moosca/Desktop/GGJ/GlobalGameJam2017/Content/UI/UI_MainMenu.uasset" SILENT=true
[2017.01.22-00.07.52:609][286]LogSavePackage: Save=15.29ms
[2017.01.22-00.07.52:609][286]LogSavePackage: Moving '../../../../../../Users/Moosca/Desktop/GGJ/GlobalGameJam2017/Saved/UI_MainMenuDB64954D44A76D41C45914BBD0F12283.tmp' to '../../../../../../Users/Moosca/Desktop/GGJ/GlobalGameJam2017/Content/UI/UI_MainMenu.uasset'
[2017.01.22-00.07.52:612][286]LogSavePackage:Display: Finished SavePackage ../../../../../../Users/Moosca/Desktop/GGJ/GlobalGameJam2017/Content/UI/UI_MainMenu.uasset
[2017.01.22-00.14.29:987][ 65]LogUObjectHash:Warning: Ambiguous search, could be BlueprintGeneratedClass /Game/TopDownBP/Blueprints/Defaults/TopDownCharacter.SKEL_TopDownCharacter_C or BlueprintGeneratedClass /Game/TopDownBP/Blueprints/TopDownCharacter.SKEL_TopDownCharacter_C
[2017.01.22-00.14.29:987][ 65]LogUObjectHash:Warning: Ambiguous search, could be BlueprintGeneratedClass /Game/TopDownBP/Blueprints/Defaults/TopDownCharacter.TopDownCharacter_C or BlueprintGeneratedClass /Game/TopDownBP/Blueprints/TopDownCharacter.TopDownCharacter_C
[2017.01.22-00.14.31:396][147]LogUObjectHash:Warning: Ambiguous search, could be BlueprintGeneratedClass /Game/TopDownBP/Blueprints/Defaults/TopDownCharacter.SKEL_TopDownCharacter_C or BlueprintGeneratedClass /Game/TopDownBP/Blueprints/TopDownCharacter.SKEL_TopDownCharacter_C
[2017.01.22-00.14.31:396][147]LogUObjectHash:Warning: Ambiguous search, could be BlueprintGeneratedClass /Game/TopDownBP/Blueprints/Defaults/TopDownCharacter.TopDownCharacter_C or BlueprintGeneratedClass /Game/TopDownBP/Blueprints/TopDownCharacter.TopDownCharacter_C
[2017.01.22-00.16.53:921][671]BlueprintLog: New page: Collapse to Macro
[2017.01.22-00.17.48:101][913]BlueprintLog: New page: Compile Trap_Ping
[2017.01.22-00.17.48:112][913]LogBlueprint:Error: [Compiler Trap_Ping] Error This blueprint (self) is not a ActorComponent, therefore ' self ' must have a connection.
[2017.01.22-00.17.48:112][913]LogBlueprint:Error: [Compiler Trap_Ping] Error This blueprint (self) is not a ActorComponent, therefore ' self ' must have a connection.
[2017.01.22-00.17.48:283][913]BlueprintEditorCompileResults:Error: Error This blueprint (self) is not a ActorComponent, therefore ' self ' must have a connection.
[2017.01.22-00.17.48:283][913]BlueprintEditorCompileResults:Error: Error This blueprint (self) is not a ActorComponent, therefore ' self ' must have a connection.
[2017.01.22-00.17.48:283][913]LogBlueprint:Warning: [Compiler Trap_Ping] Warning [1109.21] Compile of Trap_Ping failed. 2 Fatal Issue(s) 0 Warning(s) [in 182 ms] (/Game/Blueprints/Gameplay/Trap_Ping.Trap_Ping)
[2017.01.22-00.18.09:687][194]BlueprintLog: New page: Compile Trap_Ping
[2017.01.22-00.18.10:554][237]Cmd: OBJ SAVEPACKAGE PACKAGE="/Game/Blueprints/Gameplay/Trap_Ping" FILE="../../../../../../Users/Moosca/Desktop/GGJ/GlobalGameJam2017/Content/Blueprints/Gameplay/Trap_Ping.uasset" SILENT=true
[2017.01.22-00.18.10:597][237]LogSavePackage: Save=23.10ms
[2017.01.22-00.18.10:597][237]LogSavePackage: Moving '../../../../../../Users/Moosca/Desktop/GGJ/GlobalGameJam2017/Saved/Trap_PingD5B5355F420391473F747A968553849B.tmp' to '../../../../../../Users/Moosca/Desktop/GGJ/GlobalGameJam2017/Content/Blueprints/Gameplay/Trap_Ping.uasset'
[2017.01.22-00.18.10:600][237]LogSavePackage:Display: Finished SavePackage ../../../../../../Users/Moosca/Desktop/GGJ/GlobalGameJam2017/Content/Blueprints/Gameplay/Trap_Ping.uasset
[2017.01.22-00.18.12:026][323]LogTemp: Repeting last play command: Selected Viewport
[2017.01.22-00.18.12:057][323]LogPlayLevel: PlayLevel: No blueprints needed recompiling
[2017.01.22-00.18.12:057][323]PIE: New page: PIE session: Level_1 (Jan 21, 2017, 2:18:12 PM)
[2017.01.22-00.18.12:057][323]LogPlayLevel: Creating play world package: /Game/Levels/UEDPIE_0_Level_1
[2017.01.22-00.18.12:060][323]LogPlayLevel: PIE: StaticDuplicateObject took: (0.003157s)
[2017.01.22-00.18.12:061][323]LogAIModule: Creating AISystem for world Level_1
[2017.01.22-00.18.12:061][323]LogPlayLevel: PIE: World Init took: (0.000546s)
[2017.01.22-00.18.12:061][323]LogPlayLevel: PIE: Created PIE world by copying editor world from /Game/Levels/Level_1.Level_1 to /Game/Levels/UEDPIE_0_Level_1.Level_1 (0.003966s)
[2017.01.22-00.18.12:081][323]LogInit: XAudio2 using 'Speakers (Cirrus Logic CS4208 (AB 128))' : 4 channels at 48 kHz using 32 bits per sample (channel mask 0x33)
[2017.01.22-00.18.12:087][323]LogInit: FAudioDevice initialized.
[2017.01.22-00.18.12:117][323]LogLoad: Game class is 'TopDownGameMode_C'
[2017.01.22-00.18.12:119][323]LogWorld: Bringing World /Game/Levels/UEDPIE_0_Level_1.Level_1 up for play (max tick rate 60) at 2017.01.21-19.18.12
[2017.01.22-00.18.12:119][323]LogWorld: Bringing up level for play took: 0.001877
[2017.01.22-00.18.12:121][323]PIE: Info Play in editor start time for /Game/Levels/UEDPIE_0_Level_1 1.058
[2017.01.22-00.18.25:207][ 85]SourceControl: Info fatal: C:/Program Files (x86)/Epic Games/4.14/Engine/Content/: 'C:/Program Files (x86)/Epic Games/4.14/Engine/Content/' is outside repository
[2017.01.22-00.18.25:277][ 85]LogPackageName:Error: Illegal call to DoesPackageExist: '../../../../../../Users/Moosca/Desktop/GGJ/GlobalGameJam2017/GlobalGameJam2017.uproject' is not a standard unreal filename or a long path name. Reason: Path should be no less than 4 characters long.
[2017.01.22-00.18.33:514][ 85]LogSourceControl: FGitCheckInWorker: commit successful
[2017.01.22-00.18.33:567][ 85]SourceControl: Info [CJ's-Work 38a20e7] Changed trap ping
[2017.01.22-00.18.33:567][ 85]SourceControl: Info  2 files changed, 0 insertions(+), 0 deletions(-)
[2017.01.22-00.18.33:567][ 85]SourceControl: Info  rewrite GlobalGameJam2017/Content/Blueprints/Gameplay/Trap_Ping.uasset (86%)
[2017.01.22-00.18.33:567][ 85]SourceControl: Info  rewrite GlobalGameJam2017/Content/UI/UI_MainMenu.uasset (66%)
[2017.01.22-00.18.33:572][ 85]SourceControl: Info Commited [CJ's-Work 38a20e7] Changed trap ping.
[2017.01.22-00.18.41:453][546]LogActorComponent: UnregisterComponent: (/Engine/Transient.EditorFloorComp) Not registered. Aborting.
[2017.01.22-00.18.41:508][546]LogActorComponent: UnregisterComponent: (/Engine/Transient.EditorFloorComp) Not registered. Aborting.
[2017.01.22-00.18.41:755][547]Cmd: QUIT_EDITOR
[2017.01.22-00.18.42:340][547]LogWindowsTextInputMethodSystem:Display: IME system now deactivated.
[2017.01.22-00.18.42:362][547]LogExit: Preparing to exit.
[2017.01.22-00.18.43:113][547]LogDirectoryWatcher: A directory notification for 'C:/Users/Moosca/Desktop/GGJ/GlobalGameJam2017/Content/' was aborted.
[2017.01.22-00.18.43:146][547]LogExit: Editor shut down
[2017.01.22-00.18.43:146][547]LogExit: Transaction tracking system shut down
[2017.01.22-00.18.43:244][547]LogObj: Freed 0b from 0 cluster array pools.
[2017.01.22-00.18.43:245][547]LogExit: Object subsystem successfully closed.
[2017.01.22-00.18.43:259][547]LogD3D11RHI: Shutdown
[2017.01.22-00.18.43:259][547]LogD3D11RHI: CleanupD3DDevice
[2017.01.22-00.18.43:436][547]LogD3D11RHI: ~FD3D11DynamicRHI
[2017.01.22-00.18.43:447][547]LogHttp:Display: Http module shutting down, but needs to wait on 1 outstanding Http requests:
[2017.01.22-00.18.43:447][547]LogHttp:Display: 	verb=[POST] url=[https://datarouter.ol.epicgames.com/datarouter/api/v1/public/data?SessionID=%7B2E19BF0E-4A8A-B6E7-8F28-92A3571423CC%7D&AppID=UEEditor.Rocket.Release&AppVersion=4.14.3-3249277%2B%2B%2BUE4%2BRelease-4.14&UserID=d61a571d40dc1f92a82a3f9b5e8065c4%7Cbba426a708364627893154e33c9080f9%7Cb3ca37ec-af5e-40cd-ad9a-bfe1fc4172c0&AppEnvironment=datacollector-binary&UploadType=eteventstream] status=Processing
[2017.01.22-00.18.43:453][547]LogModuleManager: Shutting down and abandoning module SequencerWidgets (245)
[2017.01.22-00.18.43:453][547]LogModuleManager: Shutting down and abandoning module BlueprintGraph (244)
[2017.01.22-00.18.43:453][547]LogModuleManager: Shutting down and abandoning module BlueprintProfiler (243)
[2017.01.22-00.18.43:453][547]LogModuleManager: Shutting down and abandoning module MovieSceneCapture (242)
[2017.01.22-00.18.43:453][547]LogModuleManager: Shutting down and abandoning module HierarchicalLODOutliner (241)
[2017.01.22-00.18.43:453][547]LogModuleManager: Shutting down and abandoning module CrashTracker (240)
[2017.01.22-00.18.43:453][547]LogModuleManager: Shutting down and abandoning module SceneOutliner (239)
[2017.01.22-00.18.43:453][547]LogModuleManager: Shutting down and abandoning module WidgetCarousel (238)
[2017.01.22-00.18.43:453][547]LogModuleManager: Shutting down and abandoning module AddContentDialog (237)
[2017.01.22-00.18.43:453][547]LogDirectoryWatcher: A directory notification for 'C:/Program Files (x86)/Epic Games/4.14/FeaturePacks/' was aborted.
[2017.01.22-00.18.43:453][547]LogModuleManager: Shutting down and abandoning module GameplayTags (236)
[2017.01.22-00.18.43:453][547]LogModuleManager: Shutting down and abandoning module EditorWidgets (235)
[2017.01.22-00.18.43:453][547]LogModuleManager: Shutting down and abandoning module CollectionManager (234)
[2017.01.22-00.18.43:453][547]LogDirectoryWatcher: A directory notification for 'C:/Users/Moosca/Desktop/GGJ/GlobalGameJam2017/Content/Collections/' was aborted.
[2017.01.22-00.18.43:453][547]LogDirectoryWatcher: A directory notification for 'C:/Users/Moosca/Desktop/GGJ/GlobalGameJam2017/Content/Developers/Moosca/Collections/' was aborted.
[2017.01.22-00.18.43:453][547]LogDirectoryWatcher: A directory notification for 'C:/Users/Moosca/Desktop/GGJ/GlobalGameJam2017/Saved/Collections/' was aborted.
[2017.01.22-00.18.43:453][547]LogModuleManager: Shutting down and abandoning module StatsViewer (233)
[2017.01.22-00.18.43:453][547]LogModuleManager: Shutting down and abandoning module FoliageEdit (232)
[2017.01.22-00.18.43:453][547]LogModuleManager: Shutting down and abandoning module LandscapeEditor (231)
[2017.01.22-00.18.43:453][547]LogModuleManager: Shutting down and abandoning module SceneDepthPickerMode (230)
[2017.01.22-00.18.43:453][547]LogModuleManager: Shutting down and abandoning module ActorPickerMode (229)
[2017.01.22-00.18.43:453][547]LogModuleManager: Shutting down and abandoning module GeometryMode (228)
[2017.01.22-00.18.43:453][547]LogModuleManager: Shutting down and abandoning module TextureAlignMode (227)
[2017.01.22-00.18.43:453][547]LogModuleManager: Shutting down and abandoning module BspMode (226)
[2017.01.22-00.18.43:453][547]LogModuleManager: Shutting down and abandoning module HardwareSurvey (225)
[2017.01.22-00.18.43:454][547]LogModuleManager: Shutting down and abandoning module SequenceRecorderSections (224)
[2017.01.22-00.18.43:454][547]LogModuleManager: Shutting down and abandoning module AutomationWorker (223)
[2017.01.22-00.18.43:454][547]LogModuleManager: Shutting down and abandoning module MatineeToLevelSequence (222)
[2017.01.22-00.18.43:454][547]LogModuleManager: Shutting down and abandoning module PlacementMode (221)
[2017.01.22-00.18.43:454][547]LogModuleManager: Shutting down and abandoning module LevelSequenceEditor (220)
[2017.01.22-00.18.43:454][547]LogModuleManager: Shutting down and abandoning module WmfMediaFactory (219)
[2017.01.22-00.18.43:454][547]LogModuleManager: Shutting down and abandoning module WmfMediaEditor (218)
[2017.01.22-00.18.43:454][547]LogModuleManager: Shutting down and abandoning module AvfMediaFactory (217)
[2017.01.22-00.18.43:454][547]LogModuleManager: Shutting down and abandoning module AvfMediaEditor (216)
[2017.01.22-00.18.43:454][547]LogModuleManager: Shutting down and abandoning module Media (215)
[2017.01.22-00.18.43:454][547]LogModuleManager: Shutting down and abandoning module AndroidMediaFactory (214)
[2017.01.22-00.18.43:454][547]LogModuleManager: Shutting down and abandoning module AndroidMediaEditor (213)
[2017.01.22-00.18.43:454][547]LogModuleManager: Shutting down and abandoning module CharacterAI (212)
[2017.01.22-00.18.43:454][547]LogModuleManager: Shutting down and abandoning module SequenceRecorder (211)
[2017.01.22-00.18.43:454][547]LogModuleManager: Shutting down and abandoning module AudioCapture (210)
[2017.01.22-00.18.43:454][547]LogModuleManager: Shutting down and abandoning module SmartSnapping (209)
[2017.01.22-00.18.43:454][547]LogModuleManager: Shutting down and abandoning module SessionServices (208)
[2017.01.22-00.18.43:454][547]LogModuleManager: Shutting down and abandoning module ViewportSnapping (207)
[2017.01.22-00.18.43:454][547]LogModuleManager: Shutting down and abandoning module ViewportInteraction (206)
[2017.01.22-00.18.43:454][547]LogModuleManager: Shutting down and abandoning module LogVisualizer (205)
[2017.01.22-00.18.43:454][547]LogModuleManager: Shutting down and abandoning module GameProjectGeneration (204)
[2017.01.22-00.18.43:454][547]LogModuleManager: Shutting down and abandoning module IntroTutorials (203)
[2017.01.22-00.18.43:454][547]LogModuleManager: Shutting down and abandoning module EditorLiveStreaming (202)
[2017.01.22-00.18.43:454][547]LogModuleManager: Shutting down and abandoning module IOSPlatformEditor (201)
[2017.01.22-00.18.43:454][547]LogModuleManager: Shutting down and abandoning module HTML5PlatformEditor (200)
[2017.01.22-00.18.43:454][547]LogModuleManager: Shutting down and abandoning module AndroidDeviceDetection (199)
[2017.01.22-00.18.43:809][547]LogModuleManager: Shutting down and abandoning module AndroidPlatformEditor (198)
[2017.01.22-00.18.43:809][547]LogModuleManager: Shutting down and abandoning module IOSRuntimeSettings (197)
[2017.01.22-00.18.43:809][547]LogModuleManager: Shutting down and abandoning module AndroidRuntimeSettings (196)
[2017.01.22-00.18.43:809][547]LogModuleManager: Shutting down and abandoning module InputBindingEditor (195)
[2017.01.22-00.18.43:809][547]LogModuleManager: Shutting down and abandoning module NiagaraEditor (194)
[2017.01.22-00.18.43:809][547]LogModuleManager: Shutting down and abandoning module MergeActors (193)
[2017.01.22-00.18.43:809][547]LogModuleManager: Shutting down and abandoning module SizeMap (192)
[2017.01.22-00.18.43:809][547]LogModuleManager: Shutting down and abandoning module TreeMap (191)
[2017.01.22-00.18.43:809][547]LogModuleManager: Shutting down and abandoning module ReferenceViewer (190)
[2017.01.22-00.18.43:809][547]LogModuleManager: Shutting down and abandoning module LocalizationService (189)
[2017.01.22-00.18.43:809][547]LogModuleManager: Shutting down and abandoning module LocalizationDashboard (188)
[2017.01.22-00.18.43:809][547]LogModuleManager: Shutting down and abandoning module HardwareTargeting (187)
[2017.01.22-00.18.43:809][547]LogModuleManager: Shutting down and abandoning module DeviceProfileEditor (186)
[2017.01.22-00.18.43:809][547]LogModuleManager: Shutting down and abandoning module UndoHistory (185)
[2017.01.22-00.18.43:809][547]LogModuleManager: Shutting down and abandoning module UserFeedback (184)
[2017.01.22-00.18.43:809][547]LogModuleManager: Shutting down and abandoning module XmlParser (183)
[2017.01.22-00.18.43:809][547]LogModuleManager: Shutting down and abandoning module Blutility (182)
[2017.01.22-00.18.43:809][547]LogModuleManager: Shutting down and abandoning module ProjectTargetPlatformEditor (181)
[2017.01.22-00.18.43:809][547]LogModuleManager: Shutting down and abandoning module ProjectSettingsViewer (180)
[2017.01.22-00.18.43:809][547]LogModuleManager: Shutting down and abandoning module EditorSettingsViewer (179)
[2017.01.22-00.18.43:809][547]LogModuleManager: Shutting down and abandoning module SettingsEditor (178)
[2017.01.22-00.18.43:809][547]LogModuleManager: Shutting down and abandoning module ProjectLauncher (177)
[2017.01.22-00.18.43:809][547]LogModuleManager: Shutting down and abandoning module SessionFrontend (176)
[2017.01.22-00.18.43:809][547]LogModuleManager: Shutting down and abandoning module ProfilerClient (175)
[2017.01.22-00.18.43:809][547]LogModuleManager: Shutting down and abandoning module TargetDeviceServices (174)
[2017.01.22-00.18.43:810][547]LogModuleManager: Shutting down and abandoning module DeviceManager (173)
[2017.01.22-00.18.43:862][547]LogModuleManager: Shutting down and abandoning module AutomationController (172)
[2017.01.22-00.18.43:862][547]LogModuleManager: Shutting down and abandoning module AutomationWindow (171)
[2017.01.22-00.18.43:862][547]LogModuleManager: Shutting down and abandoning module Layers (170)
[2017.01.22-00.18.43:862][547]LogModuleManager: Shutting down and abandoning module ComponentVisualizers (169)
[2017.01.22-00.18.43:862][547]LogModuleManager: Shutting down and abandoning module DetailCustomizations (168)
[2017.01.22-00.18.43:862][547]LogModuleManager: Shutting down and abandoning module PackagesDialog (167)
[2017.01.22-00.18.43:862][547]LogModuleManager: Shutting down and abandoning module AnimGraph (166)
[2017.01.22-00.18.43:862][547]LogModuleManager: Shutting down and abandoning module Persona (165)
[2017.01.22-00.18.43:862][547]LogModuleManager: Shutting down and abandoning module Kismet (164)
[2017.01.22-00.18.43:869][547]LogModuleManager: Shutting down and abandoning module GraphEditor (163)
[2017.01.22-00.18.43:869][547]LogModuleManager: Shutting down and abandoning module ClassViewer (162)
[2017.01.22-00.18.43:870][547]LogModuleManager: Shutting down and abandoning module Toolbox (161)
[2017.01.22-00.18.43:870][547]LogModuleManager: Shutting down and abandoning module ModuleUI (160)
[2017.01.22-00.18.43:870][547]LogModuleManager: Shutting down and abandoning module MovieSceneTools (159)
[2017.01.22-00.18.43:870][547]LogModuleManager: Shutting down and abandoning module OutputLog (158)
[2017.01.22-00.18.43:870][547]LogModuleManager: Shutting down and abandoning module GammaUI (157)
[2017.01.22-00.18.43:870][547]LogModuleManager: Shutting down and abandoning module Documentation (156)
[2017.01.22-00.18.43:870][547]LogModuleManager: Shutting down and abandoning module Niagara (155)
[2017.01.22-00.18.43:870][547]LogModuleManager: Shutting down and abandoning module StreamingPauseRendering (154)
[2017.01.22-00.18.43:870][547]LogModuleManager: Shutting down and abandoning module AnalyticsET (153)
[2017.01.22-00.18.43:870][547]LogModuleManager: Shutting down and abandoning module PortalServices (152)
[2017.01.22-00.18.43:870][547]LogModuleManager: Shutting down and abandoning module PortalRpc (151)
[2017.01.22-00.18.43:870][547]LogModuleManager: Shutting down and abandoning module MessagingRpc (150)
[2017.01.22-00.18.43:870][547]LogModuleManager: Shutting down and abandoning module GameplayDebugger (149)
[2017.01.22-00.18.43:870][547]LogModuleManager: Shutting down and abandoning module AITestSuite (148)
[2017.01.22-00.18.43:870][547]LogModuleManager: Shutting down and abandoning module AIModule (147)
[2017.01.22-00.18.43:870][547]LogModuleManager: Shutting down and abandoning module ProfilerService (146)
[2017.01.22-00.18.44:017][547]LogModuleManager: Shutting down and abandoning module TaskGraph (145)
[2017.01.22-00.18.44:017][547]LogModuleManager: Shutting down and abandoning module SlateRemote (144)
[2017.01.22-00.18.44:018][547]LogModuleManager: Shutting down and abandoning module SteamVRController (143)
[2017.01.22-00.18.44:018][547]LogModuleManager: Shutting down and abandoning module SteamVR (142)
[2017.01.22-00.18.44:018][547]LogModuleManager: Shutting down and abandoning module ProceduralMeshComponentEditor (141)
[2017.01.22-00.18.44:018][547]LogModuleManager: Shutting down and abandoning module ProceduralMeshComponent (140)
[2017.01.22-00.18.44:018][547]LogModuleManager: Shutting down and abandoning module OculusLibrary (139)
[2017.01.22-00.18.44:018][547]LogModuleManager: Shutting down and abandoning module OculusInput (138)
[2017.01.22-00.18.44:018][547]LogModuleManager: Shutting down and abandoning module MobilePatchingUtils (137)
[2017.01.22-00.18.44:018][547]LogModuleManager: Shutting down and abandoning module CustomMeshComponent (136)
[2017.01.22-00.18.44:018][547]LogModuleManager: Shutting down and abandoning module CableComponent (135)
[2017.01.22-00.18.44:018][547]LogModuleManager: Shutting down and abandoning module ArchVisCharacter (134)
[2017.01.22-00.18.44:018][547]LogModuleManager: Shutting down and abandoning module MediaPlayerEditor (132)
[2017.01.22-00.18.44:018][547]LogModuleManager: Shutting down and abandoning module HTML5Networking (131)
[2017.01.22-00.18.44:018][547]LogModuleManager: Shutting down and abandoning module GeometryCacheEd (130)
[2017.01.22-00.18.44:018][547]LogModuleManager: Shutting down and abandoning module GeometryCache (129)
[2017.01.22-00.18.44:018][547]LogModuleManager: Shutting down and abandoning module AlembicLibrary (128)
[2017.01.22-00.18.44:018][547]LogModuleManager: Shutting down and abandoning module AlembicImporter (127)
[2017.01.22-00.18.44:018][547]LogModuleManager: Shutting down and abandoning module SuperSearch (126)
[2017.01.22-00.18.44:018][547]LogModuleManager: Shutting down and abandoning module SuperSearchEditor (125)
[2017.01.22-00.18.44:018][547]LogModuleManager: Shutting down and abandoning module SpeedTreeImporter (124)
[2017.01.22-00.18.44:018][547]LogModuleManager: Shutting down and abandoning module PluginBrowser (123)
[2017.01.22-00.18.44:018][547]LogModuleManager: Shutting down and abandoning module MobileLauncherProfileWizard (122)
[2017.01.22-00.18.44:018][547]LogModuleManager: Shutting down and abandoning module EpicSurvey (121)
[2017.01.22-00.18.44:018][547]LogModuleManager: Shutting down and abandoning module DesktopPlatform (120)
[2017.01.22-00.18.44:018][547]LogModuleManager: Shutting down and abandoning module VisualStudioSourceCodeAccess (119)
[2017.01.22-00.18.44:018][547]LogModuleManager: Shutting down and abandoning module UObjectPlugin (118)
[2017.01.22-00.18.44:018][547]LogModuleManager: Shutting down and abandoning module SubversionSourceControl (117)
[2017.01.22-00.18.44:018][547]LogModuleManager: Shutting down and abandoning module PerforceSourceControl (116)
[2017.01.22-00.18.44:018][547]LogModuleManager: Shutting down and abandoning module SourceControl (115)
[2017.01.22-00.18.44:018][547]LogModuleManager: Shutting down and abandoning module GitSourceControl (114)
[2017.01.22-00.18.44:018][547]LogModuleManager: Shutting down and abandoning module LightPropagationVolumeEditor (113)
[2017.01.22-00.18.44:018][547]LogModuleManager: Shutting down and abandoning module PaperTiledImporter (112)
[2017.01.22-00.18.44:018][547]LogModuleManager: Shutting down and abandoning module PaperSpriteSheetImporter (111)
[2017.01.22-00.18.44:018][547]LogModuleManager: Shutting down and abandoning module MeshPaint (110)
[2017.01.22-00.18.44:018][547]LogModuleManager: Shutting down and abandoning module PixelInspectorModule (109)
[2017.01.22-00.18.44:018][547]LogModuleManager: Shutting down and abandoning module HotReload (108)
[2017.01.22-00.18.44:018][547]LogModuleManager: Shutting down and abandoning module MainFrame (107)
[2017.01.22-00.18.44:018][547]LogModuleManager: Shutting down and abandoning module LevelEditor (106)
[2017.01.22-00.18.44:019][547]LogModuleManager: Shutting down and abandoning module ContentBrowser (105)
[2017.01.22-00.18.44:020][547]LogModuleManager: Shutting down and abandoning module Paper2DEditor (104)
[2017.01.22-00.18.44:020][547]LogModuleManager: Shutting down and abandoning module UdpMessaging (103)
[2017.01.22-00.18.44:121][547]LogModuleManager: Shutting down and abandoning module TcpMessaging (102)
[2017.01.22-00.18.44:221][547]LogModuleManager: Shutting down and abandoning module LightPropagationVolumeRuntime (101)
[2017.01.22-00.18.44:221][547]LogModuleManager: Shutting down and abandoning module Paper2D (100)
[2017.01.22-00.18.44:221][547]LogModuleManager: Shutting down and abandoning module WindowsMoviePlayer (99)
[2017.01.22-00.18.44:221][547]LogModuleManager: Shutting down and abandoning module WmfMedia (98)
[2017.01.22-00.18.44:221][547]LogModuleManager: Shutting down and abandoning module MediaAssets (97)
[2017.01.22-00.18.44:221][547]LogModuleManager: Shutting down and abandoning module GameLiveStreaming (96)
[2017.01.22-00.18.44:221][547]LogModuleManager: Shutting down and abandoning module GameplayTagsEditor (95)
[2017.01.22-00.18.44:221][547]LogModuleManager: Shutting down and abandoning module VREditor (94)
[2017.01.22-00.18.44:221][547]LogModuleManager: Shutting down and abandoning module GameplayTasksEditor (93)
[2017.01.22-00.18.44:221][547]LogModuleManager: Shutting down and abandoning module BehaviorTreeEditor (92)
[2017.01.22-00.18.44:221][547]LogModuleManager: Shutting down and abandoning module FunctionalTesting (91)
[2017.01.22-00.18.44:221][547]LogModuleManager: Shutting down and abandoning module CollisionAnalyzer (90)
[2017.01.22-00.18.44:221][547]LogModuleManager: Shutting down and abandoning module Sequencer (89)
[2017.01.22-00.18.44:222][547]LogModuleManager: Shutting down and abandoning module WorkspaceMenuStructure (88)
[2017.01.22-00.18.44:222][547]LogModuleManager: Shutting down and abandoning module MessageLog (87)
[2017.01.22-00.18.44:222][547]LogModuleManager: Shutting down and abandoning module AssetTools (86)
[2017.01.22-00.18.44:222][547]LogModuleManager: Shutting down and abandoning module UMGEditor (85)
[2017.01.22-00.18.44:222][547]LogModuleManager: Shutting down and abandoning module UMG (84)
[2017.01.22-00.18.44:222][547]LogModuleManager: Shutting down and abandoning module SlateReflector (83)
[2017.01.22-00.18.44:222][547]LogModuleManager: Shutting down and abandoning module Slate (82)
[2017.01.22-00.18.44:222][547]LogModuleManager: Shutting down and abandoning module EditorStyle (81)
[2017.01.22-00.18.44:224][547]LogModuleManager: Shutting down and abandoning module SourceCodeAccess (80)
[2017.01.22-00.18.44:224][547]LogModuleManager: Shutting down and abandoning module HeadMountedDisplay (79)
[2017.01.22-00.18.44:224][547]LogModuleManager: Shutting down and abandoning module XAudio2 (78)
[2017.01.22-00.18.44:224][547]LogModuleManager: Shutting down and abandoning module Networking (76)
[2017.01.22-00.18.44:224][547]LogModuleManager: Shutting down and abandoning module Core (75)
[2017.01.22-00.18.44:224][547]LogModuleManager: Shutting down and abandoning module DirectoryWatcher (74)
[2017.01.22-00.18.44:224][547]LogDirectoryWatcher: A directory notification for '../../../Engine/Content/' was aborted.
[2017.01.22-00.18.44:224][547]LogDirectoryWatcher: A directory notification for '../../../../../../Users/Moosca/Desktop/GGJ/GlobalGameJam2017/Content/' was aborted.
[2017.01.22-00.18.44:224][547]LogDirectoryWatcher: A directory notification for '../../../Engine/Plugins/2D/Paper2D/Content/' was aborted.
[2017.01.22-00.18.44:224][547]LogModuleManager: Shutting down and abandoning module AssetRegistry (73)
[2017.01.22-00.18.44:425][547]LogModuleManager: Shutting down and abandoning module KismetCompiler (72)
[2017.01.22-00.18.44:425][547]LogModuleManager: Shutting down and abandoning module PhysXFormats (71)
[2017.01.22-00.18.44:425][547]LogModuleManager: Shutting down and abandoning module SimplygonSwarm (70)
[2017.01.22-00.18.44:425][547]LogModuleManager: Shutting down and abandoning module SimplygonMeshReduction (69)
[2017.01.22-00.18.44:425][547]LogModuleManager: Shutting down and abandoning module QuadricMeshReduction (68)
[2017.01.22-00.18.44:425][547]LogModuleManager: Shutting down and abandoning module PropertyEditor (67)
[2017.01.22-00.18.44:425][547]LogModuleManager: Shutting down and abandoning module MeshUtilities (66)
[2017.01.22-00.18.44:425][547]LogModuleManager: Shutting down and abandoning module DerivedDataCache (65)
[2017.01.22-00.18.44:440][547]LogDerivedDataCache: Shutdown
[2017.01.22-00.18.44:440][547]LogModuleManager: Shutting down and abandoning module VulkanShaderFormat (64)
[2017.01.22-00.18.44:440][547]LogModuleManager: Shutting down and abandoning module ShaderFormatOpenGL (63)
[2017.01.22-00.18.44:440][547]LogModuleManager: Shutting down and abandoning module ShaderFormatD3D (62)
[2017.01.22-00.18.44:440][547]LogModuleManager: Shutting down and abandoning module MetalShaderFormat (61)
[2017.01.22-00.18.44:440][547]LogModuleManager: Shutting down and abandoning module TextureFormatUncompressed (60)
[2017.01.22-00.18.44:440][547]LogModuleManager: Shutting down and abandoning module TextureFormatPVR (59)
[2017.01.22-00.18.44:440][547]LogModuleManager: Shutting down and abandoning module TextureFormatDXT (58)
[2017.01.22-00.18.44:440][547]LogModuleManager: Shutting down and abandoning module TextureFormatIntelISPCTexComp (57)
[2017.01.22-00.18.44:440][547]LogModuleManager: Shutting down and abandoning module ImageWrapper (56)
[2017.01.22-00.18.44:440][547]LogModuleManager: Shutting down and abandoning module TextureFormatASTC (55)
[2017.01.22-00.18.44:440][547]LogModuleManager: Shutting down and abandoning module TextureFormatAndroid (54)
[2017.01.22-00.18.44:440][547]LogModuleManager: Shutting down and abandoning module AudioFormatOpus (53)
[2017.01.22-00.18.44:440][547]LogModuleManager: Shutting down and abandoning module AudioFormatOgg (52)
[2017.01.22-00.18.44:440][547]LogModuleManager: Shutting down and abandoning module AudioFormatADPCM (51)
[2017.01.22-00.18.44:440][547]LogModuleManager: Shutting down and abandoning module LinuxTargetPlatform (50)
[2017.01.22-00.18.44:440][547]LogModuleManager: Shutting down and abandoning module LinuxServerTargetPlatform (49)
[2017.01.22-00.18.44:440][547]LogModuleManager: Shutting down and abandoning module LinuxNoEditorTargetPlatform (48)
[2017.01.22-00.18.44:440][547]LogModuleManager: Shutting down and abandoning module LinuxClientTargetPlatform (47)
[2017.01.22-00.18.44:440][547]LogModuleManager: Shutting down and abandoning module TVOSTargetPlatform (46)
[2017.01.22-00.18.44:440][547]LogModuleManager: Shutting down and abandoning module Messaging (45)
[2017.01.22-00.18.44:440][547]LogModuleManager: Shutting down and abandoning module IOSTargetPlatform (44)
[2017.01.22-00.18.44:440][547]LogModuleManager: Shutting down and abandoning module HTML5TargetPlatform (43)
[2017.01.22-00.18.44:440][547]LogModuleManager: Shutting down and abandoning module Android_PVRTCTargetPlatform (42)
[2017.01.22-00.18.44:440][547]LogModuleManager: Shutting down and abandoning module Android_MultiTargetPlatform (41)
[2017.01.22-00.18.44:440][547]LogModuleManager: Shutting down and abandoning module Android_ETC2TargetPlatform (40)
[2017.01.22-00.18.44:440][547]LogModuleManager: Shutting down and abandoning module Android_ETC1TargetPlatform (39)
[2017.01.22-00.18.44:440][547]LogModuleManager: Shutting down and abandoning module Android_DXTTargetPlatform (38)
[2017.01.22-00.18.44:440][547]LogModuleManager: Shutting down and abandoning module Android_ATCTargetPlatform (37)
[2017.01.22-00.18.44:440][547]LogModuleManager: Shutting down and abandoning module Android_ASTCTargetPlatform (36)
[2017.01.22-00.18.44:440][547]LogModuleManager: Shutting down and abandoning module AndroidTargetPlatform (35)
[2017.01.22-00.18.44:440][547]LogModuleManager: Shutting down and abandoning module WindowsTargetPlatform (34)
[2017.01.22-00.18.44:440][547]LogModuleManager: Shutting down and abandoning module WindowsServerTargetPlatform (33)
[2017.01.22-00.18.44:440][547]LogModuleManager: Shutting down and abandoning module WindowsNoEditorTargetPlatform (32)
[2017.01.22-00.18.44:440][547]LogModuleManager: Shutting down and abandoning module WindowsClientTargetPlatform (31)
[2017.01.22-00.18.44:440][547]LogModuleManager: Shutting down and abandoning module MacTargetPlatform (30)
[2017.01.22-00.18.44:440][547]LogModuleManager: Shutting down and abandoning module MacServerTargetPlatform (29)
[2017.01.22-00.18.44:440][547]LogModuleManager: Shutting down and abandoning module MacNoEditorTargetPlatform (28)
[2017.01.22-00.18.44:440][547]LogModuleManager: Shutting down and abandoning module MacClientTargetPlatform (27)
[2017.01.22-00.18.44:440][547]LogModuleManager: Shutting down and abandoning module AllDesktopTargetPlatform (26)
[2017.01.22-00.18.44:440][547]LogModuleManager: Shutting down and abandoning module TargetPlatform (25)
[2017.01.22-00.18.44:440][547]LogModuleManager: Shutting down and abandoning module InputCore (24)
[2017.01.22-00.18.44:440][547]LogModuleManager: Shutting down and abandoning module Settings (23)
[2017.01.22-00.18.44:440][547]LogModuleManager: Shutting down and abandoning module OculusRift (22)
[2017.01.22-00.18.44:441][547]LogModuleManager: Shutting down and abandoning module ExampleDeviceProfileSelector (21)
[2017.01.22-00.18.44:441][547]LogModuleManager: Shutting down and abandoning module OnlineBlueprintSupport (20)
[2017.01.22-00.18.44:441][547]LogModuleManager: Shutting down and abandoning module OnlineSubsystem (18)
[2017.01.22-00.18.44:441][547]LogOnline:Display: Unloading online subsystem: NULL
[2017.01.22-00.18.44:441][547]LogModuleManager: Shutting down and abandoning module SSL (17)
[2017.01.22-00.18.44:442][547]LogModuleManager: Shutting down and abandoning module HTTP (16)
[2017.01.22-00.18.44:442][547]LogModuleManager: Shutting down and abandoning module XMPP (15)
[2017.01.22-00.18.44:442][547]LogModuleManager: Shutting down and abandoning module TextureCompressor (14)
[2017.01.22-00.18.44:442][547]LogModuleManager: Shutting down and abandoning module ShaderCore (13)
[2017.01.22-00.18.44:442][547]LogModuleManager: Shutting down and abandoning module Landscape (12)
[2017.01.22-00.18.44:442][547]LogModuleManager: Shutting down and abandoning module SlateRHIRenderer (11)
[2017.01.22-00.18.44:445][547]LogModuleManager: Shutting down and abandoning module OpenGLDrv (10)
[2017.01.22-00.18.44:445][547]LogModuleManager: Shutting down and abandoning module D3D11RHI (9)
[2017.01.22-00.18.44:445][547]LogModuleManager: Shutting down and abandoning module AnimGraphRuntime (8)
[2017.01.22-00.18.44:445][547]LogModuleManager: Shutting down and abandoning module Renderer (7)
[2017.01.22-00.18.44:445][547]LogModuleManager: Shutting down and abandoning module Engine (6)
[2017.01.22-00.18.44:445][547]LogModuleManager: Shutting down and abandoning module CoreUObject (5)
[2017.01.22-00.18.44:445][547]LogModuleManager: Shutting down and abandoning module NetworkFile (4)
[2017.01.22-00.18.44:445][547]LogModuleManager: Shutting down and abandoning module StreamingFile (3)
[2017.01.22-00.18.44:445][547]LogModuleManager: Shutting down and abandoning module SandboxFile (2)
[2017.01.22-00.18.44:445][547]LogModuleManager: Shutting down and abandoning module PakFile (1)
[2017.01.22-00.18.44:446][547]LogExit: Exiting.
[2017.01.22-00.18.44:461][547]Log file closed, 01/21/17 19:18:44
